#
# There is insufficient memory for the Java Runtime Environment to continue.
# Native memory allocation (malloc) failed to allocate 1036256 bytes for Chunk::new
# Possible reasons:
#   The system is out of physical RAM or swap space
#   The process is running with CompressedOops enabled, and the Java Heap may be blocking the growth of the native heap
# Possible solutions:
#   Reduce memory load on the system
#   Increase physical memory or swap space
#   Check if swap backing store is full
#   Decrease Java heap size (-Xmx/-Xms)
#   Decrease number of Java threads
#   Decrease Java thread stack sizes (-Xss)
#   Set larger code cache with -XX:ReservedCodeCacheSize=
#   JVM is running with Unscaled Compressed Oops mode in which the Java heap is
#     placed in the first 4GB address space. The Java Heap base address is the
#     maximum limit for the native heap growth. Please use -XX:HeapBaseMinAddress
#     to set the Java Heap base and to place the Java Heap above 4GB virtual address.
# This output file may be truncated or incomplete.
#
#  Out of Memory Error (allocation.cpp:389), pid=4596, tid=0x0000000000002408
#
# JRE version: OpenJDK Runtime Environment (8.0_212-b04) (build 1.8.0_212-release-1586-b04)
# Java VM: OpenJDK 64-Bit Server VM (25.212-b04 mixed mode windows-amd64 compressed oops)
# Failed to write core dump. Minidumps are not enabled by default on client versions of Windows
#

---------------  T H R E A D  ---------------

Current thread (0x000000001608e000):  JavaThread "C2 CompilerThread1" daemon [_thread_in_native, id=9224, stack(0x0000000017800000,0x0000000017900000)]

Stack: [0x0000000017800000,0x0000000017900000]
[error occurred during error reporting (printing stack bounds), id 0xc0000005]

Native frames: (J=compiled Java code, j=interpreted, Vv=VM code, C=native code)


Current CompileTask:
C2:   6312 3253       4       org.objectweb.asm.Frame::execute (2318 bytes)


---------------  P R O C E S S  ---------------

Java Threads: ( => current thread )
  0x000000001a55d800 JavaThread "Build operations Thread 4" [_thread_blocked, id=3016, stack(0x00000000218e0000,0x00000000219e0000)]
  0x000000001a564000 JavaThread "Build operations Thread 3" [_thread_blocked, id=8552, stack(0x00000000217e0000,0x00000000218e0000)]
  0x000000001a562000 JavaThread "Build operations Thread 2" [_thread_blocked, id=16224, stack(0x00000000216e0000,0x00000000217e0000)]
  0x000000001a563800 JavaThread "Build operations" [_thread_blocked, id=1924, stack(0x00000000215e0000,0x00000000216e0000)]
  0x000000001a562800 JavaThread "Cache worker for execution history cache (C:\Users\Sajithan\.gradle\caches\5.6.4\executionHistory)" [_thread_blocked, id=7424, stack(0x000000001fe30000,0x000000001ff30000)]
  0x000000001a55c800 JavaThread "Cache worker for cache directory md-rule (C:\Users\Sajithan\.gradle\caches\5.6.4\md-rule)" [_thread_blocked, id=14664, stack(0x000000001e8a0000,0x000000001e9a0000)]
  0x000000001a55f800 JavaThread "Cache worker for cache directory md-supplier (C:\Users\Sajithan\.gradle\caches\5.6.4\md-supplier)" [_thread_blocked, id=3852, stack(0x000000001e3c0000,0x000000001e4c0000)]
  0x0000000019571000 JavaThread "Cache worker for file hash cache (C:\Users\Sajithan\AndroidStudioProjects\examples\lite\examples\object_detection\SajiiVideoRentingShop\.gradle\5.6.4\fileHashes)" [_thread_blocked, id=14088, stack(0x000000001e5a0000,0x000000001e6a0000)]
  0x0000000019570800 JavaThread "Cache worker for journal cache (C:\Users\Sajithan\.gradle\caches\journal-1)" [_thread_blocked, id=9520, stack(0x000000001be20000,0x000000001bf20000)]
  0x000000001956d800 JavaThread "File lock request listener" [_thread_in_native, id=12316, stack(0x000000001bd20000,0x000000001be20000)]
  0x0000000019572800 JavaThread "Cache worker for file hash cache (C:\Users\Sajithan\.gradle\caches\5.6.4\fileHashes)" [_thread_blocked, id=4860, stack(0x000000001bc20000,0x000000001bd20000)]
  0x0000000019af2000 JavaThread "Thread-9" [_thread_blocked, id=7864, stack(0x000000001b920000,0x000000001ba20000)]
  0x0000000019ad5000 JavaThread "Stdin handler" [_thread_blocked, id=2080, stack(0x000000001b820000,0x000000001b920000)]
  0x0000000019ad2800 JavaThread "Asynchronous log dispatcher for DefaultDaemonConnection: socket connection from /127.0.0.1:64818 to /127.0.0.1:64819" [_thread_blocked, id=15124, stack(0x000000001b720000,0x000000001b820000)]
  0x0000000019ad6800 JavaThread "Daemon worker" [_thread_in_native, id=13392, stack(0x000000001b620000,0x000000001b720000)]
  0x0000000019ac5000 JavaThread "Cancel handler" [_thread_blocked, id=12640, stack(0x000000001b520000,0x000000001b620000)]
  0x0000000019aaf800 JavaThread "Handler for socket connection from /127.0.0.1:64818 to /127.0.0.1:64819" [_thread_in_native, id=13632, stack(0x000000001b220000,0x000000001b320000)]
  0x0000000019aa7000 JavaThread "Daemon" [_thread_blocked, id=12744, stack(0x000000001b120000,0x000000001b220000)]
  0x0000000019a8b800 JavaThread "Daemon periodic checks" [_thread_blocked, id=15712, stack(0x000000001b020000,0x000000001b120000)]
  0x0000000019a24800 JavaThread "Incoming local TCP Connector on port 64818" [_thread_in_native, id=7416, stack(0x000000001ade0000,0x000000001aee0000)]
  0x0000000017cb3800 JavaThread "Daemon health stats" [_thread_blocked, id=16048, stack(0x000000001a7a0000,0x000000001a8a0000)]
  0x0000000017a30800 JavaThread "Service Thread" daemon [_thread_blocked, id=4580, stack(0x0000000017e00000,0x0000000017f00000)]
  0x000000001609c800 JavaThread "C1 CompilerThread2" daemon [_thread_blocked, id=2928, stack(0x0000000017900000,0x0000000017a00000)]
=>0x000000001608e000 JavaThread "C2 CompilerThread1" daemon [_thread_in_native, id=9224, stack(0x0000000017800000,0x0000000017900000)]
  0x000000001608a000 JavaThread "C2 CompilerThread0" daemon [_thread_in_native, id=13524, stack(0x0000000017700000,0x0000000017800000)]
  0x0000000016098000 JavaThread "Attach Listener" daemon [_thread_blocked, id=11148, stack(0x0000000017600000,0x0000000017700000)]
  0x0000000016096800 JavaThread "Signal Dispatcher" daemon [_thread_blocked, id=14340, stack(0x0000000017500000,0x0000000017600000)]
  0x000000000271b800 JavaThread "Finalizer" daemon [_thread_blocked, id=14772, stack(0x0000000017300000,0x0000000017400000)]
  0x0000000016079000 JavaThread "Reference Handler" daemon [_thread_blocked, id=6156, stack(0x0000000017200000,0x0000000017300000)]
  0x0000000002622800 JavaThread "main" [_thread_blocked, id=15860, stack(0x0000000002520000,0x0000000002620000)]

Other Threads:
  0x0000000016055800 VMThread [stack: 0x0000000017100000,0x0000000017200000] [id=11256]
  0x00000000160e9800 WatcherThread [stack: 0x0000000017f00000,0x0000000018000000] [id=14628]

VM state:not at safepoint (normal execution)

VM Mutex/Monitor currently owned by a thread: None

heap address: 0x00000000a0000000, size: 1536 MB, Compressed Oops mode: 32-bit
Narrow klass base: 0x0000000000000000, Narrow klass shift: 3
Compressed class space size: 1073741824 Address: 0x0000000100000000

Heap:
 PSYoungGen      total 114176K, used 6197K [0x00000000e0000000, 0x00000000e7e00000, 0x0000000100000000)
  eden space 102400K, 6% used [0x00000000e0000000,0x00000000e060d7d0,0x00000000e6400000)
  from space 11776K, 0% used [0x00000000e6400000,0x00000000e6400000,0x00000000e6f80000)
  to   space 11264K, 0% used [0x00000000e6f80000,0x00000000e6f80000,0x00000000e7a80000)
 ParOldGen       total 92672K, used 17151K [0x00000000a0000000, 0x00000000a5a80000, 0x00000000e0000000)
  object space 92672K, 18% used [0x00000000a0000000,0x00000000a10bfc80,0x00000000a5a80000)
 Metaspace       used 34880K, capacity 35686K, committed 35880K, reserved 1079296K
  class space    used 4807K, capacity 5040K, committed 5160K, reserved 1048576K

Card table byte_map: [0x0000000011ae0000,0x0000000011df0000] byte_map_base: 0x00000000115e0000

Marking Bits: (ParMarkBitMap*) 0x000000005df89f30
 Begin Bits: [0x00000000123f0000, 0x0000000013bf0000)
 End Bits:   [0x0000000013bf0000, 0x00000000153f0000)

Polling page: 0x0000000000750000

CodeCache: size=245760Kb used=10922Kb max_used=11436Kb free=234837Kb
 bounds [0x0000000002720000, 0x0000000003250000, 0x0000000011720000]
 total_blobs=3770 nmethods=3069 adapters=614
 compilation: enabled

Compilation events (10 events):
Event: 6.228 Thread 0x000000001609c800 3283       3       java.lang.ThreadLocal::setInitialValue (36 bytes)
Event: 6.228 Thread 0x000000001609c800 nmethod 3283 0x000000000298fa90 code [0x000000000298fc40, 0x00000000029900f8]
Event: 6.228 Thread 0x000000001609c800 3288       1       org.gradle.internal.logging.events.ProgressStartEvent::getBuildOperationCategory (5 bytes)
Event: 6.229 Thread 0x000000001609c800 nmethod 3288 0x0000000002c33210 code [0x0000000002c33360, 0x0000000002c33470]
Event: 6.229 Thread 0x000000001609c800 3294       1       org.gradle.internal.instantiation.AbstractClassGenerator$GeneratedClassImpl::getOuterType (5 bytes)
Event: 6.229 Thread 0x000000001609c800 nmethod 3294 0x00000000028bb710 code [0x00000000028bb860, 0x00000000028bb970]
Event: 6.229 Thread 0x000000001609c800 3296       3       sun.reflect.Reflection::isSubclassOf (21 bytes)
Event: 6.229 Thread 0x000000001609c800 nmethod 3296 0x000000000286d050 code [0x000000000286d1c0, 0x000000000286d4a8]
Event: 6.229 Thread 0x000000001609c800 3295       3       sun.reflect.ReflectionFactory::newConstructorAccessor (132 bytes)
Event: 6.232 Thread 0x000000001609c800 nmethod 3295 0x00000000028c0550 code [0x00000000028c08c0, 0x00000000028c2838]

GC Heap History (10 events):
Event: 3.123 GC heap before
{Heap before GC invocations=7 (full 1):
 PSYoungGen      total 76800K, used 8808K [0x00000000e0000000, 0x00000000e5700000, 0x0000000100000000)
  eden space 66048K, 0% used [0x00000000e0000000,0x00000000e0000000,0x00000000e4080000)
  from space 10752K, 81% used [0x00000000e4b80000,0x00000000e541a2a0,0x00000000e5600000)
  to   space 11264K, 0% used [0x00000000e4080000,0x00000000e4080000,0x00000000e4b80000)
 ParOldGen       total 87552K, used 7545K [0x00000000a0000000, 0x00000000a5580000, 0x00000000e0000000)
  object space 87552K, 8% used [0x00000000a0000000,0x00000000a075e7d0,0x00000000a5580000)
 Metaspace       used 20714K, capacity 21186K, committed 21296K, reserved 1067008K
  class space    used 2999K, capacity 3161K, committed 3200K, reserved 1048576K
Event: 3.164 GC heap after
Heap after GC invocations=7 (full 1):
 PSYoungGen      total 76800K, used 0K [0x00000000e0000000, 0x00000000e5700000, 0x0000000100000000)
  eden space 66048K, 0% used [0x00000000e0000000,0x00000000e0000000,0x00000000e4080000)
  from space 10752K, 0% used [0x00000000e4b80000,0x00000000e4b80000,0x00000000e5600000)
  to   space 11264K, 0% used [0x00000000e4080000,0x00000000e4080000,0x00000000e4b80000)
 ParOldGen       total 61440K, used 9554K [0x00000000a0000000, 0x00000000a3c00000, 0x00000000e0000000)
  object space 61440K, 15% used [0x00000000a0000000,0x00000000a0954880,0x00000000a3c00000)
 Metaspace       used 20714K, capacity 21186K, committed 21296K, reserved 1067008K
  class space    used 2999K, capacity 3161K, committed 3200K, reserved 1048576K
}
Event: 4.507 GC heap before
{Heap before GC invocations=8 (full 1):
 PSYoungGen      total 76800K, used 66048K [0x00000000e0000000, 0x00000000e5700000, 0x0000000100000000)
  eden space 66048K, 100% used [0x00000000e0000000,0x00000000e4080000,0x00000000e4080000)
  from space 10752K, 0% used [0x00000000e4b80000,0x00000000e4b80000,0x00000000e5600000)
  to   space 11264K, 0% used [0x00000000e4080000,0x00000000e4080000,0x00000000e4b80000)
 ParOldGen       total 61440K, used 9554K [0x00000000a0000000, 0x00000000a3c00000, 0x00000000e0000000)
  object space 61440K, 15% used [0x00000000a0000000,0x00000000a0954880,0x00000000a3c00000)
 Metaspace       used 29155K, capacity 29700K, committed 30080K, reserved 1075200K
  class space    used 3932K, capacity 4135K, committed 4224K, reserved 1048576K
Event: 4.523 GC heap after
Heap after GC invocations=8 (full 1):
 PSYoungGen      total 77312K, used 8115K [0x00000000e0000000, 0x00000000e7a80000, 0x0000000100000000)
  eden space 66048K, 0% used [0x00000000e0000000,0x00000000e0000000,0x00000000e4080000)
  from space 11264K, 72% used [0x00000000e4080000,0x00000000e486cf08,0x00000000e4b80000)
  to   space 11264K, 0% used [0x00000000e6f80000,0x00000000e6f80000,0x00000000e7a80000)
 ParOldGen       total 61440K, used 9562K [0x00000000a0000000, 0x00000000a3c00000, 0x00000000e0000000)
  object space 61440K, 15% used [0x00000000a0000000,0x00000000a0956880,0x00000000a3c00000)
 Metaspace       used 29155K, capacity 29700K, committed 30080K, reserved 1075200K
  class space    used 3932K, capacity 4135K, committed 4224K, reserved 1048576K
}
Event: 5.125 GC heap before
{Heap before GC invocations=9 (full 1):
 PSYoungGen      total 77312K, used 74163K [0x00000000e0000000, 0x00000000e7a80000, 0x0000000100000000)
  eden space 66048K, 100% used [0x00000000e0000000,0x00000000e4080000,0x00000000e4080000)
  from space 11264K, 72% used [0x00000000e4080000,0x00000000e486cf08,0x00000000e4b80000)
  to   space 11264K, 0% used [0x00000000e6f80000,0x00000000e6f80000,0x00000000e7a80000)
 ParOldGen       total 61440K, used 9562K [0x00000000a0000000, 0x00000000a3c00000, 0x00000000e0000000)
  object space 61440K, 15% used [0x00000000a0000000,0x00000000a0956880,0x00000000a3c00000)
 Metaspace       used 32061K, capacity 32604K, committed 32768K, reserved 1077248K
  class space    used 4398K, capacity 4591K, committed 4608K, reserved 1048576K
Event: 5.143 GC heap after
Heap after GC invocations=9 (full 1):
 PSYoungGen      total 113664K, used 8268K [0x00000000e0000000, 0x00000000e7e00000, 0x0000000100000000)
  eden space 102400K, 0% used [0x00000000e0000000,0x00000000e0000000,0x00000000e6400000)
  from space 11264K, 73% used [0x00000000e6f80000,0x00000000e7793368,0x00000000e7a80000)
  to   space 11776K, 0% used [0x00000000e6400000,0x00000000e6400000,0x00000000e6f80000)
 ParOldGen       total 61440K, used 9570K [0x00000000a0000000, 0x00000000a3c00000, 0x00000000e0000000)
  object space 61440K, 15% used [0x00000000a0000000,0x00000000a0958880,0x00000000a3c00000)
 Metaspace       used 32061K, capacity 32604K, committed 32768K, reserved 1077248K
  class space    used 4398K, capacity 4591K, committed 4608K, reserved 1048576K
}
Event: 6.058 GC heap before
{Heap before GC invocations=10 (full 1):
 PSYoungGen      total 113664K, used 72915K [0x00000000e0000000, 0x00000000e7e00000, 0x0000000100000000)
  eden space 102400K, 63% used [0x00000000e0000000,0x00000000e3f21a20,0x00000000e6400000)
  from space 11264K, 73% used [0x00000000e6f80000,0x00000000e7793368,0x00000000e7a80000)
  to   space 11776K, 0% used [0x00000000e6400000,0x00000000e6400000,0x00000000e6f80000)
 ParOldGen       total 61440K, used 9570K [0x00000000a0000000, 0x00000000a3c00000, 0x00000000e0000000)
  object space 61440K, 15% used [0x00000000a0000000,0x00000000a0958880,0x00000000a3c00000)
 Metaspace       used 34665K, capacity 35404K, committed 35496K, reserved 1079296K
  class space    used 4763K, capacity 4995K, committed 5032K, reserved 1048576K
Event: 6.073 GC heap after
Heap after GC invocations=10 (full 1):
 PSYoungGen      total 114176K, used 10312K [0x00000000e0000000, 0x00000000e7e00000, 0x0000000100000000)
  eden space 102400K, 0% used [0x00000000e0000000,0x00000000e0000000,0x00000000e6400000)
  from space 11776K, 87% used [0x00000000e6400000,0x00000000e6e12048,0x00000000e6f80000)
  to   space 11264K, 0% used [0x00000000e6f80000,0x00000000e6f80000,0x00000000e7a80000)
 ParOldGen       total 61440K, used 9578K [0x00000000a0000000, 0x00000000a3c00000, 0x00000000e0000000)
  object space 61440K, 15% used [0x00000000a0000000,0x00000000a095a880,0x00000000a3c00000)
 Metaspace       used 34665K, capacity 35404K, committed 35496K, reserved 1079296K
  class space    used 4763K, capacity 4995K, committed 5032K, reserved 1048576K
}
Event: 6.073 GC heap before
{Heap before GC invocations=11 (full 2):
 PSYoungGen      total 114176K, used 10312K [0x00000000e0000000, 0x00000000e7e00000, 0x0000000100000000)
  eden space 102400K, 0% used [0x00000000e0000000,0x00000000e0000000,0x00000000e6400000)
  from space 11776K, 87% used [0x00000000e6400000,0x00000000e6e12048,0x00000000e6f80000)
  to   space 11264K, 0% used [0x00000000e6f80000,0x00000000e6f80000,0x00000000e7a80000)
 ParOldGen       total 61440K, used 9578K [0x00000000a0000000, 0x00000000a3c00000, 0x00000000e0000000)
  object space 61440K, 15% used [0x00000000a0000000,0x00000000a095a880,0x00000000a3c00000)
 Metaspace       used 34665K, capacity 35404K, committed 35496K, reserved 1079296K
  class space    used 4763K, capacity 4995K, committed 5032K, reserved 1048576K
Event: 6.147 GC heap after
Heap after GC invocations=11 (full 2):
 PSYoungGen      total 114176K, used 0K [0x00000000e0000000, 0x00000000e7e00000, 0x0000000100000000)
  eden space 102400K, 0% used [0x00000000e0000000,0x00000000e0000000,0x00000000e6400000)
  from space 11776K, 0% used [0x00000000e6400000,0x00000000e6400000,0x00000000e6f80000)
  to   space 11264K, 0% used [0x00000000e6f80000,0x00000000e6f80000,0x00000000e7a80000)
 ParOldGen       total 92672K, used 17151K [0x00000000a0000000, 0x00000000a5a80000, 0x00000000e0000000)
  object space 92672K, 18% used [0x00000000a0000000,0x00000000a10bfc80,0x00000000a5a80000)
 Metaspace       used 34658K, capacity 35380K, committed 35496K, reserved 1079296K
  class space    used 4761K, capacity 4991K, committed 5032K, reserved 1048576K
}

Deoptimization events (10 events):
Event: 4.488 Thread 0x0000000019ad6800 Uncommon trap: reason=class_check action=maybe_recompile pc=0x0000000002d4e4ec method=sun.misc.URLClassPath.getLoader(I)Lsun/misc/URLClassPath$Loader; @ 94
Event: 4.488 Thread 0x0000000019ad6800 Uncommon trap: reason=unstable_if action=reinterpret pc=0x0000000002deaa64 method=java.lang.String.regionMatches(ZILjava/lang/String;II)Z @ 41
Event: 4.494 Thread 0x0000000019ad6800 Uncommon trap: reason=class_check action=maybe_recompile pc=0x0000000002d46998 method=sun.misc.URLClassPath.getLoader(I)Lsun/misc/URLClassPath$Loader; @ 239
Event: 4.524 Thread 0x0000000016079000 Uncommon trap: reason=unstable_if action=reinterpret pc=0x0000000002c1b03c method=java.lang.ref.Reference.tryHandlePending(Z)Z @ 104
Event: 4.609 Thread 0x0000000019ad6800 Uncommon trap: reason=unstable_if action=reinterpret pc=0x00000000029e04cc method=java.io.WinNTFileSystem.resolve(Ljava/lang/String;Ljava/lang/String;)Ljava/lang/String; @ 49
Event: 5.749 Thread 0x000000001a562000 Uncommon trap: reason=unstable_if action=reinterpret pc=0x0000000002c9b4e8 method=java.util.concurrent.ConcurrentHashMap.putVal(Ljava/lang/Object;Ljava/lang/Object;Z)Ljava/lang/Object; @ 98
Event: 5.773 Thread 0x000000001a562000 Uncommon trap: reason=unstable_if action=reinterpret pc=0x0000000002bc8c14 method=java.util.concurrent.ConcurrentHashMap.addCount(JI)V @ 168
Event: 5.773 Thread 0x000000001a562000 Uncommon trap: reason=unstable_if action=reinterpret pc=0x00000000030de5ec method=java.util.concurrent.ConcurrentHashMap.get(Ljava/lang/Object;)Ljava/lang/Object; @ 86
Event: 5.997 Thread 0x0000000019ad6800 Uncommon trap: reason=unstable_if action=reinterpret pc=0x0000000002b99ca0 method=java.util.WeakHashMap.expungeStaleEntries()V @ 66
Event: 6.053 Thread 0x0000000019ad6800 Uncommon trap: reason=range_check action=make_not_entrant pc=0x00000000030bdf14 method=java.lang.String.charAt(I)C @ 27

Classes redefined (0 events):
No events

Internal exceptions (10 events):
Event: 6.203 Thread 0x0000000019ad6800 Exception <a 'java/lang/ClassNotFoundException': org/gradle/api/tasks/Delete_DecoratedBeanInfo> (0x00000000e02e9630) thrown at [D:\src\AOSP-openjdk-cygwin\jdk8u\hotspot\src\share\vm\classfile\systemDictionary.cpp, line 210]
Event: 6.203 Thread 0x0000000019ad6800 Exception <a 'java/lang/ClassNotFoundException': org/gradle/api/tasks/DeleteBeanInfo> (0x00000000e03160e8) thrown at [D:\src\AOSP-openjdk-cygwin\jdk8u\hotspot\src\share\vm\classfile\systemDictionary.cpp, line 210]
Event: 6.204 Thread 0x0000000019ad6800 Exception <a 'java/lang/ClassNotFoundException': org/gradle/api/internal/ConventionTaskBeanInfo> (0x00000000e0348df0) thrown at [D:\src\AOSP-openjdk-cygwin\jdk8u\hotspot\src\share\vm\classfile\systemDictionary.cpp, line 210]
Event: 6.205 Thread 0x0000000019ad6800 Exception <a 'java/lang/ClassNotFoundException': org/gradle/api/DefaultTaskBeanInfo> (0x00000000e0372f38) thrown at [D:\src\AOSP-openjdk-cygwin\jdk8u\hotspot\src\share\vm\classfile\systemDictionary.cpp, line 210]
Event: 6.206 Thread 0x0000000019ad6800 Exception <a 'java/lang/ClassNotFoundException': org/gradle/api/internal/AbstractTaskBeanInfo> (0x00000000e03a4dd0) thrown at [D:\src\AOSP-openjdk-cygwin\jdk8u\hotspot\src\share\vm\classfile\systemDictionary.cpp, line 210]
Event: 6.206 Thread 0x0000000019ad6800 Exception <a 'java/lang/ClassNotFoundException': org/gradle/api/internal/AbstractTaskCustomizer> (0x00000000e03d7c98) thrown at [D:\src\AOSP-openjdk-cygwin\jdk8u\hotspot\src\share\vm\classfile\systemDictionary.cpp, line 210]
Event: 6.210 Thread 0x0000000019ad6800 Exception <a 'java/lang/ClassNotFoundException': org/gradle/api/DefaultTaskCustomizer> (0x00000000e0463820) thrown at [D:\src\AOSP-openjdk-cygwin\jdk8u\hotspot\src\share\vm\classfile\systemDictionary.cpp, line 210]
Event: 6.211 Thread 0x0000000019ad6800 Exception <a 'java/lang/ClassNotFoundException': org/gradle/api/internal/ConventionTaskCustomizer> (0x00000000e04a5e78) thrown at [D:\src\AOSP-openjdk-cygwin\jdk8u\hotspot\src\share\vm\classfile\systemDictionary.cpp, line 210]
Event: 6.213 Thread 0x0000000019ad6800 Exception <a 'java/lang/ClassNotFoundException': org/gradle/api/tasks/DeleteCustomizer> (0x00000000e04e4eb8) thrown at [D:\src\AOSP-openjdk-cygwin\jdk8u\hotspot\src\share\vm\classfile\systemDictionary.cpp, line 210]
Event: 6.214 Thread 0x0000000019ad6800 Exception <a 'java/lang/ClassNotFoundException': org/gradle/api/tasks/Delete_DecoratedCustomizer> (0x00000000e05319d0) thrown at [D:\src\AOSP-openjdk-cygwin\jdk8u\hotspot\src\share\vm\classfile\systemDictionary.cpp, line 210]

Events (10 events):
Event: 6.222 loading class org/gradle/configuration/project/NotifyProjectAfterEvaluatedBuildOperationType$Result
Event: 6.222 loading class org/gradle/configuration/project/NotifyProjectAfterEvaluatedBuildOperationType$Result done
Event: 6.222 loading class org/gradle/configuration/project/NotifyProjectAfterEvaluatedBuildOperationType$1
Event: 6.222 loading class org/gradle/configuration/project/NotifyProjectAfterEvaluatedBuildOperationType$1 done
Event: 6.222 loading class org/gradle/configuration/project/ConfigureProjectBuildOperationType
Event: 6.222 loading class org/gradle/configuration/project/ConfigureProjectBuildOperationType done
Event: 6.222 loading class org/gradle/configuration/project/ConfigureProjectBuildOperationType$Result
Event: 6.222 loading class org/gradle/configuration/project/ConfigureProjectBuildOperationType$Result done
Event: 6.222 loading class org/gradle/configuration/project/ConfigureProjectBuildOperationType$1
Event: 6.222 loading class org/gradle/configuration/project/ConfigureProjectBuildOperationType$1 done


Dynamic libraries:
0x00007ff6c4bb0000 - 0x00007ff6c4be1000 	C:\Program Files\Android\Android Studio\jre\bin\java.exe
0x00007ff886f30000 - 0x00007ff887126000 	C:\WINDOWS\SYSTEM32\ntdll.dll
0x00007ff8868c0000 - 0x00007ff88697d000 	C:\WINDOWS\System32\KERNEL32.DLL
0x00007ff8848e0000 - 0x00007ff884ba8000 	C:\WINDOWS\System32\KERNELBASE.dll
0x00007ff886e40000 - 0x00007ff886eea000 	C:\WINDOWS\System32\ADVAPI32.dll
0x00007ff886be0000 - 0x00007ff886c7e000 	C:\WINDOWS\System32\msvcrt.dll
0x00007ff8863b0000 - 0x00007ff88644b000 	C:\WINDOWS\System32\sechost.dll
0x00007ff886a30000 - 0x00007ff886b54000 	C:\WINDOWS\System32\RPCRT4.dll
0x00007ff885c70000 - 0x00007ff885e10000 	C:\WINDOWS\System32\USER32.dll
0x00007ff884ec0000 - 0x00007ff884ee2000 	C:\WINDOWS\System32\win32u.dll
0x00007ff886e10000 - 0x00007ff886e3a000 	C:\WINDOWS\System32\GDI32.dll
0x00007ff884d60000 - 0x00007ff884e69000 	C:\WINDOWS\System32\gdi32full.dll
0x00007ff884cc0000 - 0x00007ff884d5d000 	C:\WINDOWS\System32\msvcp_win.dll
0x00007ff884680000 - 0x00007ff884780000 	C:\WINDOWS\System32\ucrtbase.dll
0x00007ff871b40000 - 0x00007ff871ddb000 	C:\WINDOWS\WinSxS\amd64_microsoft.windows.common-controls_6595b64144ccf1df_6.0.19041.488_none_ca04af081b815d21\COMCTL32.dll
0x00007ff886750000 - 0x00007ff886780000 	C:\WINDOWS\System32\IMM32.DLL
0x0000000059b00000 - 0x0000000059bd2000 	C:\Program Files\Android\Android Studio\jre\jre\bin\msvcr100.dll
0x000000005d7c0000 - 0x000000005e006000 	C:\Program Files\Android\Android Studio\jre\jre\bin\server\jvm.dll
0x00007ff886c80000 - 0x00007ff886c88000 	C:\WINDOWS\System32\PSAPI.DLL
0x00007ff874a90000 - 0x00007ff874ab7000 	C:\WINDOWS\SYSTEM32\WINMM.dll
0x00007ff877550000 - 0x00007ff87755a000 	C:\WINDOWS\SYSTEM32\VERSION.dll
0x00007ff86edc0000 - 0x00007ff86edc9000 	C:\WINDOWS\SYSTEM32\WSOCK32.dll
0x00007ff8866e0000 - 0x00007ff88674b000 	C:\WINDOWS\System32\WS2_32.dll
0x00007ff881280000 - 0x00007ff88128f000 	C:\Program Files\Android\Android Studio\jre\jre\bin\verify.dll
0x00007ff87c3f0000 - 0x00007ff87c419000 	C:\Program Files\Android\Android Studio\jre\jre\bin\java.dll
0x00007ff87a710000 - 0x00007ff87a726000 	C:\Program Files\Android\Android Studio\jre\jre\bin\zip.dll
0x00007ff884fa0000 - 0x00007ff8856e0000 	C:\WINDOWS\System32\SHELL32.dll
0x00007ff882400000 - 0x00007ff882b94000 	C:\WINDOWS\SYSTEM32\windows.storage.dll
0x00007ff885ea0000 - 0x00007ff8861f5000 	C:\WINDOWS\System32\combase.dll
0x00007ff8840f0000 - 0x00007ff88411c000 	C:\WINDOWS\SYSTEM32\Wldp.dll
0x00007ff886d60000 - 0x00007ff886e0e000 	C:\WINDOWS\System32\SHCORE.dll
0x00007ff886450000 - 0x00007ff8864a5000 	C:\WINDOWS\System32\shlwapi.dll
0x00007ff8845b0000 - 0x00007ff8845d6000 	C:\WINDOWS\SYSTEM32\profapi.dll
0x00007ff874bf0000 - 0x00007ff874c0a000 	C:\Program Files\Android\Android Studio\jre\jre\bin\net.dll
0x00007ff86f140000 - 0x00007ff86f32d000 	C:\WINDOWS\SYSTEM32\urlmon.dll
0x00007ff86ee90000 - 0x00007ff86f140000 	C:\WINDOWS\SYSTEM32\iertutil.dll
0x00007ff883e70000 - 0x00007ff883eda000 	C:\WINDOWS\system32\mswsock.dll
0x00007ff871030000 - 0x00007ff871043000 	C:\Program Files\Android\Android Studio\jre\jre\bin\nio.dll
0x00007ff86d420000 - 0x00007ff86d446000 	C:\Users\Sajithan\.gradle\native\30\windows-amd64\native-platform.dll
0x00007ff881270000 - 0x00007ff88127d000 	C:\Program Files\Android\Android Studio\jre\jre\bin\management.dll
0x00007ff884040000 - 0x00007ff884058000 	C:\WINDOWS\SYSTEM32\CRYPTSP.dll
0x00007ff883790000 - 0x00007ff8837c4000 	C:\WINDOWS\system32\rsaenh.dll
0x00007ff884f70000 - 0x00007ff884f97000 	C:\WINDOWS\System32\bcrypt.dll
0x00007ff884530000 - 0x00007ff88455e000 	C:\WINDOWS\SYSTEM32\USERENV.dll
0x00007ff884ef0000 - 0x00007ff884f6f000 	C:\WINDOWS\System32\bcryptprimitives.dll
0x00007ff884060000 - 0x00007ff88406c000 	C:\WINDOWS\SYSTEM32\CRYPTBASE.dll
0x00007ff883b10000 - 0x00007ff883b4b000 	C:\WINDOWS\SYSTEM32\IPHLPAPI.DLL
0x00007ff8864b0000 - 0x00007ff8864b9000 	C:\WINDOWS\System32\NSI.dll
0x00007ff8766e0000 - 0x00007ff8766f7000 	C:\WINDOWS\SYSTEM32\dhcpcsvc6.DLL
0x00007ff876c60000 - 0x00007ff876c7d000 	C:\WINDOWS\SYSTEM32\dhcpcsvc.DLL
0x00007ff883b60000 - 0x00007ff883c2b000 	C:\WINDOWS\SYSTEM32\DNSAPI.dll

VM Arguments:
jvm_args: -Xmx1536m -Dfile.encoding=windows-1252 -Duser.country=GB -Duser.language=en -Duser.variant 
java_command: org.gradle.launcher.daemon.bootstrap.GradleDaemon 5.6.4
java_class_path (initial): C:\Users\Sajithan\.gradle\wrapper\dists\gradle-5.6.4-all\ankdp27end7byghfw1q2sw75f\gradle-5.6.4\lib\gradle-launcher-5.6.4.jar
Launcher Type: SUN_STANDARD

Environment Variables:
JAVA_HOME=C:\Program Files\Java\jdk-12.0.1
PATH=C:\Python39\Scripts\;C:\Python39\;C:\Python27\;C:\Python27\Scripts;C:\ProgramData\Anaconda3;C:\ProgramData\Anaconda3\Library\mingw-w64\bin;C:\ProgramData\Anaconda3\Library\usr\bin;C:\ProgramData\Anaconda3\Library\bin;C:\ProgramData\Anaconda3\Scripts;C:\wamp64\bin\php\php7.4.0;C:\Program Files (x86)\Common Files\Oracle\Java\javapath;C:\Windows\system32;C:\Windows;C:\Windows\System32\Wbem;C:\Windows\System32\WindowsPowerShell\v1.0\;C:\Windows\System32\OpenSSH\;C:\Program Files (x86)\NVIDIA Corporation\PhysX\Common;c:\Users\Sajithan\AppData\Local\Android\Sdk\platform-tools;C:\Program Files\Java\jdk1.8.0_212\bin;C:\Program Files\Java\jdk-12.0.1\bin;C:\Program Files\NVIDIA Corporation\NVIDIA NvDLISR;C:\WINDOWS\system32;C:\WINDOWS;C:\WINDOWS\System32\Wbem;C:\WINDOWS\System32\WindowsPowerShell\v1.0\;C:\WINDOWS\System32\OpenSSH\;c:\Users\YOUR_USERNAME\AppData\Local\Android\Sdk\platform-tools;C:\Program Files\nodejs\;C:\ProgramData\chocolatey\bin;C:\composer;C:\Program Files\Git\cmd;C:\Program Files\Dart\dart-sdk\bin;C:\Gradle\gradle-6.3\bin;C:\Program Files\dotnet\;C:\Program Files (x86)\dotnet\;C:\Users\Sajithan\AppData\Local\Microsoft\WindowsApps;C:\Users\Sajithan\AppData\Local\Programs\Microsoft VS Code\bin;c:\Users\Sajithan\AppData\Local\Android\Sdk\platform-tools;C:\Users\Sajithan\AppData\Local\GitHubDesktop\bin;c:\Users\YOUR_USERNAME\AppData\Local\Android\Sdk\platform-tools;C:\Users\Sajithan\AppData\Roaming\npm;C:\Users\Sajithan\AppData\Roaming\Composer\vendor\bin;C:\flutter\bin;C:\Program Files\JetBrains\PyCharm Community Edition 2020.1\bin;C:\Users\Sajithan\.deno\bin;C:\Users\Sajithan\AppData\Local\Microsoft\WindowsApps;C:\Users\Sajithan\.dotnet\tools;C:\tools\dart-sdk\bin;C:\Users\Sajithan\AppData\Roaming\Pub\Cache\bin;C:\Users\Sajithan\AppData\Local\atom\bin
USERNAME=Sajithan
OS=Windows_NT
PROCESSOR_IDENTIFIER=Intel64 Family 6 Model 142 Stepping 9, GenuineIntel



---------------  S Y S T E M  ---------------

OS: Windows 10.0 , 64 bit Build 19041 (10.0.19041.546)

CPU:total 4 (initial active 4) (2 cores per cpu, 2 threads per core) family 6 model 142 stepping 9, cmov, cx8, fxsr, mmx, sse, sse2, sse3, ssse3, sse4.1, sse4.2, popcnt, avx, avx2, aes, clmul, erms, 3dnowpref, lzcnt, ht, tsc, tscinvbit, bmi1, bmi2, adx

Memory: 4k page, physical 8266284k(1116396k free), swap 8266284k(5624k free)

vm_info: OpenJDK 64-Bit Server VM (25.212-b04) for windows-amd64 JRE (1.8.0_212-release-1586-b04), built by "builder" with MS VC++ 10.0 (VS2010)

time: Sat Nov 07 11:45:45 2020
timezone: Sri Lanka Standard Time
elapsed time: 6 seconds (0d 0h 0m 6s)

