#
# There is insufficient memory for the Java Runtime Environment to continue.
# Native memory allocation (malloc) failed to allocate 1329120 bytes for Chunk::new
# Possible reasons:
#   The system is out of physical RAM or swap space
#   The process is running with CompressedOops enabled, and the Java Heap may be blocking the growth of the native heap
# Possible solutions:
#   Reduce memory load on the system
#   Increase physical memory or swap space
#   Check if swap backing store is full
#   Decrease Java heap size (-Xmx/-Xms)
#   Decrease number of Java threads
#   Decrease Java thread stack sizes (-Xss)
#   Set larger code cache with -XX:ReservedCodeCacheSize=
#   JVM is running with Unscaled Compressed Oops mode in which the Java heap is
#     placed in the first 4GB address space. The Java Heap base address is the
#     maximum limit for the native heap growth. Please use -XX:HeapBaseMinAddress
#     to set the Java Heap base and to place the Java Heap above 4GB virtual address.
# This output file may be truncated or incomplete.
#
#  Out of Memory Error (allocation.cpp:389), pid=8184, tid=0x0000000000001d74
#
# JRE version: OpenJDK Runtime Environment (8.0_242-b01) (build 1.8.0_242-release-1644-b01)
# Java VM: OpenJDK 64-Bit Server VM (25.242-b01 mixed mode windows-amd64 compressed oops)
# Failed to write core dump. Minidumps are not enabled by default on client versions of Windows
#

---------------  T H R E A D  ---------------

Current thread (0x000000001663c000):  JavaThread "C2 CompilerThread1" daemon [_thread_in_native, id=7540, stack(0x0000000017d80000,0x0000000017e80000)]

Stack: [0x0000000017d80000,0x0000000017e80000]
[error occurred during error reporting (printing stack bounds), id 0xc0000005]

Native frames: (J=compiled Java code, j=interpreted, Vv=VM code, C=native code)


Current CompileTask:
C2:  75594 9435   !   4       java.io.ObjectOutputStream::writeObject0 (619 bytes)


---------------  P R O C E S S  ---------------

Java Threads: ( => current thread )
  0x0000000019368000 JavaThread "Cache worker for execution history cache (C:\Users\Sajithan\AndroidStudioProjects\examples\lite\examples\object_detection\SajiiVideoRentingShop\.gradle\6.5\executionHistory)" [_thread_blocked, id=11808, stack(0x0000000029f10000,0x000000002a010000)]
  0x000000001ca7c000 JavaThread "Execution worker for ':' Thread 3" [_thread_blocked, id=8828, stack(0x0000000029a10000,0x0000000029b10000)]
  0x000000001ca7b800 JavaThread "Execution worker for ':' Thread 2" [_thread_blocked, id=6420, stack(0x0000000029730000,0x0000000029830000)]
  0x000000001ca7a800 JavaThread "Execution worker for ':'" [_thread_blocked, id=12876, stack(0x0000000028540000,0x0000000028640000)]
  0x000000001ca7f000 JavaThread "Cache worker for file content cache (C:\Users\Sajithan\AndroidStudioProjects\examples\lite\examples\object_detection\SajiiVideoRentingShop\.gradle\6.5\fileContent)" [_thread_blocked, id=5752, stack(0x0000000028440000,0x0000000028540000)]
  0x000000001ca7a000 JavaThread "pool-5-thread-1" [_thread_blocked, id=2740, stack(0x00000000252d0000,0x00000000253d0000)]
  0x000000001ca7e800 JavaThread "Cache worker for Build Output Cleanup Cache (C:\Users\Sajithan\AndroidStudioProjects\examples\lite\examples\object_detection\SajiiVideoRentingShop\.gradle\buildOutputCleanup)" [_thread_blocked, id=12048, stack(0x0000000022450000,0x0000000022550000)]
  0x000000001ca7d000 JavaThread "Build operations Thread 4" [_thread_blocked, id=11804, stack(0x0000000022350000,0x0000000022450000)]
  0x000000001ca7d800 JavaThread "Build operations Thread 3" [_thread_blocked, id=11148, stack(0x0000000022250000,0x0000000022350000)]
  0x000000001ca72800 JavaThread "Build operations Thread 2" [_thread_blocked, id=3988, stack(0x0000000022150000,0x0000000022250000)]
  0x000000001ca74800 JavaThread "Build operations" [_thread_blocked, id=9940, stack(0x0000000020290000,0x0000000020390000)]
  0x000000001ca76000 JavaThread "Cache worker for cache directory md-rule (C:\Users\Sajithan\.gradle\caches\6.5\md-rule)" [_thread_blocked, id=12512, stack(0x000000001ff90000,0x0000000020090000)]
  0x000000001ca78800 JavaThread "Cache worker for cache directory md-supplier (C:\Users\Sajithan\.gradle\caches\6.5\md-supplier)" [_thread_blocked, id=9888, stack(0x000000001ec40000,0x000000001ed40000)]
  0x000000001ca79000 JavaThread "Cache worker for checksums cache (C:\Users\Sajithan\AndroidStudioProjects\examples\lite\examples\object_detection\SajiiVideoRentingShop\.gradle\checksums)" [_thread_blocked, id=1480, stack(0x000000001eb40000,0x000000001ec40000)]
  0x000000001ca77000 JavaThread "Cache worker for file hash cache (C:\Users\Sajithan\AndroidStudioProjects\examples\lite\examples\object_detection\SajiiVideoRentingShop\.gradle\6.5\fileHashes)" [_thread_blocked, id=11252, stack(0x000000001bea0000,0x000000001bfa0000)]
  0x000000001ca73000 JavaThread "Thread-149" [_thread_blocked, id=1396, stack(0x000000001bca0000,0x000000001bda0000)]
  0x000000001ca71800 JavaThread "Stdin handler" [_thread_blocked, id=11860, stack(0x000000001bba0000,0x000000001bca0000)]
  0x000000001ca77800 JavaThread "Asynchronous log dispatcher for DefaultDaemonConnection: socket connection from /127.0.0.1:56973 to /127.0.0.1:56990" [_thread_blocked, id=4280, stack(0x00000000010d0000,0x00000000011d0000)]
  0x000000001ca70000 JavaThread "Cancel handler" [_thread_blocked, id=10148, stack(0x0000000000fd0000,0x00000000010d0000)]
  0x000000001ca75800 JavaThread "Handler for socket connection from /127.0.0.1:56973 to /127.0.0.1:56990" [_thread_in_native, id=12520, stack(0x0000000000ed0000,0x0000000000fd0000)]
  0x000000001936b000 JavaThread "Memory manager" [_thread_blocked, id=11504, stack(0x0000000029910000,0x0000000029a10000)]
  0x0000000019366800 JavaThread "jar transforms Thread 92" [_thread_blocked, id=904, stack(0x0000000028340000,0x0000000028440000)]
  0x000000001936a800 JavaThread "jar transforms Thread 91" [_thread_blocked, id=9608, stack(0x0000000028240000,0x0000000028340000)]
  0x000000001936c800 JavaThread "jar transforms Thread 90" [_thread_blocked, id=11492, stack(0x0000000028140000,0x0000000028240000)]
  0x0000000019363800 JavaThread "jar transforms Thread 89" [_thread_blocked, id=9292, stack(0x0000000028040000,0x0000000028140000)]
  0x0000000019365000 JavaThread "jar transforms Thread 88" [_thread_blocked, id=11052, stack(0x0000000027f40000,0x0000000028040000)]
  0x0000000019360800 JavaThread "jar transforms Thread 87" [_thread_blocked, id=6408, stack(0x0000000027e40000,0x0000000027f40000)]
  0x000000001935d800 JavaThread "jar transforms Thread 86" [_thread_blocked, id=3448, stack(0x0000000027d40000,0x0000000027e40000)]
  0x0000000019364800 JavaThread "jar transforms Thread 85" [_thread_blocked, id=12644, stack(0x0000000027c40000,0x0000000027d40000)]
  0x0000000019361800 JavaThread "jar transforms Thread 84" [_thread_blocked, id=12900, stack(0x0000000027b40000,0x0000000027c40000)]
  0x000000001935f000 JavaThread "jar transforms Thread 83" [_thread_blocked, id=13240, stack(0x0000000027a40000,0x0000000027b40000)]
  0x0000000019360000 JavaThread "jar transforms Thread 82" [_thread_blocked, id=3360, stack(0x0000000027940000,0x0000000027a40000)]
  0x0000000019363000 JavaThread "jar transforms Thread 81" [_thread_blocked, id=1792, stack(0x0000000027840000,0x0000000027940000)]
  0x000000001935e800 JavaThread "jar transforms Thread 80" [_thread_blocked, id=8200, stack(0x0000000027740000,0x0000000027840000)]
  0x0000000019362000 JavaThread "jar transforms Thread 79" [_thread_blocked, id=5960, stack(0x0000000027640000,0x0000000027740000)]
  0x000000001d00d000 JavaThread "jar transforms Thread 78" [_thread_blocked, id=7428, stack(0x0000000027540000,0x0000000027640000)]
  0x000000001d00c800 JavaThread "jar transforms Thread 77" [_thread_blocked, id=12852, stack(0x0000000027440000,0x0000000027540000)]
  0x000000001d00b800 JavaThread "jar transforms Thread 76" [_thread_blocked, id=7020, stack(0x0000000027340000,0x0000000027440000)]
  0x000000001d00b000 JavaThread "jar transforms Thread 75" [_thread_blocked, id=2120, stack(0x0000000027240000,0x0000000027340000)]
  0x000000001d00e800 JavaThread "jar transforms Thread 74" [_thread_blocked, id=2184, stack(0x0000000027140000,0x0000000027240000)]
  0x000000001d00f800 JavaThread "jar transforms Thread 73" [_thread_blocked, id=12472, stack(0x0000000027040000,0x0000000027140000)]
  0x000000001d00e000 JavaThread "jar transforms Thread 72" [_thread_blocked, id=10860, stack(0x0000000026f40000,0x0000000027040000)]
  0x000000001d009800 JavaThread "jar transforms Thread 71" [_thread_blocked, id=1892, stack(0x0000000026e40000,0x0000000026f40000)]
  0x000000001d00a000 JavaThread "jar transforms Thread 70" [_thread_blocked, id=12448, stack(0x0000000026d40000,0x0000000026e40000)]
  0x000000001d010000 JavaThread "jar transforms Thread 69" [_thread_blocked, id=10416, stack(0x0000000026c40000,0x0000000026d40000)]
  0x000000001d002000 JavaThread "jar transforms Thread 68" [_thread_blocked, id=2148, stack(0x0000000026b40000,0x0000000026c40000)]
  0x000000001d008800 JavaThread "jar transforms Thread 67" [_thread_blocked, id=12696, stack(0x0000000026a40000,0x0000000026b40000)]
  0x000000001d006800 JavaThread "jar transforms Thread 66" [_thread_blocked, id=10692, stack(0x0000000026940000,0x0000000026a40000)]
  0x000000001d007000 JavaThread "jar transforms Thread 65" [_thread_blocked, id=10036, stack(0x0000000026840000,0x0000000026940000)]
  0x000000001d001000 JavaThread "jar transforms Thread 64" [_thread_blocked, id=1296, stack(0x0000000026740000,0x0000000026840000)]
  0x000000001d005800 JavaThread "jar transforms Thread 63" [_thread_blocked, id=13304, stack(0x0000000026640000,0x0000000026740000)]
  0x000000001d008000 JavaThread "jar transforms Thread 62" [_thread_blocked, id=12184, stack(0x0000000026540000,0x0000000026640000)]
  0x000000001d005000 JavaThread "jar transforms Thread 61" [_thread_blocked, id=6404, stack(0x0000000026440000,0x0000000026540000)]
  0x000000001d002800 JavaThread "jar transforms Thread 60" [_thread_blocked, id=1188, stack(0x0000000026340000,0x0000000026440000)]
  0x000000001d004000 JavaThread "jar transforms Thread 59" [_thread_blocked, id=10584, stack(0x0000000026240000,0x0000000026340000)]
  0x000000001d003800 JavaThread "jar transforms Thread 58" [_thread_blocked, id=5536, stack(0x0000000026140000,0x0000000026240000)]
  0x0000000018dc0000 JavaThread "jar transforms Thread 57" [_thread_blocked, id=952, stack(0x0000000026040000,0x0000000026140000)]
  0x0000000018dc0800 JavaThread "jar transforms Thread 56" [_thread_blocked, id=11932, stack(0x0000000025f40000,0x0000000026040000)]
  0x0000000018dbd000 JavaThread "jar transforms Thread 55" [_thread_blocked, id=4580, stack(0x0000000025e40000,0x0000000025f40000)]
  0x0000000018dbd800 JavaThread "jar transforms Thread 54" [_thread_blocked, id=4860, stack(0x0000000025d40000,0x0000000025e40000)]
  0x0000000018dc3000 JavaThread "jar transforms Thread 53" [_thread_blocked, id=12364, stack(0x0000000025c40000,0x0000000025d40000)]
  0x0000000018dbf000 JavaThread "jar transforms Thread 52" [_thread_blocked, id=8112, stack(0x0000000025b40000,0x0000000025c40000)]
  0x0000000018dbc000 JavaThread "jar transforms Thread 51" [_thread_blocked, id=10560, stack(0x0000000025a40000,0x0000000025b40000)]
  0x0000000018dc2000 JavaThread "jar transforms Thread 50" [_thread_blocked, id=11776, stack(0x0000000025940000,0x0000000025a40000)]
  0x0000000018dbe800 JavaThread "jar transforms Thread 49" [_thread_blocked, id=964, stack(0x0000000025840000,0x0000000025940000)]
  0x0000000018dc1800 JavaThread "jar transforms Thread 48" [_thread_blocked, id=6392, stack(0x0000000025740000,0x0000000025840000)]
  0x0000000018db4800 JavaThread "jar transforms Thread 47" [_thread_blocked, id=12748, stack(0x0000000025640000,0x0000000025740000)]
  0x0000000018dbb800 JavaThread "jar transforms Thread 46" [_thread_blocked, id=11764, stack(0x0000000025540000,0x0000000025640000)]
  0x0000000018db9000 JavaThread "jar transforms Thread 45" [_thread_blocked, id=6036, stack(0x0000000025440000,0x0000000025540000)]
  0x0000000018db6000 JavaThread "jar transforms Thread 44" [_thread_blocked, id=2780, stack(0x0000000022550000,0x0000000022650000)]
  0x0000000018db7000 JavaThread "jar transforms Thread 43" [_thread_blocked, id=3116, stack(0x00000000251d0000,0x00000000252d0000)]
  0x0000000018db5800 JavaThread "jar transforms Thread 42" [_thread_blocked, id=1928, stack(0x00000000250d0000,0x00000000251d0000)]
  0x0000000018db4000 JavaThread "jar transforms Thread 41" [_thread_blocked, id=9520, stack(0x0000000024fd0000,0x00000000250d0000)]
  0x0000000018dba000 JavaThread "jar transforms Thread 40" [_thread_blocked, id=11844, stack(0x0000000024ed0000,0x0000000024fd0000)]
  0x0000000018dba800 JavaThread "jar transforms Thread 39" [_thread_blocked, id=12168, stack(0x0000000024dd0000,0x0000000024ed0000)]
  0x0000000018db7800 JavaThread "jar transforms Thread 38" [_thread_blocked, id=9212, stack(0x0000000024cd0000,0x0000000024dd0000)]
  0x0000000018db8800 JavaThread "jar transforms Thread 37" [_thread_blocked, id=12204, stack(0x0000000024bd0000,0x0000000024cd0000)]
  0x0000000018bca800 JavaThread "jar transforms Thread 36" [_thread_blocked, id=9220, stack(0x0000000024ad0000,0x0000000024bd0000)]
  0x0000000018bc9800 JavaThread "jar transforms Thread 35" [_thread_blocked, id=10840, stack(0x00000000249d0000,0x0000000024ad0000)]
  0x0000000018bc9000 JavaThread "jar transforms Thread 34" [_thread_blocked, id=9740, stack(0x00000000248d0000,0x00000000249d0000)]
  0x0000000018bc7800 JavaThread "jar transforms Thread 33" [_thread_blocked, id=5464, stack(0x00000000247d0000,0x00000000248d0000)]
  0x0000000018bc8000 JavaThread "jar transforms Thread 32" [_thread_blocked, id=3092, stack(0x00000000246d0000,0x00000000247d0000)]
  0x0000000018bcc000 JavaThread "jar transforms Thread 31" [_thread_blocked, id=5224, stack(0x00000000245d0000,0x00000000246d0000)]
  0x0000000018bc6800 JavaThread "jar transforms Thread 30" [_thread_blocked, id=12996, stack(0x00000000244d0000,0x00000000245d0000)]
  0x0000000018bcb000 JavaThread "jar transforms Thread 29" [_thread_blocked, id=4988, stack(0x00000000243d0000,0x00000000244d0000)]
  0x0000000018bc6000 JavaThread "jar transforms Thread 28" [_thread_blocked, id=2872, stack(0x00000000242d0000,0x00000000243d0000)]
  0x0000000018bbe800 JavaThread "jar transforms Thread 27" [_thread_blocked, id=12760, stack(0x00000000241d0000,0x00000000242d0000)]
  0x0000000018bc5000 JavaThread "jar transforms Thread 26" [_thread_blocked, id=12856, stack(0x00000000240d0000,0x00000000241d0000)]
  0x0000000018bbd800 JavaThread "jar transforms Thread 25" [_thread_blocked, id=11604, stack(0x0000000023fd0000,0x00000000240d0000)]
  0x0000000018bc2000 JavaThread "jar transforms Thread 24" [_thread_blocked, id=4648, stack(0x0000000023ed0000,0x0000000023fd0000)]
  0x0000000018bc4800 JavaThread "jar transforms Thread 23" [_thread_blocked, id=7188, stack(0x0000000023dd0000,0x0000000023ed0000)]
  0x0000000018bbd000 JavaThread "jar transforms Thread 22" [_thread_blocked, id=9616, stack(0x0000000023cd0000,0x0000000023dd0000)]
  0x0000000018bc1800 JavaThread "jar transforms Thread 21" [_thread_blocked, id=6212, stack(0x0000000023bd0000,0x0000000023cd0000)]
  0x0000000018bc3000 JavaThread "jar transforms Thread 20" [_thread_blocked, id=6460, stack(0x0000000023ad0000,0x0000000023bd0000)]
  0x0000000018bc0000 JavaThread "jar transforms Thread 19" [_thread_blocked, id=5288, stack(0x00000000239d0000,0x0000000023ad0000)]
  0x0000000018bc0800 JavaThread "jar transforms Thread 18" [_thread_blocked, id=3088, stack(0x00000000238d0000,0x00000000239d0000)]
  0x0000000018bc3800 JavaThread "jar transforms Thread 17" [_thread_blocked, id=6608, stack(0x00000000237d0000,0x00000000238d0000)]
  0x0000000018bbf000 JavaThread "jar transforms Thread 16" [_thread_blocked, id=9736, stack(0x00000000236d0000,0x00000000237d0000)]
  0x000000001db14800 JavaThread "jar transforms Thread 15" [_thread_blocked, id=1532, stack(0x00000000235d0000,0x00000000236d0000)]
  0x000000001db14000 JavaThread "jar transforms Thread 14" [_thread_blocked, id=10964, stack(0x00000000234d0000,0x00000000235d0000)]
  0x000000001db13000 JavaThread "jar transforms Thread 13" [_thread_blocked, id=10324, stack(0x00000000233d0000,0x00000000234d0000)]
  0x000000001db15800 JavaThread "jar transforms Thread 12" [_thread_blocked, id=12528, stack(0x00000000232d0000,0x00000000233d0000)]
  0x000000001db11800 JavaThread "jar transforms Thread 11" [_thread_blocked, id=11712, stack(0x00000000231d0000,0x00000000232d0000)]
  0x000000001db12800 JavaThread "jar transforms Thread 10" [_thread_blocked, id=13072, stack(0x00000000230d0000,0x00000000231d0000)]
  0x000000001db11000 JavaThread "jar transforms Thread 9" [_thread_blocked, id=10672, stack(0x0000000022fd0000,0x00000000230d0000)]
  0x000000001db10000 JavaThread "jar transforms Thread 8" [_thread_blocked, id=10444, stack(0x0000000022ed0000,0x0000000022fd0000)]
  0x000000001db0e800 JavaThread "jar transforms Thread 7" [_thread_blocked, id=3464, stack(0x0000000022dd0000,0x0000000022ed0000)]
  0x000000001db0f800 JavaThread "jar transforms Thread 6" [_thread_blocked, id=1952, stack(0x0000000022cd0000,0x0000000022dd0000)]
  0x000000001db0e000 JavaThread "jar transforms Thread 5" [_thread_blocked, id=10228, stack(0x0000000022bd0000,0x0000000022cd0000)]
  0x000000001db07000 JavaThread "jar transforms Thread 4" [_thread_blocked, id=5416, stack(0x0000000022ad0000,0x0000000022bd0000)]
  0x000000001db0d000 JavaThread "jar transforms Thread 3" [_thread_blocked, id=796, stack(0x00000000229d0000,0x0000000022ad0000)]
  0x000000001db0c800 JavaThread "jar transforms Thread 2" [_thread_blocked, id=9708, stack(0x00000000228d0000,0x00000000229d0000)]
  0x000000001a054800 JavaThread "Cache worker for file content cache (C:\Users\Sajithan\.gradle\caches\6.5\fileContent)" [_thread_blocked, id=6688, stack(0x0000000020a80000,0x0000000020b80000)]
  0x000000001a053000 JavaThread "jar transforms" [_thread_blocked, id=576, stack(0x0000000020190000,0x0000000020290000)]
  0x000000001a057800 JavaThread "Cache worker for execution history cache (C:\Users\Sajithan\.gradle\caches\6.5\executionHistory)" [_thread_blocked, id=9796, stack(0x0000000020090000,0x0000000020190000)]
  0x000000001a056000 JavaThread "Cache worker for file hash cache (C:\Users\Sajithan\.gradle\caches\6.5\fileHashes)" [_thread_blocked, id=9048, stack(0x000000001c6a0000,0x000000001c7a0000)]
  0x000000001a058000 JavaThread "File lock request listener" [_thread_in_native, id=12648, stack(0x000000001c5a0000,0x000000001c6a0000)]
  0x0000000019fde000 JavaThread "Cache worker for journal cache (C:\Users\Sajithan\.gradle\caches\journal-1)" [_thread_blocked, id=10992, stack(0x000000001c3a0000,0x000000001c4a0000)]
  0x0000000019fcf000 JavaThread "Daemon worker" [_thread_in_Java, id=9524, stack(0x000000001bda0000,0x000000001bea0000)]
  0x0000000019f95000 JavaThread "Daemon" [_thread_blocked, id=5952, stack(0x000000001b8a0000,0x000000001b9a0000)]
  0x0000000019f9d000 JavaThread "Daemon periodic checks" [_thread_blocked, id=12792, stack(0x000000001b7a0000,0x000000001b8a0000)]
  0x0000000019f0e000 JavaThread "Incoming local TCP Connector on port 56973" [_thread_in_native, id=5048, stack(0x000000001b560000,0x000000001b660000)]
  0x0000000019e64800 JavaThread "Daemon health stats" [_thread_blocked, id=3908, stack(0x000000001af20000,0x000000001b020000)]
  0x000000001668d800 JavaThread "Service Thread" daemon [_thread_blocked, id=10316, stack(0x0000000018380000,0x0000000018480000)]
  0x000000001664c800 JavaThread "C1 CompilerThread2" daemon [_thread_blocked, id=7560, stack(0x0000000017e80000,0x0000000017f80000)]
=>0x000000001663c000 JavaThread "C2 CompilerThread1" daemon [_thread_in_native, id=7540, stack(0x0000000017d80000,0x0000000017e80000)]
  0x0000000016637800 JavaThread "C2 CompilerThread0" daemon [_thread_in_native, id=12580, stack(0x0000000017c80000,0x0000000017d80000)]
  0x0000000016637000 JavaThread "Attach Listener" daemon [_thread_blocked, id=6748, stack(0x0000000017b80000,0x0000000017c80000)]
  0x0000000016634800 JavaThread "Signal Dispatcher" daemon [_thread_blocked, id=9732, stack(0x0000000017a80000,0x0000000017b80000)]
  0x0000000002cbc800 JavaThread "Finalizer" daemon [_thread_blocked, id=12720, stack(0x0000000017880000,0x0000000017980000)]
  0x0000000016619000 JavaThread "Reference Handler" daemon [_thread_blocked, id=12372, stack(0x0000000017780000,0x0000000017880000)]
  0x0000000002bc2800 JavaThread "main" [_thread_blocked, id=7004, stack(0x0000000002a80000,0x0000000002b80000)]

Other Threads:
  0x00000000165f5800 VMThread [stack: 0x0000000017680000,0x0000000017780000] [id=3140]
  0x000000001668e800 WatcherThread [stack: 0x0000000018480000,0x0000000018580000] [id=12848]

VM state:not at safepoint (normal execution)

VM Mutex/Monitor currently owned by a thread: None

heap address: 0x00000000a0000000, size: 1536 MB, Compressed Oops mode: 32-bit
Narrow klass base: 0x0000000000000000, Narrow klass shift: 3
Compressed class space size: 1073741824 Address: 0x0000000100000000

Heap:
 PSYoungGen      total 252416K, used 183263K [0x00000000e0000000, 0x00000000f1600000, 0x0000000100000000)
  eden space 232448K, 70% used [0x00000000e0000000,0x00000000e9f7d338,0x00000000ee300000)
  from space 19968K, 99% used [0x00000000ee300000,0x00000000ef67aa28,0x00000000ef680000)
  to   space 19968K, 0% used [0x00000000ef680000,0x00000000ef680000,0x00000000f0a00000)
 ParOldGen       total 103424K, used 30812K [0x00000000a0000000, 0x00000000a6500000, 0x00000000e0000000)
  object space 103424K, 29% used [0x00000000a0000000,0x00000000a1e170a0,0x00000000a6500000)
 Metaspace       used 72148K, capacity 75352K, committed 75544K, reserved 1114112K
  class space    used 9565K, capacity 10205K, committed 10280K, reserved 1048576K

Card table byte_map: [0x0000000012080000,0x0000000012390000] byte_map_base: 0x0000000011b80000

Marking Bits: (ParMarkBitMap*) 0x000000006d9cf030
 Begin Bits: [0x0000000012990000, 0x0000000014190000)
 End Bits:   [0x0000000014190000, 0x0000000015990000)

Polling page: 0x0000000002a00000

CodeCache: size=245760Kb used=26615Kb max_used=26615Kb free=219144Kb
 bounds [0x0000000002cc0000, 0x00000000046e0000, 0x0000000011cc0000]
 total_blobs=9353 nmethods=8548 adapters=717
 compilation: enabled

Compilation events (10 events):
Event: 75.591 Thread 0x000000001664c800 9716       3       com.android.ide.common.resources.ResourceMergerItem::getSourceType (47 bytes)
Event: 75.591 Thread 0x000000001664c800 nmethod 9716 0x00000000046dbc90 code [0x00000000046dbe80, 0x00000000046dc948]
Event: 75.591 Thread 0x000000001664c800 9712       3       com.google.common.collect.LinkedListMultimap$NodeIterator::next (5 bytes)
Event: 75.591 Thread 0x000000001664c800 nmethod 9712 0x00000000046d4990 code [0x00000000046d4b00, 0x00000000046d4c88]
Event: 75.591 Thread 0x000000001664c800 9713       3       com.google.common.collect.LinkedListMultimap$NodeIterator::next (50 bytes)
Event: 75.592 Thread 0x000000001664c800 nmethod 9713 0x00000000046dcd50 code [0x00000000046dcf00, 0x00000000046dd3d8]
Event: 75.592 Thread 0x000000001664c800 9714       3       com.google.common.collect.LinkedListMultimap$1ValuesImpl$1::transform (9 bytes)
Event: 75.592 Thread 0x000000001664c800 nmethod 9714 0x00000000046dd6d0 code [0x00000000046dd840, 0x00000000046ddbc8]
Event: 75.592 Thread 0x000000001664c800 9715       3       com.google.common.collect.LinkedListMultimap$1ValuesImpl$1::transform (7 bytes)
Event: 75.592 Thread 0x000000001664c800 nmethod 9715 0x00000000046ddd10 code [0x00000000046dde80, 0x00000000046de0a8]

GC Heap History (10 events):
Event: 6.165 GC heap before
{Heap before GC invocations=12 (full 2):
 PSYoungGen      total 139776K, used 128512K [0x00000000e0000000, 0x00000000ecc00000, 0x0000000100000000)
  eden space 128512K, 100% used [0x00000000e0000000,0x00000000e7d80000,0x00000000e7d80000)
  from space 11264K, 0% used [0x00000000e7d80000,0x00000000e7d80000,0x00000000e8880000)
  to   space 12800K, 0% used [0x00000000ebf80000,0x00000000ebf80000,0x00000000ecc00000)
 ParOldGen       total 72192K, used 17610K [0x00000000a0000000, 0x00000000a4680000, 0x00000000e0000000)
  object space 72192K, 24% used [0x00000000a0000000,0x00000000a1132a18,0x00000000a4680000)
 Metaspace       used 39883K, capacity 41650K, committed 41768K, reserved 1085440K
  class space    used 5488K, capacity 5858K, committed 5928K, reserved 1048576K
Event: 6.181 GC heap after
Heap after GC invocations=12 (full 2):
 PSYoungGen      total 184320K, used 9331K [0x00000000e0000000, 0x00000000ec900000, 0x0000000100000000)
  eden space 174592K, 0% used [0x00000000e0000000,0x00000000e0000000,0x00000000eaa80000)
  from space 9728K, 95% used [0x00000000ebf80000,0x00000000ec89cf58,0x00000000ec900000)
  to   space 13312K, 0% used [0x00000000eaf00000,0x00000000eaf00000,0x00000000ebc00000)
 ParOldGen       total 72192K, used 17618K [0x00000000a0000000, 0x00000000a4680000, 0x00000000e0000000)
  object space 72192K, 24% used [0x00000000a0000000,0x00000000a1134a18,0x00000000a4680000)
 Metaspace       used 39883K, capacity 41650K, committed 41768K, reserved 1085440K
  class space    used 5488K, capacity 5858K, committed 5928K, reserved 1048576K
}
Event: 8.935 GC heap before
{Heap before GC invocations=13 (full 2):
 PSYoungGen      total 184320K, used 183923K [0x00000000e0000000, 0x00000000ec900000, 0x0000000100000000)
  eden space 174592K, 100% used [0x00000000e0000000,0x00000000eaa80000,0x00000000eaa80000)
  from space 9728K, 95% used [0x00000000ebf80000,0x00000000ec89cf58,0x00000000ec900000)
  to   space 13312K, 0% used [0x00000000eaf00000,0x00000000eaf00000,0x00000000ebc00000)
 ParOldGen       total 72192K, used 17618K [0x00000000a0000000, 0x00000000a4680000, 0x00000000e0000000)
  object space 72192K, 24% used [0x00000000a0000000,0x00000000a1134a18,0x00000000a4680000)
 Metaspace       used 55918K, capacity 58224K, committed 58408K, reserved 1099776K
  class space    used 7617K, capacity 8141K, committed 8232K, reserved 1048576K
Event: 8.980 GC heap after
Heap after GC invocations=13 (full 2):
 PSYoungGen      total 192512K, used 13310K [0x00000000e0000000, 0x00000000f0a00000, 0x0000000100000000)
  eden space 179200K, 0% used [0x00000000e0000000,0x00000000e0000000,0x00000000eaf00000)
  from space 13312K, 99% used [0x00000000eaf00000,0x00000000ebbff9f0,0x00000000ebc00000)
  to   space 19968K, 0% used [0x00000000ef680000,0x00000000ef680000,0x00000000f0a00000)
 ParOldGen       total 72192K, used 30493K [0x00000000a0000000, 0x00000000a4680000, 0x00000000e0000000)
  object space 72192K, 42% used [0x00000000a0000000,0x00000000a1dc7718,0x00000000a4680000)
 Metaspace       used 55918K, capacity 58224K, committed 58408K, reserved 1099776K
  class space    used 7617K, capacity 8141K, committed 8232K, reserved 1048576K
}
Event: 9.157 GC heap before
{Heap before GC invocations=14 (full 2):
 PSYoungGen      total 192512K, used 26766K [0x00000000e0000000, 0x00000000f0a00000, 0x0000000100000000)
  eden space 179200K, 7% used [0x00000000e0000000,0x00000000e0d24030,0x00000000eaf00000)
  from space 13312K, 99% used [0x00000000eaf00000,0x00000000ebbff9f0,0x00000000ebc00000)
  to   space 19968K, 0% used [0x00000000ef680000,0x00000000ef680000,0x00000000f0a00000)
 ParOldGen       total 72192K, used 30493K [0x00000000a0000000, 0x00000000a4680000, 0x00000000e0000000)
  object space 72192K, 42% used [0x00000000a0000000,0x00000000a1dc7718,0x00000000a4680000)
 Metaspace       used 56678K, capacity 58976K, committed 59160K, reserved 1099776K
  class space    used 7732K, capacity 8215K, committed 8232K, reserved 1048576K
Event: 9.175 GC heap after
Heap after GC invocations=14 (full 2):
 PSYoungGen      total 252416K, used 1184K [0x00000000e0000000, 0x00000000f1600000, 0x0000000100000000)
  eden space 232448K, 0% used [0x00000000e0000000,0x00000000e0000000,0x00000000ee300000)
  from space 19968K, 5% used [0x00000000ef680000,0x00000000ef7a8000,0x00000000f0a00000)
  to   space 19968K, 0% used [0x00000000ee300000,0x00000000ee300000,0x00000000ef680000)
 ParOldGen       total 72192K, used 41473K [0x00000000a0000000, 0x00000000a4680000, 0x00000000e0000000)
  object space 72192K, 57% used [0x00000000a0000000,0x00000000a2880750,0x00000000a4680000)
 Metaspace       used 56678K, capacity 58976K, committed 59160K, reserved 1099776K
  class space    used 7732K, capacity 8215K, committed 8232K, reserved 1048576K
}
Event: 9.176 GC heap before
{Heap before GC invocations=15 (full 3):
 PSYoungGen      total 252416K, used 1184K [0x00000000e0000000, 0x00000000f1600000, 0x0000000100000000)
  eden space 232448K, 0% used [0x00000000e0000000,0x00000000e0000000,0x00000000ee300000)
  from space 19968K, 5% used [0x00000000ef680000,0x00000000ef7a8000,0x00000000f0a00000)
  to   space 19968K, 0% used [0x00000000ee300000,0x00000000ee300000,0x00000000ef680000)
 ParOldGen       total 72192K, used 41473K [0x00000000a0000000, 0x00000000a4680000, 0x00000000e0000000)
  object space 72192K, 57% used [0x00000000a0000000,0x00000000a2880750,0x00000000a4680000)
 Metaspace       used 56678K, capacity 58976K, committed 59160K, reserved 1099776K
  class space    used 7732K, capacity 8215K, committed 8232K, reserved 1048576K
Event: 9.426 GC heap after
Heap after GC invocations=15 (full 3):
 PSYoungGen      total 252416K, used 0K [0x00000000e0000000, 0x00000000f1600000, 0x0000000100000000)
  eden space 232448K, 0% used [0x00000000e0000000,0x00000000e0000000,0x00000000ee300000)
  from space 19968K, 0% used [0x00000000ef680000,0x00000000ef680000,0x00000000f0a00000)
  to   space 19968K, 0% used [0x00000000ee300000,0x00000000ee300000,0x00000000ef680000)
 ParOldGen       total 103424K, used 28809K [0x00000000a0000000, 0x00000000a6500000, 0x00000000e0000000)
  object space 103424K, 27% used [0x00000000a0000000,0x00000000a1c225a0,0x00000000a6500000)
 Metaspace       used 56678K, capacity 58976K, committed 59160K, reserved 1099776K
  class space    used 7732K, capacity 8215K, committed 8232K, reserved 1048576K
}
Event: 33.314 GC heap before
{Heap before GC invocations=16 (full 3):
 PSYoungGen      total 252416K, used 232448K [0x00000000e0000000, 0x00000000f1600000, 0x0000000100000000)
  eden space 232448K, 100% used [0x00000000e0000000,0x00000000ee300000,0x00000000ee300000)
  from space 19968K, 0% used [0x00000000ef680000,0x00000000ef680000,0x00000000f0a00000)
  to   space 19968K, 0% used [0x00000000ee300000,0x00000000ee300000,0x00000000ef680000)
 ParOldGen       total 103424K, used 28809K [0x00000000a0000000, 0x00000000a6500000, 0x00000000e0000000)
  object space 103424K, 27% used [0x00000000a0000000,0x00000000a1c225a0,0x00000000a6500000)
 Metaspace       used 69886K, capacity 73010K, committed 73368K, reserved 1112064K
  class space    used 9407K, capacity 10034K, committed 10152K, reserved 1048576K
Event: 33.338 GC heap after
Heap after GC invocations=16 (full 3):
 PSYoungGen      total 252416K, used 19946K [0x00000000e0000000, 0x00000000f1600000, 0x0000000100000000)
  eden space 232448K, 0% used [0x00000000e0000000,0x00000000e0000000,0x00000000ee300000)
  from space 19968K, 99% used [0x00000000ee300000,0x00000000ef67aa28,0x00000000ef680000)
  to   space 19968K, 0% used [0x00000000ef680000,0x00000000ef680000,0x00000000f0a00000)
 ParOldGen       total 103424K, used 30812K [0x00000000a0000000, 0x00000000a6500000, 0x00000000e0000000)
  object space 103424K, 29% used [0x00000000a0000000,0x00000000a1e170a0,0x00000000a6500000)
 Metaspace       used 69886K, capacity 73010K, committed 73368K, reserved 1112064K
  class space    used 9407K, capacity 10034K, committed 10152K, reserved 1048576K
}

Deoptimization events (10 events):
Event: 74.244 Thread 0x0000000018bbe800 Uncommon trap: reason=unstable_if action=reinterpret pc=0x0000000003814bdc method=java.util.concurrent.SynchronousQueue$TransferStack.shouldSpin(Ljava/util/concurrent/SynchronousQueue$TransferStack$SNode;)Z @ 7
Event: 74.923 Thread 0x0000000019fcf000 Uncommon trap: reason=array_check action=maybe_recompile pc=0x0000000004249344 method=com.google.common.collect.ImmutableSet.construct(I[Ljava/lang/Object;)Lcom/google/common/collect/ImmutableSet; @ 122
Event: 74.924 Thread 0x0000000019fcf000 Uncommon trap: reason=array_check action=maybe_recompile pc=0x0000000004249344 method=com.google.common.collect.ImmutableSet.construct(I[Ljava/lang/Object;)Lcom/google/common/collect/ImmutableSet; @ 122
Event: 74.981 Thread 0x0000000019fcf000 Uncommon trap: reason=array_check action=maybe_recompile pc=0x0000000004249344 method=com.google.common.collect.ImmutableSet.construct(I[Ljava/lang/Object;)Lcom/google/common/collect/ImmutableSet; @ 122
Event: 75.320 Thread 0x0000000019fcf000 Uncommon trap: reason=unstable_if action=reinterpret pc=0x0000000003a5a108 method=com.sun.org.apache.xerces.internal.util.SymbolTable.addSymbol([CII)Ljava/lang/String; @ 64
Event: 75.322 Thread 0x0000000019fcf000 Uncommon trap: reason=unstable_if action=reinterpret pc=0x00000000039939bc method=sun.nio.cs.UTF_8$Decoder.decodeArrayLoop(Ljava/nio/ByteBuffer;Ljava/nio/CharBuffer;)Ljava/nio/charset/CoderResult; @ 84
Event: 75.325 Thread 0x0000000019fcf000 Uncommon trap: reason=unstable_if action=reinterpret pc=0x00000000032b3b44 method=sun.nio.cs.UTF_8$Decoder.decodeArrayLoop(Ljava/nio/ByteBuffer;Ljava/nio/CharBuffer;)Ljava/nio/charset/CoderResult; @ 84
Event: 75.336 Thread 0x0000000019fcf000 Uncommon trap: reason=unstable_if action=reinterpret pc=0x00000000042319b0 method=com.sun.org.apache.xerces.internal.impl.XMLEntityScanner.scanContent(Lcom/sun/org/apache/xerces/internal/xni/XMLString;)I @ 44
Event: 75.366 Thread 0x0000000019fcf000 Uncommon trap: reason=unstable_if action=reinterpret pc=0x000000000460fd4c method=com.sun.org.apache.xerces.internal.impl.XMLEntityScanner.scanLiteral(ILcom/sun/org/apache/xerces/internal/xni/XMLString;Z)I @ 44
Event: 75.395 Thread 0x0000000019fcf000 Uncommon trap: reason=unstable_if action=reinterpret pc=0x0000000003a6f9f8 method=com.sun.org.apache.xerces.internal.dom.DeferredDocumentImpl.clearChunkValue([[Ljava/lang/Object;II)Ljava/lang/String; @ 3

Classes redefined (0 events):
No events

Internal exceptions (10 events):
Event: 34.390 Thread 0x000000001ca77000 Exception <a 'sun/nio/fs/WindowsException'> (0x00000000e5d4cb20) thrown at [C:\src\AOSP-openjdk-git\hotspot\src\share\vm\prims\jni.cpp, line 710]
Event: 34.390 Thread 0x000000001ca77000 Exception <a 'sun/nio/fs/WindowsException'> (0x00000000e5d4dc30) thrown at [C:\src\AOSP-openjdk-git\hotspot\src\share\vm\prims\jni.cpp, line 710]
Event: 34.390 Thread 0x000000001ca77000 Exception <a 'sun/nio/fs/WindowsException'> (0x00000000e5d4e8c0) thrown at [C:\src\AOSP-openjdk-git\hotspot\src\share\vm\prims\jni.cpp, line 710]
Event: 34.390 Thread 0x000000001ca77000 Exception <a 'sun/nio/fs/WindowsException'> (0x00000000e5d4f9a0) thrown at [C:\src\AOSP-openjdk-git\hotspot\src\share\vm\prims\jni.cpp, line 710]
Event: 36.286 Thread 0x000000001ca70000 Exception <a 'java/io/IOException'> (0x00000000e5f492b0) thrown at [C:\src\AOSP-openjdk-git\hotspot\src\share\vm\prims\jni.cpp, line 710]
Event: 36.287 Thread 0x000000001ca77000 Exception <a 'java/lang/reflect/InvocationTargetException'> (0x00000000e5f83560) thrown at [C:\src\AOSP-openjdk-git\hotspot\src\share\vm\runtime\reflection.cpp, line 1092]
Event: 74.268 Thread 0x0000000019fcf000 Exception <a 'sun/nio/fs/WindowsException'> (0x00000000e72e8008) thrown at [C:\src\AOSP-openjdk-git\hotspot\src\share\vm\prims\jni.cpp, line 710]
Event: 74.929 Thread 0x0000000019fcf000 Exception <a 'sun/nio/fs/WindowsException'> (0x00000000e77552a8) thrown at [C:\src\AOSP-openjdk-git\hotspot\src\share\vm\prims\jni.cpp, line 710]
Event: 75.395 Thread 0x0000000019fcf000 Implicit null exception at 0x0000000003a6f85e to 0x0000000003a6f9e1
Event: 75.503 Thread 0x0000000019fcf000 Exception <a 'java/lang/NoSuchMethodError': java.lang.Object.lambda$codePoints$1()Ljava/util/Spliterator$OfInt;> (0x00000000e97d8a58) thrown at [C:\src\AOSP-openjdk-git\hotspot\src\share\vm\interpreter\linkResolver.cpp, line 620]

Events (10 events):
Event: 75.587 loading class com/google/common/collect/HashBasedTable$Factory
Event: 75.587 loading class com/google/common/collect/HashBasedTable$Factory done
Event: 75.587 loading class com/google/common/collect/LinkedListMultimap$1ValuesImpl
Event: 75.587 loading class com/google/common/collect/LinkedListMultimap$1ValuesImpl done
Event: 75.588 loading class com/google/common/collect/LinkedListMultimap$NodeIterator
Event: 75.588 loading class com/google/common/collect/LinkedListMultimap$NodeIterator done
Event: 75.589 loading class com/google/common/collect/LinkedListMultimap$1ValuesImpl$1
Event: 75.589 loading class com/google/common/collect/LinkedListMultimap$1ValuesImpl$1 done
Event: 75.589 loading class com/google/common/collect/TransformedListIterator
Event: 75.589 loading class com/google/common/collect/TransformedListIterator done


Dynamic libraries:
0x00007ff6201c0000 - 0x00007ff6201f1000 	C:\Program Files\Android\Android Studio\jre\bin\java.exe
0x00007ff865010000 - 0x00007ff865206000 	C:\WINDOWS\SYSTEM32\ntdll.dll
0x00007ff8637e0000 - 0x00007ff86389d000 	C:\WINDOWS\System32\KERNEL32.DLL
0x00007ff862800000 - 0x00007ff862ac8000 	C:\WINDOWS\System32\KERNELBASE.dll
0x00007ff864db0000 - 0x00007ff864e5a000 	C:\WINDOWS\System32\ADVAPI32.dll
0x00007ff863380000 - 0x00007ff86341e000 	C:\WINDOWS\System32\msvcrt.dll
0x00007ff863110000 - 0x00007ff8631ab000 	C:\WINDOWS\System32\sechost.dll
0x00007ff8639d0000 - 0x00007ff863af4000 	C:\WINDOWS\System32\RPCRT4.dll
0x00007ff8631b0000 - 0x00007ff863350000 	C:\WINDOWS\System32\USER32.dll
0x00007ff862b00000 - 0x00007ff862b22000 	C:\WINDOWS\System32\win32u.dll
0x00007ff863080000 - 0x00007ff8630aa000 	C:\WINDOWS\System32\GDI32.dll
0x00007ff862b30000 - 0x00007ff862c39000 	C:\WINDOWS\System32\gdi32full.dll
0x00007ff862760000 - 0x00007ff8627fd000 	C:\WINDOWS\System32\msvcp_win.dll
0x00007ff862cc0000 - 0x00007ff862dc0000 	C:\WINDOWS\System32\ucrtbase.dll
0x00007ff84fc90000 - 0x00007ff84ff2b000 	C:\WINDOWS\WinSxS\amd64_microsoft.windows.common-controls_6595b64144ccf1df_6.0.19041.488_none_ca04af081b815d21\COMCTL32.dll
0x00007ff863350000 - 0x00007ff863380000 	C:\WINDOWS\System32\IMM32.DLL
0x000000006c6b0000 - 0x000000006c782000 	C:\Program Files\Android\Android Studio\jre\jre\bin\msvcr100.dll
0x000000006d200000 - 0x000000006da4b000 	C:\Program Files\Android\Android Studio\jre\jre\bin\server\jvm.dll
0x00007ff864300000 - 0x00007ff864308000 	C:\WINDOWS\System32\PSAPI.DLL
0x00007ff853580000 - 0x00007ff8535a7000 	C:\WINDOWS\SYSTEM32\WINMM.dll
0x00007ff854ff0000 - 0x00007ff854ffa000 	C:\WINDOWS\SYSTEM32\VERSION.dll
0x00007ff84b610000 - 0x00007ff84b619000 	C:\WINDOWS\SYSTEM32\WSOCK32.dll
0x00007ff8641e0000 - 0x00007ff86424b000 	C:\WINDOWS\System32\WS2_32.dll
0x00007ff853090000 - 0x00007ff85309f000 	C:\Program Files\Android\Android Studio\jre\jre\bin\verify.dll
0x00007ff84edd0000 - 0x00007ff84edf9000 	C:\Program Files\Android\Android Studio\jre\jre\bin\java.dll
0x00007ff852f60000 - 0x00007ff852f76000 	C:\Program Files\Android\Android Studio\jre\jre\bin\zip.dll
0x00007ff8644f0000 - 0x00007ff864c30000 	C:\WINDOWS\System32\SHELL32.dll
0x00007ff8604e0000 - 0x00007ff860c74000 	C:\WINDOWS\SYSTEM32\windows.storage.dll
0x00007ff863480000 - 0x00007ff8637d5000 	C:\WINDOWS\System32\combase.dll
0x00007ff8621d0000 - 0x00007ff8621fc000 	C:\WINDOWS\SYSTEM32\Wldp.dll
0x00007ff863b10000 - 0x00007ff863bbe000 	C:\WINDOWS\System32\SHCORE.dll
0x00007ff8630b0000 - 0x00007ff863105000 	C:\WINDOWS\System32\shlwapi.dll
0x00007ff862690000 - 0x00007ff8626b6000 	C:\WINDOWS\SYSTEM32\profapi.dll
0x00007ff84ec50000 - 0x00007ff84ec6a000 	C:\Program Files\Android\Android Studio\jre\jre\bin\net.dll
0x00007ff861f50000 - 0x00007ff861fba000 	C:\WINDOWS\system32\mswsock.dll
0x00007ff84ebc0000 - 0x00007ff84ebd3000 	C:\Program Files\Android\Android Studio\jre\jre\bin\nio.dll
0x00007ff83de90000 - 0x00007ff83deb7000 	C:\Users\Sajithan\.gradle\native\f6784746aeab05261644944871eae4fe03e0ef1612fff0a4a95f87b438bc6780\windows-amd64\native-platform.dll
0x00007ff84f9c0000 - 0x00007ff84f9cd000 	C:\Program Files\Android\Android Studio\jre\jre\bin\management.dll
0x00007ff862130000 - 0x00007ff862148000 	C:\WINDOWS\SYSTEM32\CRYPTSP.dll
0x00007ff861870000 - 0x00007ff8618a4000 	C:\WINDOWS\system32\rsaenh.dll
0x00007ff862ad0000 - 0x00007ff862af7000 	C:\WINDOWS\System32\bcrypt.dll
0x00007ff862610000 - 0x00007ff86263e000 	C:\WINDOWS\SYSTEM32\USERENV.dll
0x00007ff862c40000 - 0x00007ff862cbf000 	C:\WINDOWS\System32\bcryptprimitives.dll
0x00007ff862120000 - 0x00007ff86212c000 	C:\WINDOWS\SYSTEM32\CRYPTBASE.dll
0x00007ff861bf0000 - 0x00007ff861c2b000 	C:\WINDOWS\SYSTEM32\IPHLPAPI.DLL
0x00007ff863b00000 - 0x00007ff863b09000 	C:\WINDOWS\System32\NSI.dll
0x00007ff854750000 - 0x00007ff854767000 	C:\WINDOWS\SYSTEM32\dhcpcsvc6.DLL
0x00007ff854890000 - 0x00007ff8548ad000 	C:\WINDOWS\SYSTEM32\dhcpcsvc.DLL
0x00007ff861c40000 - 0x00007ff861d0b000 	C:\WINDOWS\SYSTEM32\DNSAPI.dll
0x00007ff854d80000 - 0x00007ff854d8b000 	C:\WINDOWS\SYSTEM32\WINNSI.DLL

VM Arguments:
jvm_args: -Xmx1536m -Dfile.encoding=windows-1252 -Duser.country=GB -Duser.language=en -Duser.variant 
java_command: org.gradle.launcher.daemon.bootstrap.GradleDaemon 6.5
java_class_path (initial): C:\Users\Sajithan\.gradle\wrapper\dists\gradle-6.5-all\2oz4ud9k3tuxjg84bbf55q0tn\gradle-6.5\lib\gradle-launcher-6.5.jar
Launcher Type: SUN_STANDARD

Environment Variables:
JAVA_HOME=C:\Program Files\Java\jdk-12.0.1
PATH=C:\Python39\Scripts\;C:\Python39\;C:\Python27\;C:\Python27\Scripts;C:\ProgramData\Anaconda3;C:\ProgramData\Anaconda3\Library\mingw-w64\bin;C:\ProgramData\Anaconda3\Library\usr\bin;C:\ProgramData\Anaconda3\Library\bin;C:\ProgramData\Anaconda3\Scripts;C:\wamp64\bin\php\php7.4.0;C:\Program Files (x86)\Common Files\Oracle\Java\javapath;C:\Windows\system32;C:\Windows;C:\Windows\System32\Wbem;C:\Windows\System32\WindowsPowerShell\v1.0\;C:\Windows\System32\OpenSSH\;C:\Program Files (x86)\NVIDIA Corporation\PhysX\Common;c:\Users\Sajithan\AppData\Local\Android\Sdk\platform-tools;C:\Program Files\Java\jdk1.8.0_212\bin;C:\Program Files\Java\jdk-12.0.1\bin;C:\Program Files\NVIDIA Corporation\NVIDIA NvDLISR;C:\WINDOWS\system32;C:\WINDOWS;C:\WINDOWS\System32\Wbem;C:\WINDOWS\System32\WindowsPowerShell\v1.0\;C:\WINDOWS\System32\OpenSSH\;c:\Users\YOUR_USERNAME\AppData\Local\Android\Sdk\platform-tools;C:\Program Files\nodejs\;C:\ProgramData\chocolatey\bin;C:\composer;C:\Program Files\Dart\dart-sdk\bin;C:\Gradle\gradle-6.3\bin;C:\Program Files\dotnet\;C:\Program Files (x86)\dotnet\;C:\Users\Sajithan\AppData\Local\Microsoft\WindowsApps;C:\Users\Sajithan\AppData\Local\Programs\Microsoft VS Code\bin;c:\Users\Sajithan\AppData\Local\Android\Sdk\platform-tools;C:\Users\Sajithan\AppData\Local\GitHubDesktop\bin;c:\Users\YOUR_USERNAME\AppData\Local\Android\Sdk\platform-tools;C:\Users\Sajithan\AppData\Roaming\npm;C:\Users\Sajithan\AppData\Roaming\Composer\vendor\bin;C:\flutter\bin;C:\Program Files\JetBrains\PyCharm Community Edition 2020.1\bin;C:\Users\Sajithan\.deno\bin;C:\Users\Sajithan\AppData\Local\Microsoft\WindowsApps;C:\Users\Sajithan\.dotnet\tools;C:\tools\dart-sdk\bin;C:\Users\Sajithan\AppData\Roaming\Pub\Cache\bin;C:\Users\Sajithan\AppData\Local\atom\bin
USERNAME=Sajithan
OS=Windows_NT
PROCESSOR_IDENTIFIER=Intel64 Family 6 Model 142 Stepping 9, GenuineIntel



---------------  S Y S T E M  ---------------

OS: Windows 10.0 , 64 bit Build 19041 (10.0.19041.546)

CPU:total 4 (initial active 4) (2 cores per cpu, 2 threads per core) family 6 model 142 stepping 9, cmov, cx8, fxsr, mmx, sse, sse2, sse3, ssse3, sse4.1, sse4.2, popcnt, avx, avx2, aes, clmul, erms, 3dnowpref, lzcnt, ht, tsc, tscinvbit, bmi1, bmi2, adx

Memory: 4k page, physical 8266284k(719616k free), swap 8266284k(6204k free)

vm_info: OpenJDK 64-Bit Server VM (25.242-b01) for windows-amd64 JRE (1.8.0_242-release-1644-b01), built by "builder" with MS VC++ 10.0 (VS2010)

time: Sun Nov 08 11:52:41 2020
timezone: Sri Lanka Standard Time
elapsed time: 75 seconds (0d 0h 1m 15s)

