#
# There is insufficient memory for the Java Runtime Environment to continue.
# Native memory allocation (malloc) failed to allocate 968976 bytes for Chunk::new
# Possible reasons:
#   The system is out of physical RAM or swap space
#   The process is running with CompressedOops enabled, and the Java Heap may be blocking the growth of the native heap
# Possible solutions:
#   Reduce memory load on the system
#   Increase physical memory or swap space
#   Check if swap backing store is full
#   Decrease Java heap size (-Xmx/-Xms)
#   Decrease number of Java threads
#   Decrease Java thread stack sizes (-Xss)
#   Set larger code cache with -XX:ReservedCodeCacheSize=
#   JVM is running with Unscaled Compressed Oops mode in which the Java heap is
#     placed in the first 4GB address space. The Java Heap base address is the
#     maximum limit for the native heap growth. Please use -XX:HeapBaseMinAddress
#     to set the Java Heap base and to place the Java Heap above 4GB virtual address.
# This output file may be truncated or incomplete.
#
#  Out of Memory Error (allocation.cpp:389), pid=4760, tid=0x00000000000007e4
#
# JRE version: OpenJDK Runtime Environment (8.0_212-b04) (build 1.8.0_212-release-1586-b04)
# Java VM: OpenJDK 64-Bit Server VM (25.212-b04 mixed mode windows-amd64 compressed oops)
# Failed to write core dump. Minidumps are not enabled by default on client versions of Windows
#

---------------  T H R E A D  ---------------

Current thread (0x0000000016779800):  JavaThread "C2 CompilerThread0" daemon [_thread_in_native, id=2020, stack(0x0000000017de0000,0x0000000017ee0000)]

Stack: [0x0000000017de0000,0x0000000017ee0000]
[error occurred during error reporting (printing stack bounds), id 0xc0000005]

Native frames: (J=compiled Java code, j=interpreted, Vv=VM code, C=native code)


Current CompileTask:
C2:   3489 1399       4       java.net.URLClassLoader$1::run (5 bytes)


---------------  P R O C E S S  ---------------

Java Threads: ( => current thread )
  0x0000000018451800 JavaThread "Cache worker for file hash cache (C:\Users\Sajithan\AndroidStudioProjects\examples\lite\examples\object_detection\SajiiVideoRentingShop\.gradle\5.6.4\fileHashes)" [_thread_blocked, id=14860, stack(0x000000001d6d0000,0x000000001d7d0000)]
  0x0000000018454800 JavaThread "Cache worker for journal cache (C:\Users\Sajithan\.gradle\caches\journal-1)" [_thread_blocked, id=8812, stack(0x000000001c500000,0x000000001c600000)]
  0x0000000018453000 JavaThread "File lock request listener" [_thread_in_native, id=11760, stack(0x000000001c400000,0x000000001c500000)]
  0x0000000018452800 JavaThread "Cache worker for file hash cache (C:\Users\Sajithan\.gradle\caches\5.6.4\fileHashes)" [_thread_blocked, id=8148, stack(0x000000001c300000,0x000000001c400000)]
  0x000000001a0e2000 JavaThread "Thread-9" [_thread_blocked, id=5656, stack(0x000000001c000000,0x000000001c100000)]
  0x000000001a0dd800 JavaThread "Stdin handler" [_thread_blocked, id=7868, stack(0x000000001bf00000,0x000000001c000000)]
  0x000000001a0e6000 JavaThread "Asynchronous log dispatcher for DefaultDaemonConnection: socket connection from /127.0.0.1:64915 to /127.0.0.1:64916" [_thread_blocked, id=9412, stack(0x000000001be00000,0x000000001bf00000)]
  0x000000001a110800 JavaThread "Daemon worker" [_thread_in_native, id=13444, stack(0x000000001bd00000,0x000000001be00000)]
  0x000000001a0ea800 JavaThread "Cancel handler" [_thread_blocked, id=2788, stack(0x000000001bc00000,0x000000001bd00000)]
  0x000000001a0c0000 JavaThread "Handler for socket connection from /127.0.0.1:64915 to /127.0.0.1:64916" [_thread_in_native, id=1092, stack(0x000000001b900000,0x000000001ba00000)]
  0x000000001a0b7000 JavaThread "Daemon" [_thread_blocked, id=12352, stack(0x000000001b800000,0x000000001b900000)]
  0x000000001a05e000 JavaThread "Daemon periodic checks" [_thread_blocked, id=13456, stack(0x000000001b700000,0x000000001b800000)]
  0x000000001a01c800 JavaThread "Incoming local TCP Connector on port 64915" [_thread_in_native, id=236, stack(0x000000001b4c0000,0x000000001b5c0000)]
  0x0000000018458800 JavaThread "Daemon health stats" [_thread_blocked, id=12236, stack(0x000000001ae80000,0x000000001af80000)]
  0x00000000167cd000 JavaThread "Service Thread" daemon [_thread_blocked, id=3856, stack(0x00000000184e0000,0x00000000185e0000)]
  0x0000000016784000 JavaThread "C1 CompilerThread2" daemon [_thread_blocked, id=10512, stack(0x0000000017fe0000,0x00000000180e0000)]
  0x000000001676e000 JavaThread "C2 CompilerThread1" daemon [_thread_in_native, id=13388, stack(0x0000000017ee0000,0x0000000017fe0000)]
=>0x0000000016779800 JavaThread "C2 CompilerThread0" daemon [_thread_in_native, id=2020, stack(0x0000000017de0000,0x0000000017ee0000)]
  0x0000000016778000 JavaThread "Attach Listener" daemon [_thread_blocked, id=9416, stack(0x0000000017ce0000,0x0000000017de0000)]
  0x0000000016776800 JavaThread "Signal Dispatcher" daemon [_thread_blocked, id=15196, stack(0x0000000017be0000,0x0000000017ce0000)]
  0x0000000002d0b800 JavaThread "Finalizer" daemon [_thread_blocked, id=12396, stack(0x00000000179e0000,0x0000000017ae0000)]
  0x0000000016759000 JavaThread "Reference Handler" daemon [_thread_blocked, id=6760, stack(0x00000000178e0000,0x00000000179e0000)]
  0x0000000002c12800 JavaThread "main" [_thread_blocked, id=4104, stack(0x0000000002ad0000,0x0000000002bd0000)]

Other Threads:
  0x0000000016735800 VMThread [stack: 0x00000000177e0000,0x00000000178e0000] [id=964]
  0x00000000167ce000 WatcherThread [stack: 0x00000000185e0000,0x00000000186e0000] [id=3528]

VM state:not at safepoint (normal execution)

VM Mutex/Monitor currently owned by a thread: None

heap address: 0x00000000a0000000, size: 1536 MB, Compressed Oops mode: 32-bit
Narrow klass base: 0x0000000000000000, Narrow klass shift: 3
Compressed class space size: 1073741824 Address: 0x0000000100000000

Heap:
 PSYoungGen      total 38400K, used 28773K [0x00000000e0000000, 0x00000000e2a80000, 0x0000000100000000)
  eden space 33280K, 86% used [0x00000000e0000000,0x00000000e1c19740,0x00000000e2080000)
  from space 5120K, 0% used [0x00000000e2080000,0x00000000e2080000,0x00000000e2580000)
  to   space 5120K, 0% used [0x00000000e2580000,0x00000000e2580000,0x00000000e2a80000)
 ParOldGen       total 55296K, used 6693K [0x00000000a0000000, 0x00000000a3600000, 0x00000000e0000000)
  object space 55296K, 12% used [0x00000000a0000000,0x00000000a0689480,0x00000000a3600000)
 Metaspace       used 18699K, capacity 19168K, committed 19328K, reserved 1067008K
  class space    used 2702K, capacity 2884K, committed 2944K, reserved 1048576K

Card table byte_map: [0x00000000121c0000,0x00000000124d0000] byte_map_base: 0x0000000011cc0000

Marking Bits: (ParMarkBitMap*) 0x000000005df89f30
 Begin Bits: [0x0000000012ad0000, 0x00000000142d0000)
 End Bits:   [0x00000000142d0000, 0x0000000015ad0000)

Polling page: 0x0000000002bd0000

CodeCache: size=245760Kb used=5551Kb max_used=5551Kb free=240208Kb
 bounds [0x0000000002e00000, 0x0000000003370000, 0x0000000011e00000]
 total_blobs=2030 nmethods=1618 adapters=325
 compilation: enabled

Compilation events (10 events):
Event: 2.807 Thread 0x0000000016784000 nmethod 1429 0x00000000032f0950 code [0x00000000032f0b80, 0x00000000032f1948]
Event: 2.807 Thread 0x0000000016784000 1430       3       java.util.zip.Inflater::finalize (5 bytes)
Event: 2.807 Thread 0x0000000016784000 nmethod 1430 0x00000000032f1f90 code [0x00000000032f2100, 0x00000000032f22a8]
Event: 2.812 Thread 0x0000000016784000 1432       3       org.gradle.internal.service.AbstractServiceMethod::<init> (42 bytes)
Event: 2.814 Thread 0x0000000016784000 nmethod 1432 0x00000000032f26d0 code [0x00000000032f2940, 0x00000000032f3c48]
Event: 2.817 Thread 0x0000000016784000 1433       3       java.lang.invoke.MethodType::insertParameterTypes (106 bytes)
Event: 2.818 Thread 0x0000000016784000 nmethod 1433 0x00000000032f4790 code [0x00000000032f4a40, 0x00000000032f5d48]
Event: 2.818 Thread 0x0000000016784000 1435       3       java.lang.invoke.LambdaForm::signatureArity (28 bytes)
Event: 2.819 Thread 0x0000000016784000 nmethod 1435 0x00000000032f67d0 code [0x00000000032f6940, 0x00000000032f6c28]
Event: 2.828 Thread 0x0000000016784000 1436       3       org.gradle.internal.service.DefaultServiceRegistry$OwnServices::getProviders (26 bytes)

GC Heap History (8 events):
Event: 0.810 GC heap before
{Heap before GC invocations=1 (full 0):
 PSYoungGen      total 38400K, used 33280K [0x00000000e0000000, 0x00000000e2a80000, 0x0000000100000000)
  eden space 33280K, 100% used [0x00000000e0000000,0x00000000e2080000,0x00000000e2080000)
  from space 5120K, 0% used [0x00000000e2580000,0x00000000e2580000,0x00000000e2a80000)
  to   space 5120K, 0% used [0x00000000e2080000,0x00000000e2080000,0x00000000e2580000)
 ParOldGen       total 87552K, used 0K [0x00000000a0000000, 0x00000000a5580000, 0x00000000e0000000)
  object space 87552K, 0% used [0x00000000a0000000,0x00000000a0000000,0x00000000a5580000)
 Metaspace       used 7010K, capacity 7264K, committed 7424K, reserved 1056768K
  class space    used 857K, capacity 940K, committed 1024K, reserved 1048576K
Event: 0.815 GC heap after
Heap after GC invocations=1 (full 0):
 PSYoungGen      total 38400K, used 4352K [0x00000000e0000000, 0x00000000e2a80000, 0x0000000100000000)
  eden space 33280K, 0% used [0x00000000e0000000,0x00000000e0000000,0x00000000e2080000)
  from space 5120K, 85% used [0x00000000e2080000,0x00000000e24c0310,0x00000000e2580000)
  to   space 5120K, 0% used [0x00000000e2580000,0x00000000e2580000,0x00000000e2a80000)
 ParOldGen       total 87552K, used 8K [0x00000000a0000000, 0x00000000a5580000, 0x00000000e0000000)
  object space 87552K, 0% used [0x00000000a0000000,0x00000000a0002000,0x00000000a5580000)
 Metaspace       used 7010K, capacity 7264K, committed 7424K, reserved 1056768K
  class space    used 857K, capacity 940K, committed 1024K, reserved 1048576K
}
Event: 1.069 GC heap before
{Heap before GC invocations=2 (full 0):
 PSYoungGen      total 38400K, used 37632K [0x00000000e0000000, 0x00000000e2a80000, 0x0000000100000000)
  eden space 33280K, 100% used [0x00000000e0000000,0x00000000e2080000,0x00000000e2080000)
  from space 5120K, 85% used [0x00000000e2080000,0x00000000e24c0310,0x00000000e2580000)
  to   space 5120K, 0% used [0x00000000e2580000,0x00000000e2580000,0x00000000e2a80000)
 ParOldGen       total 87552K, used 8K [0x00000000a0000000, 0x00000000a5580000, 0x00000000e0000000)
  object space 87552K, 0% used [0x00000000a0000000,0x00000000a0002000,0x00000000a5580000)
 Metaspace       used 7343K, capacity 7578K, committed 7680K, reserved 1056768K
  class space    used 908K, capacity 981K, committed 1024K, reserved 1048576K
Event: 1.073 GC heap after
Heap after GC invocations=2 (full 0):
 PSYoungGen      total 38400K, used 3489K [0x00000000e0000000, 0x00000000e2a80000, 0x0000000100000000)
  eden space 33280K, 0% used [0x00000000e0000000,0x00000000e0000000,0x00000000e2080000)
  from space 5120K, 68% used [0x00000000e2580000,0x00000000e28e8510,0x00000000e2a80000)
  to   space 5120K, 0% used [0x00000000e2080000,0x00000000e2080000,0x00000000e2580000)
 ParOldGen       total 87552K, used 16K [0x00000000a0000000, 0x00000000a5580000, 0x00000000e0000000)
  object space 87552K, 0% used [0x00000000a0000000,0x00000000a0004000,0x00000000a5580000)
 Metaspace       used 7343K, capacity 7578K, committed 7680K, reserved 1056768K
  class space    used 908K, capacity 981K, committed 1024K, reserved 1048576K
}
Event: 2.535 GC heap before
{Heap before GC invocations=3 (full 0):
 PSYoungGen      total 38400K, used 36769K [0x00000000e0000000, 0x00000000e2a80000, 0x0000000100000000)
  eden space 33280K, 100% used [0x00000000e0000000,0x00000000e2080000,0x00000000e2080000)
  from space 5120K, 68% used [0x00000000e2580000,0x00000000e28e8510,0x00000000e2a80000)
  to   space 5120K, 0% used [0x00000000e2080000,0x00000000e2080000,0x00000000e2580000)
 ParOldGen       total 87552K, used 16K [0x00000000a0000000, 0x00000000a5580000, 0x00000000e0000000)
  object space 87552K, 0% used [0x00000000a0000000,0x00000000a0004000,0x00000000a5580000)
 Metaspace       used 12396K, capacity 12746K, committed 12928K, reserved 1060864K
  class space    used 1673K, capacity 1803K, committed 1920K, reserved 1048576K
Event: 2.541 GC heap after
Heap after GC invocations=3 (full 0):
 PSYoungGen      total 38400K, used 5092K [0x00000000e0000000, 0x00000000e2a80000, 0x0000000100000000)
  eden space 33280K, 0% used [0x00000000e0000000,0x00000000e0000000,0x00000000e2080000)
  from space 5120K, 99% used [0x00000000e2080000,0x00000000e2579388,0x00000000e2580000)
  to   space 5120K, 0% used [0x00000000e2580000,0x00000000e2580000,0x00000000e2a80000)
 ParOldGen       total 87552K, used 1471K [0x00000000a0000000, 0x00000000a5580000, 0x00000000e0000000)
  object space 87552K, 1% used [0x00000000a0000000,0x00000000a016fe28,0x00000000a5580000)
 Metaspace       used 12396K, capacity 12746K, committed 12928K, reserved 1060864K
  class space    used 1673K, capacity 1803K, committed 1920K, reserved 1048576K
}
Event: 2.798 GC heap before
{Heap before GC invocations=4 (full 0):
 PSYoungGen      total 38400K, used 38372K [0x00000000e0000000, 0x00000000e2a80000, 0x0000000100000000)
  eden space 33280K, 100% used [0x00000000e0000000,0x00000000e2080000,0x00000000e2080000)
  from space 5120K, 99% used [0x00000000e2080000,0x00000000e2579388,0x00000000e2580000)
  to   space 5120K, 0% used [0x00000000e2580000,0x00000000e2580000,0x00000000e2a80000)
 ParOldGen       total 87552K, used 1471K [0x00000000a0000000, 0x00000000a5580000, 0x00000000e0000000)
  object space 87552K, 1% used [0x00000000a0000000,0x00000000a016fe28,0x00000000a5580000)
 Metaspace       used 14692K, capacity 15028K, committed 15232K, reserved 1062912K
  class space    used 2059K, capacity 2160K, committed 2176K, reserved 1048576K
Event: 2.806 GC heap after
Heap after GC invocations=4 (full 0):
 PSYoungGen      total 38400K, used 5088K [0x00000000e0000000, 0x00000000e2a80000, 0x0000000100000000)
  eden space 33280K, 0% used [0x00000000e0000000,0x00000000e0000000,0x00000000e2080000)
  from space 5120K, 99% used [0x00000000e2580000,0x00000000e2a78040,0x00000000e2a80000)
  to   space 5120K, 0% used [0x00000000e2080000,0x00000000e2080000,0x00000000e2580000)
 ParOldGen       total 87552K, used 3940K [0x00000000a0000000, 0x00000000a5580000, 0x00000000e0000000)
  object space 87552K, 4% used [0x00000000a0000000,0x00000000a03d9178,0x00000000a5580000)
 Metaspace       used 14692K, capacity 15028K, committed 15232K, reserved 1062912K
  class space    used 2059K, capacity 2160K, committed 2176K, reserved 1048576K
}

Deoptimization events (10 events):
Event: 1.224 Thread 0x0000000002c12800 Uncommon trap: reason=bimorphic action=maybe_recompile pc=0x0000000003041e5c method=java.util.HashMap.putVal(ILjava/lang/Object;Ljava/lang/Object;ZZ)Ljava/lang/Object; @ 203
Event: 2.032 Thread 0x0000000002c12800 Uncommon trap: reason=unstable_if action=reinterpret pc=0x00000000030cb57c method=java.io.WinNTFileSystem.normalize(Ljava/lang/String;)Ljava/lang/String; @ 128
Event: 2.426 Thread 0x000000001a0c0000 Uncommon trap: reason=unstable_if action=reinterpret pc=0x00000000031cefb0 method=java.util.concurrent.ConcurrentHashMap.putVal(Ljava/lang/Object;Ljava/lang/Object;Z)Ljava/lang/Object; @ 206
Event: 2.481 Thread 0x000000001a110800 Uncommon trap: reason=bimorphic action=maybe_recompile pc=0x0000000003041e1c method=java.util.HashMap.putVal(ILjava/lang/Object;Ljava/lang/Object;ZZ)Ljava/lang/Object; @ 253
Event: 2.481 Thread 0x000000001a110800 Uncommon trap: reason=bimorphic action=maybe_recompile pc=0x0000000003041e1c method=java.util.HashMap.putVal(ILjava/lang/Object;Ljava/lang/Object;ZZ)Ljava/lang/Object; @ 253
Event: 2.481 Thread 0x000000001a110800 Uncommon trap: reason=bimorphic action=maybe_recompile pc=0x0000000003041e1c method=java.util.HashMap.putVal(ILjava/lang/Object;Ljava/lang/Object;ZZ)Ljava/lang/Object; @ 253
Event: 2.640 Thread 0x000000001a110800 Uncommon trap: reason=class_check action=maybe_recompile pc=0x00000000030d1b98 method=java.util.regex.Matcher.match(II)Z @ 86
Event: 2.649 Thread 0x000000001a110800 Uncommon trap: reason=class_check action=maybe_recompile pc=0x00000000030d1b98 method=java.util.regex.Matcher.match(II)Z @ 86
Event: 2.650 Thread 0x000000001a110800 Uncommon trap: reason=class_check action=maybe_recompile pc=0x00000000030d1b98 method=java.util.regex.Matcher.match(II)Z @ 86
Event: 2.650 Thread 0x000000001a110800 Uncommon trap: reason=class_check action=maybe_recompile pc=0x0000000002f7101c method=java.util.regex.Matcher.match(II)Z @ 86

Classes redefined (0 events):
No events

Internal exceptions (10 events):
Event: 2.429 Thread 0x000000001a0c0000 Exception <a 'java/lang/NoSuchMethodError': <clinit>> (0x00000000e182f358) thrown at [D:\src\AOSP-openjdk-cygwin\jdk8u\hotspot\src\share\vm\prims\jni.cpp, line 1614]
Event: 2.431 Thread 0x000000001a0c0000 Exception <a 'java/lang/NoSuchMethodError': <clinit>> (0x00000000e1842528) thrown at [D:\src\AOSP-openjdk-cygwin\jdk8u\hotspot\src\share\vm\prims\jni.cpp, line 1614]
Event: 2.434 Thread 0x000000001a0c0000 Exception <a 'java/lang/NoSuchMethodError': <clinit>> (0x00000000e1869988) thrown at [D:\src\AOSP-openjdk-cygwin\jdk8u\hotspot\src\share\vm\prims\jni.cpp, line 1614]
Event: 2.436 Thread 0x000000001a0c0000 Exception <a 'java/lang/NoSuchMethodError': <clinit>> (0x00000000e1881998) thrown at [D:\src\AOSP-openjdk-cygwin\jdk8u\hotspot\src\share\vm\prims\jni.cpp, line 1614]
Event: 2.436 Thread 0x000000001a0c0000 Exception <a 'java/lang/NoSuchMethodError': <clinit>> (0x00000000e188a628) thrown at [D:\src\AOSP-openjdk-cygwin\jdk8u\hotspot\src\share\vm\prims\jni.cpp, line 1614]
Event: 2.438 Thread 0x000000001a0c0000 Exception <a 'java/lang/NoSuchMethodError': <clinit>> (0x00000000e18a0c58) thrown at [D:\src\AOSP-openjdk-cygwin\jdk8u\hotspot\src\share\vm\prims\jni.cpp, line 1614]
Event: 2.445 Thread 0x000000001a0c0000 Exception <a 'java/lang/NoSuchMethodError': <clinit>> (0x00000000e18fee80) thrown at [D:\src\AOSP-openjdk-cygwin\jdk8u\hotspot\src\share\vm\prims\jni.cpp, line 1614]
Event: 2.450 Thread 0x000000001a0c0000 Exception <a 'java/lang/NoSuchMethodError': <clinit>> (0x00000000e192bcd8) thrown at [D:\src\AOSP-openjdk-cygwin\jdk8u\hotspot\src\share\vm\prims\jni.cpp, line 1614]
Event: 2.454 Thread 0x000000001a0c0000 Exception <a 'java/lang/NoSuchMethodError': <clinit>> (0x00000000e195a0a0) thrown at [D:\src\AOSP-openjdk-cygwin\jdk8u\hotspot\src\share\vm\prims\jni.cpp, line 1614]
Event: 2.455 Thread 0x000000001a0c0000 Exception <a 'java/lang/NoSuchMethodError': <clinit>> (0x00000000e19654a8) thrown at [D:\src\AOSP-openjdk-cygwin\jdk8u\hotspot\src\share\vm\prims\jni.cpp, line 1614]

Events (10 events):
Event: 2.826 loading class org/gradle/profile/BuildProfileServices$1$1
Event: 2.826 loading class org/gradle/profile/BuildProfileServices$1$1 done
Event: 2.827 loading class org/gradle/internal/featurelifecycle/ScriptUsageLocationReporter
Event: 2.827 loading class org/gradle/internal/featurelifecycle/ScriptUsageLocationReporter done
Event: 2.827 loading class org/gradle/groovy/scripts/ScriptExecutionListener
Event: 2.827 loading class org/gradle/groovy/scripts/ScriptExecutionListener done
Event: 2.828 loading class org/gradle/initialization/DefaultGradleLauncherFactory$3
Event: 2.828 loading class org/gradle/initialization/DefaultGradleLauncherFactory$3 done
Event: 2.829 loading class org/gradle/composite/internal/DefaultIncludedBuildControllers
Event: 2.829 loading class org/gradle/composite/internal/DefaultIncludedBuildControllers done


Dynamic libraries:
0x00007ff655670000 - 0x00007ff6556a1000 	C:\Program Files\Android\Android Studio\jre\bin\java.exe
0x00007ff886f30000 - 0x00007ff887126000 	C:\WINDOWS\SYSTEM32\ntdll.dll
0x00007ff8868c0000 - 0x00007ff88697d000 	C:\WINDOWS\System32\KERNEL32.DLL
0x00007ff8848e0000 - 0x00007ff884ba8000 	C:\WINDOWS\System32\KERNELBASE.dll
0x00007ff886e40000 - 0x00007ff886eea000 	C:\WINDOWS\System32\ADVAPI32.dll
0x00007ff886be0000 - 0x00007ff886c7e000 	C:\WINDOWS\System32\msvcrt.dll
0x00007ff8863b0000 - 0x00007ff88644b000 	C:\WINDOWS\System32\sechost.dll
0x00007ff886a30000 - 0x00007ff886b54000 	C:\WINDOWS\System32\RPCRT4.dll
0x00007ff885c70000 - 0x00007ff885e10000 	C:\WINDOWS\System32\USER32.dll
0x00007ff884ec0000 - 0x00007ff884ee2000 	C:\WINDOWS\System32\win32u.dll
0x00007ff886e10000 - 0x00007ff886e3a000 	C:\WINDOWS\System32\GDI32.dll
0x00007ff884d60000 - 0x00007ff884e69000 	C:\WINDOWS\System32\gdi32full.dll
0x00007ff884cc0000 - 0x00007ff884d5d000 	C:\WINDOWS\System32\msvcp_win.dll
0x00007ff884680000 - 0x00007ff884780000 	C:\WINDOWS\System32\ucrtbase.dll
0x00007ff871b40000 - 0x00007ff871ddb000 	C:\WINDOWS\WinSxS\amd64_microsoft.windows.common-controls_6595b64144ccf1df_6.0.19041.488_none_ca04af081b815d21\COMCTL32.dll
0x00007ff886750000 - 0x00007ff886780000 	C:\WINDOWS\System32\IMM32.DLL
0x0000000059b00000 - 0x0000000059bd2000 	C:\Program Files\Android\Android Studio\jre\jre\bin\msvcr100.dll
0x000000005d7c0000 - 0x000000005e006000 	C:\Program Files\Android\Android Studio\jre\jre\bin\server\jvm.dll
0x00007ff886c80000 - 0x00007ff886c88000 	C:\WINDOWS\System32\PSAPI.DLL
0x00007ff86edc0000 - 0x00007ff86edc9000 	C:\WINDOWS\SYSTEM32\WSOCK32.dll
0x00007ff874a90000 - 0x00007ff874ab7000 	C:\WINDOWS\SYSTEM32\WINMM.dll
0x00007ff8866e0000 - 0x00007ff88674b000 	C:\WINDOWS\System32\WS2_32.dll
0x00007ff877550000 - 0x00007ff87755a000 	C:\WINDOWS\SYSTEM32\VERSION.dll
0x00007ff881280000 - 0x00007ff88128f000 	C:\Program Files\Android\Android Studio\jre\jre\bin\verify.dll
0x00007ff87c3f0000 - 0x00007ff87c419000 	C:\Program Files\Android\Android Studio\jre\jre\bin\java.dll
0x00007ff87a710000 - 0x00007ff87a726000 	C:\Program Files\Android\Android Studio\jre\jre\bin\zip.dll
0x00007ff884fa0000 - 0x00007ff8856e0000 	C:\WINDOWS\System32\SHELL32.dll
0x00007ff882400000 - 0x00007ff882b94000 	C:\WINDOWS\SYSTEM32\windows.storage.dll
0x00007ff885ea0000 - 0x00007ff8861f5000 	C:\WINDOWS\System32\combase.dll
0x00007ff8840f0000 - 0x00007ff88411c000 	C:\WINDOWS\SYSTEM32\Wldp.dll
0x00007ff886d60000 - 0x00007ff886e0e000 	C:\WINDOWS\System32\SHCORE.dll
0x00007ff886450000 - 0x00007ff8864a5000 	C:\WINDOWS\System32\shlwapi.dll
0x00007ff8845b0000 - 0x00007ff8845d6000 	C:\WINDOWS\SYSTEM32\profapi.dll
0x00007ff874bf0000 - 0x00007ff874c0a000 	C:\Program Files\Android\Android Studio\jre\jre\bin\net.dll
0x00007ff86f140000 - 0x00007ff86f32d000 	C:\WINDOWS\SYSTEM32\urlmon.dll
0x00007ff86ee90000 - 0x00007ff86f140000 	C:\WINDOWS\SYSTEM32\iertutil.dll
0x00007ff883e70000 - 0x00007ff883eda000 	C:\WINDOWS\system32\mswsock.dll
0x00007ff871030000 - 0x00007ff871043000 	C:\Program Files\Android\Android Studio\jre\jre\bin\nio.dll
0x00007ff86d420000 - 0x00007ff86d446000 	C:\Users\Sajithan\.gradle\native\30\windows-amd64\native-platform.dll
0x00007ff881270000 - 0x00007ff88127d000 	C:\Program Files\Android\Android Studio\jre\jre\bin\management.dll
0x00007ff884040000 - 0x00007ff884058000 	C:\WINDOWS\SYSTEM32\CRYPTSP.dll
0x00007ff883790000 - 0x00007ff8837c4000 	C:\WINDOWS\system32\rsaenh.dll
0x00007ff884f70000 - 0x00007ff884f97000 	C:\WINDOWS\System32\bcrypt.dll
0x00007ff884530000 - 0x00007ff88455e000 	C:\WINDOWS\SYSTEM32\USERENV.dll
0x00007ff884ef0000 - 0x00007ff884f6f000 	C:\WINDOWS\System32\bcryptprimitives.dll
0x00007ff884060000 - 0x00007ff88406c000 	C:\WINDOWS\SYSTEM32\CRYPTBASE.dll
0x00007ff883b10000 - 0x00007ff883b4b000 	C:\WINDOWS\SYSTEM32\IPHLPAPI.DLL
0x00007ff8864b0000 - 0x00007ff8864b9000 	C:\WINDOWS\System32\NSI.dll
0x00007ff8766e0000 - 0x00007ff8766f7000 	C:\WINDOWS\SYSTEM32\dhcpcsvc6.DLL
0x00007ff876c60000 - 0x00007ff876c7d000 	C:\WINDOWS\SYSTEM32\dhcpcsvc.DLL
0x00007ff883b60000 - 0x00007ff883c2b000 	C:\WINDOWS\SYSTEM32\DNSAPI.dll

VM Arguments:
jvm_args: -Xmx1536m -Dfile.encoding=windows-1252 -Duser.country=GB -Duser.language=en -Duser.variant 
java_command: org.gradle.launcher.daemon.bootstrap.GradleDaemon 5.6.4
java_class_path (initial): C:\Users\Sajithan\.gradle\wrapper\dists\gradle-5.6.4-all\ankdp27end7byghfw1q2sw75f\gradle-5.6.4\lib\gradle-launcher-5.6.4.jar
Launcher Type: SUN_STANDARD

Environment Variables:
JAVA_HOME=C:\Program Files\Java\jdk-12.0.1
PATH=C:\Python39\Scripts\;C:\Python39\;C:\Python27\;C:\Python27\Scripts;C:\ProgramData\Anaconda3;C:\ProgramData\Anaconda3\Library\mingw-w64\bin;C:\ProgramData\Anaconda3\Library\usr\bin;C:\ProgramData\Anaconda3\Library\bin;C:\ProgramData\Anaconda3\Scripts;C:\wamp64\bin\php\php7.4.0;C:\Program Files (x86)\Common Files\Oracle\Java\javapath;C:\Windows\system32;C:\Windows;C:\Windows\System32\Wbem;C:\Windows\System32\WindowsPowerShell\v1.0\;C:\Windows\System32\OpenSSH\;C:\Program Files (x86)\NVIDIA Corporation\PhysX\Common;c:\Users\Sajithan\AppData\Local\Android\Sdk\platform-tools;C:\Program Files\Java\jdk1.8.0_212\bin;C:\Program Files\Java\jdk-12.0.1\bin;C:\Program Files\NVIDIA Corporation\NVIDIA NvDLISR;C:\WINDOWS\system32;C:\WINDOWS;C:\WINDOWS\System32\Wbem;C:\WINDOWS\System32\WindowsPowerShell\v1.0\;C:\WINDOWS\System32\OpenSSH\;c:\Users\YOUR_USERNAME\AppData\Local\Android\Sdk\platform-tools;C:\Program Files\nodejs\;C:\ProgramData\chocolatey\bin;C:\composer;C:\Program Files\Git\cmd;C:\Program Files\Dart\dart-sdk\bin;C:\Gradle\gradle-6.3\bin;C:\Program Files\dotnet\;C:\Program Files (x86)\dotnet\;C:\Users\Sajithan\AppData\Local\Microsoft\WindowsApps;C:\Users\Sajithan\AppData\Local\Programs\Microsoft VS Code\bin;c:\Users\Sajithan\AppData\Local\Android\Sdk\platform-tools;C:\Users\Sajithan\AppData\Local\GitHubDesktop\bin;c:\Users\YOUR_USERNAME\AppData\Local\Android\Sdk\platform-tools;C:\Users\Sajithan\AppData\Roaming\npm;C:\Users\Sajithan\AppData\Roaming\Composer\vendor\bin;C:\flutter\bin;C:\Program Files\JetBrains\PyCharm Community Edition 2020.1\bin;C:\Users\Sajithan\.deno\bin;C:\Users\Sajithan\AppData\Local\Microsoft\WindowsApps;C:\Users\Sajithan\.dotnet\tools;C:\tools\dart-sdk\bin;C:\Users\Sajithan\AppData\Roaming\Pub\Cache\bin;C:\Users\Sajithan\AppData\Local\atom\bin
USERNAME=Sajithan
OS=Windows_NT
PROCESSOR_IDENTIFIER=Intel64 Family 6 Model 142 Stepping 9, GenuineIntel



---------------  S Y S T E M  ---------------

OS: Windows 10.0 , 64 bit Build 19041 (10.0.19041.546)

CPU:total 4 (initial active 4) (2 cores per cpu, 2 threads per core) family 6 model 142 stepping 9, cmov, cx8, fxsr, mmx, sse, sse2, sse3, ssse3, sse4.1, sse4.2, popcnt, avx, avx2, aes, clmul, erms, 3dnowpref, lzcnt, ht, tsc, tscinvbit, bmi1, bmi2, adx

Memory: 4k page, physical 8266284k(947392k free), swap 8266284k(25176k free)

vm_info: OpenJDK 64-Bit Server VM (25.212-b04) for windows-amd64 JRE (1.8.0_212-release-1586-b04), built by "builder" with MS VC++ 10.0 (VS2010)

time: Sat Nov 07 11:55:11 2020
timezone: Sri Lanka Standard Time
elapsed time: 3 seconds (0d 0h 0m 3s)

