#
# There is insufficient memory for the Java Runtime Environment to continue.
# Native memory allocation (malloc) failed to allocate 856176 bytes for Chunk::new
# Possible reasons:
#   The system is out of physical RAM or swap space
#   The process is running with CompressedOops enabled, and the Java Heap may be blocking the growth of the native heap
# Possible solutions:
#   Reduce memory load on the system
#   Increase physical memory or swap space
#   Check if swap backing store is full
#   Decrease Java heap size (-Xmx/-Xms)
#   Decrease number of Java threads
#   Decrease Java thread stack sizes (-Xss)
#   Set larger code cache with -XX:ReservedCodeCacheSize=
#   JVM is running with Unscaled Compressed Oops mode in which the Java heap is
#     placed in the first 4GB address space. The Java Heap base address is the
#     maximum limit for the native heap growth. Please use -XX:HeapBaseMinAddress
#     to set the Java Heap base and to place the Java Heap above 4GB virtual address.
# This output file may be truncated or incomplete.
#
#  Out of Memory Error (allocation.cpp:389), pid=6584, tid=0x00000000000004d0
#
# JRE version: OpenJDK Runtime Environment (8.0_242-b01) (build 1.8.0_242-release-1644-b01)
# Java VM: OpenJDK 64-Bit Server VM (25.242-b01 mixed mode windows-amd64 compressed oops)
# Failed to write core dump. Minidumps are not enabled by default on client versions of Windows
#

---------------  T H R E A D  ---------------

Current thread (0x0000000015dc8000):  JavaThread "C2 CompilerThread0" daemon [_thread_in_native, id=1232, stack(0x0000000017420000,0x0000000017520000)]

Stack: [0x0000000017420000,0x0000000017520000]
[error occurred during error reporting (printing stack bounds), id 0xc0000005]

Native frames: (J=compiled Java code, j=interpreted, Vv=VM code, C=native code)


Current CompileTask:
C2:  13687 5239   !   4       java.net.URLClassLoader$1::run (63 bytes)


---------------  P R O C E S S  ---------------

Java Threads: ( => current thread )
  0x000000001c569000 JavaThread "Cache worker for file content cache (C:\Users\Sajithan\AndroidStudioProjects\examples\lite\examples\object_detection\SajiiVideoRentingShop\.gradle\6.5\fileContent)" [_thread_blocked, id=10452, stack(0x0000000027e10000,0x0000000027f10000)]
  0x000000001c561800 JavaThread "Memory manager" [_thread_blocked, id=12476, stack(0x00000000272d0000,0x00000000273d0000)]
  0x000000001c568000 JavaThread "pool-1-thread-1" [_thread_blocked, id=4896, stack(0x0000000026dd0000,0x0000000026ed0000)]
  0x000000001c567800 JavaThread "Cache worker for Build Output Cleanup Cache (C:\Users\Sajithan\AndroidStudioProjects\examples\lite\examples\object_detection\SajiiVideoRentingShop\.gradle\buildOutputCleanup)" [_thread_blocked, id=10048, stack(0x0000000021050000,0x0000000021150000)]
  0x000000001c566000 JavaThread "jar transforms Thread 92" [_thread_blocked, id=9988, stack(0x0000000020a20000,0x0000000020b20000)]
  0x000000001c565000 JavaThread "jar transforms Thread 91" [_thread_blocked, id=2740, stack(0x0000000020920000,0x0000000020a20000)]
  0x000000001c55d800 JavaThread "jar transforms Thread 90" [_thread_blocked, id=1516, stack(0x00000000268d0000,0x00000000269d0000)]
  0x000000001c564800 JavaThread "jar transforms Thread 89" [_thread_blocked, id=10648, stack(0x00000000267d0000,0x00000000268d0000)]
  0x000000001c55d000 JavaThread "jar transforms Thread 88" [_thread_blocked, id=11804, stack(0x00000000266d0000,0x00000000267d0000)]
  0x000000001c562000 JavaThread "jar transforms Thread 87" [_thread_blocked, id=2140, stack(0x00000000265d0000,0x00000000266d0000)]
  0x000000001c560800 JavaThread "jar transforms Thread 86" [_thread_blocked, id=9276, stack(0x00000000264d0000,0x00000000265d0000)]
  0x000000001c55f000 JavaThread "jar transforms Thread 85" [_thread_blocked, id=3452, stack(0x00000000263d0000,0x00000000264d0000)]
  0x000000001c560000 JavaThread "jar transforms Thread 84" [_thread_blocked, id=6136, stack(0x00000000262d0000,0x00000000263d0000)]
  0x000000001c563800 JavaThread "jar transforms Thread 83" [_thread_blocked, id=12840, stack(0x00000000261d0000,0x00000000262d0000)]
  0x000000001c55c000 JavaThread "jar transforms Thread 82" [_thread_blocked, id=11572, stack(0x00000000260d0000,0x00000000261d0000)]
  0x000000001c55e800 JavaThread "jar transforms Thread 81" [_thread_blocked, id=5404, stack(0x0000000025fd0000,0x00000000260d0000)]
  0x000000001c563000 JavaThread "jar transforms Thread 80" [_thread_blocked, id=1292, stack(0x0000000025ed0000,0x0000000025fd0000)]
  0x000000001cdd5800 JavaThread "jar transforms Thread 79" [_thread_blocked, id=10100, stack(0x0000000025dd0000,0x0000000025ed0000)]
  0x000000001cdd4000 JavaThread "jar transforms Thread 78" [_thread_blocked, id=12300, stack(0x0000000025cd0000,0x0000000025dd0000)]
  0x000000001cdd4800 JavaThread "jar transforms Thread 77" [_thread_blocked, id=7940, stack(0x0000000025bd0000,0x0000000025cd0000)]
  0x000000001cdd3000 JavaThread "jar transforms Thread 76" [_thread_blocked, id=2236, stack(0x0000000025ad0000,0x0000000025bd0000)]
  0x000000001cdd2800 JavaThread "jar transforms Thread 75" [_thread_blocked, id=5564, stack(0x00000000259d0000,0x0000000025ad0000)]
  0x000000001cdd1800 JavaThread "jar transforms Thread 74" [_thread_blocked, id=9060, stack(0x00000000258d0000,0x00000000259d0000)]
  0x000000001cdca000 JavaThread "jar transforms Thread 73" [_thread_blocked, id=724, stack(0x00000000257d0000,0x00000000258d0000)]
  0x000000001cdce800 JavaThread "jar transforms Thread 72" [_thread_blocked, id=3020, stack(0x00000000256d0000,0x00000000257d0000)]
  0x000000001cdd1000 JavaThread "jar transforms Thread 71" [_thread_blocked, id=13108, stack(0x00000000255d0000,0x00000000256d0000)]
  0x000000001cdce000 JavaThread "jar transforms Thread 70" [_thread_blocked, id=5772, stack(0x00000000254d0000,0x00000000255d0000)]
  0x000000001cdcd000 JavaThread "jar transforms Thread 69" [_thread_blocked, id=7456, stack(0x00000000253d0000,0x00000000254d0000)]
  0x000000001cdcf800 JavaThread "jar transforms Thread 68" [_thread_blocked, id=10432, stack(0x00000000252d0000,0x00000000253d0000)]
  0x000000001cdd0000 JavaThread "jar transforms Thread 67" [_thread_blocked, id=3076, stack(0x00000000251d0000,0x00000000252d0000)]
  0x000000001cdcb000 JavaThread "jar transforms Thread 66" [_thread_blocked, id=11768, stack(0x00000000250d0000,0x00000000251d0000)]
  0x000000001cdc9800 JavaThread "jar transforms Thread 65" [_thread_blocked, id=32, stack(0x0000000024fd0000,0x00000000250d0000)]
  0x000000001cdcc800 JavaThread "jar transforms Thread 64" [_thread_blocked, id=12328, stack(0x0000000024ed0000,0x0000000024fd0000)]
  0x000000001cdcb800 JavaThread "jar transforms Thread 63" [_thread_blocked, id=10660, stack(0x0000000024dd0000,0x0000000024ed0000)]
  0x000000001cdc6800 JavaThread "jar transforms Thread 62" [_thread_blocked, id=5900, stack(0x0000000024cd0000,0x0000000024dd0000)]
  0x000000001cdc7000 JavaThread "jar transforms Thread 61" [_thread_blocked, id=5448, stack(0x0000000024bd0000,0x0000000024cd0000)]
  0x000000001cdc8000 JavaThread "jar transforms Thread 60" [_thread_blocked, id=4448, stack(0x0000000024ad0000,0x0000000024bd0000)]
  0x000000001cdc8800 JavaThread "jar transforms Thread 59" [_thread_blocked, id=7036, stack(0x00000000249d0000,0x0000000024ad0000)]
  0x000000001c25d800 JavaThread "jar transforms Thread 58" [_thread_blocked, id=13128, stack(0x00000000248d0000,0x00000000249d0000)]
  0x000000001c25f000 JavaThread "jar transforms Thread 57" [_thread_blocked, id=832, stack(0x00000000247d0000,0x00000000248d0000)]
  0x000000001c25c800 JavaThread "jar transforms Thread 56" [_thread_blocked, id=6496, stack(0x00000000246d0000,0x00000000247d0000)]
  0x000000001c259800 JavaThread "jar transforms Thread 55" [_thread_blocked, id=11156, stack(0x00000000245d0000,0x00000000246d0000)]
  0x000000001c25e000 JavaThread "jar transforms Thread 54" [_thread_blocked, id=7268, stack(0x00000000244d0000,0x00000000245d0000)]
  0x000000001c25c000 JavaThread "jar transforms Thread 53" [_thread_blocked, id=7180, stack(0x00000000243d0000,0x00000000244d0000)]
  0x000000001c259000 JavaThread "jar transforms Thread 52" [_thread_blocked, id=10864, stack(0x00000000242d0000,0x00000000243d0000)]
  0x000000001c25a800 JavaThread "jar transforms Thread 51" [_thread_blocked, id=9504, stack(0x00000000241d0000,0x00000000242d0000)]
  0x000000001c25b000 JavaThread "jar transforms Thread 50" [_thread_blocked, id=13164, stack(0x00000000240d0000,0x00000000241d0000)]
  0x000000001c25f800 JavaThread "jar transforms Thread 49" [_thread_blocked, id=6532, stack(0x0000000023fd0000,0x00000000240d0000)]
  0x000000001c251800 JavaThread "jar transforms Thread 48" [_thread_blocked, id=12272, stack(0x0000000023ed0000,0x0000000023fd0000)]
  0x000000001c258000 JavaThread "jar transforms Thread 47" [_thread_blocked, id=13028, stack(0x0000000023dd0000,0x0000000023ed0000)]
  0x000000001c250800 JavaThread "jar transforms Thread 46" [_thread_blocked, id=7396, stack(0x0000000023cd0000,0x0000000023dd0000)]
  0x000000001c256800 JavaThread "jar transforms Thread 45" [_thread_blocked, id=12668, stack(0x0000000023bd0000,0x0000000023cd0000)]
  0x000000001c254800 JavaThread "jar transforms Thread 44" [_thread_blocked, id=5576, stack(0x0000000023ad0000,0x0000000023bd0000)]
  0x000000001c253000 JavaThread "jar transforms Thread 43" [_thread_blocked, id=1500, stack(0x00000000239d0000,0x0000000023ad0000)]
  0x000000001c253800 JavaThread "jar transforms Thread 42" [_thread_blocked, id=8868, stack(0x00000000238d0000,0x00000000239d0000)]
  0x000000001c256000 JavaThread "jar transforms Thread 41" [_thread_blocked, id=1776, stack(0x00000000237d0000,0x00000000238d0000)]
  0x000000001c255000 JavaThread "jar transforms Thread 40" [_thread_blocked, id=3508, stack(0x00000000236d0000,0x00000000237d0000)]
  0x000000001c252000 JavaThread "jar transforms Thread 39" [_thread_blocked, id=13136, stack(0x00000000235d0000,0x00000000236d0000)]
  0x000000001c257800 JavaThread "jar transforms Thread 38" [_thread_blocked, id=7696, stack(0x00000000234d0000,0x00000000235d0000)]
  0x000000001a1d2000 JavaThread "jar transforms Thread 37" [_thread_blocked, id=12440, stack(0x00000000233d0000,0x00000000234d0000)]
  0x000000001a1d1000 JavaThread "jar transforms Thread 36" [_thread_blocked, id=9532, stack(0x00000000232d0000,0x00000000233d0000)]
  0x000000001a1d6800 JavaThread "jar transforms Thread 35" [_thread_blocked, id=12312, stack(0x00000000231d0000,0x00000000232d0000)]
  0x000000001a1d5800 JavaThread "jar transforms Thread 34" [_thread_blocked, id=9620, stack(0x00000000230d0000,0x00000000231d0000)]
  0x000000001a1d5000 JavaThread "jar transforms Thread 33" [_thread_blocked, id=3660, stack(0x0000000022fd0000,0x00000000230d0000)]
  0x000000001a1d3800 JavaThread "jar transforms Thread 32" [_thread_blocked, id=1800, stack(0x0000000022ed0000,0x0000000022fd0000)]
  0x000000001a1d2800 JavaThread "jar transforms Thread 31" [_thread_blocked, id=8264, stack(0x0000000022dd0000,0x0000000022ed0000)]
  0x000000001a1d4000 JavaThread "jar transforms Thread 30" [_thread_blocked, id=1940, stack(0x0000000022cd0000,0x0000000022dd0000)]
  0x000000001a1c9800 JavaThread "jar transforms Thread 29" [_thread_blocked, id=13116, stack(0x0000000022bd0000,0x0000000022cd0000)]
  0x000000001a1d0800 JavaThread "jar transforms Thread 28" [_thread_blocked, id=11012, stack(0x0000000022ad0000,0x0000000022bd0000)]
  0x000000001a1cf000 JavaThread "jar transforms Thread 27" [_thread_blocked, id=1172, stack(0x00000000229d0000,0x0000000022ad0000)]
  0x000000001a1cd800 JavaThread "jar transforms Thread 26" [_thread_blocked, id=9940, stack(0x00000000228d0000,0x00000000229d0000)]
  0x000000001a1cf800 JavaThread "jar transforms Thread 25" [_thread_blocked, id=12512, stack(0x00000000227d0000,0x00000000228d0000)]
  0x000000001a1c7800 JavaThread "jar transforms Thread 24" [_thread_blocked, id=8624, stack(0x00000000226d0000,0x00000000227d0000)]
  0x000000001a1c9000 JavaThread "jar transforms Thread 23" [_thread_blocked, id=12520, stack(0x00000000225d0000,0x00000000226d0000)]
  0x000000001a1cc800 JavaThread "jar transforms Thread 22" [_thread_blocked, id=1396, stack(0x00000000224d0000,0x00000000225d0000)]
  0x000000001a1c8000 JavaThread "jar transforms Thread 21" [_thread_blocked, id=3988, stack(0x00000000223d0000,0x00000000224d0000)]
  0x000000001a1cc000 JavaThread "jar transforms Thread 20" [_thread_blocked, id=11252, stack(0x00000000222d0000,0x00000000223d0000)]
  0x000000001a1cb000 JavaThread "jar transforms Thread 19" [_thread_blocked, id=10148, stack(0x00000000221d0000,0x00000000222d0000)]
  0x000000001a1ce000 JavaThread "jar transforms Thread 18" [_thread_blocked, id=9888, stack(0x00000000220d0000,0x00000000221d0000)]
  0x000000001a1ca800 JavaThread "jar transforms Thread 17" [_thread_blocked, id=12596, stack(0x0000000021fd0000,0x00000000220d0000)]
  0x000000001d221000 JavaThread "jar transforms Thread 16" [_thread_blocked, id=4280, stack(0x0000000021ed0000,0x0000000021fd0000)]
  0x000000001d220800 JavaThread "jar transforms Thread 15" [_thread_blocked, id=11860, stack(0x0000000021dd0000,0x0000000021ed0000)]
  0x000000001d227000 JavaThread "jar transforms Thread 14" [_thread_blocked, id=10976, stack(0x0000000021cd0000,0x0000000021dd0000)]
  0x000000001d21f800 JavaThread "jar transforms Thread 13" [_thread_blocked, id=7252, stack(0x0000000021bd0000,0x0000000021cd0000)]
  0x000000001d225000 JavaThread "jar transforms Thread 12" [_thread_blocked, id=1480, stack(0x0000000021ad0000,0x0000000021bd0000)]
  0x000000001d226800 JavaThread "jar transforms Thread 11" [_thread_blocked, id=11148, stack(0x00000000219d0000,0x0000000021ad0000)]
  0x000000001d224000 JavaThread "jar transforms Thread 10" [_thread_blocked, id=11988, stack(0x00000000218d0000,0x00000000219d0000)]
  0x000000001d222000 JavaThread "jar transforms Thread 9" [_thread_blocked, id=8568, stack(0x00000000217d0000,0x00000000218d0000)]
  0x000000001d21f000 JavaThread "jar transforms Thread 8" [_thread_blocked, id=2964, stack(0x00000000216d0000,0x00000000217d0000)]
  0x000000001d223800 JavaThread "jar transforms Thread 7" [_thread_blocked, id=4516, stack(0x00000000215d0000,0x00000000216d0000)]
  0x000000001d225800 JavaThread "jar transforms Thread 6" [_thread_blocked, id=10524, stack(0x00000000214d0000,0x00000000215d0000)]
  0x000000001d222800 JavaThread "jar transforms Thread 5" [_thread_blocked, id=4884, stack(0x00000000213d0000,0x00000000214d0000)]
  0x000000001d217800 JavaThread "jar transforms Thread 4" [_thread_blocked, id=2572, stack(0x00000000212d0000,0x00000000213d0000)]
  0x000000001d21e000 JavaThread "jar transforms Thread 3" [_thread_blocked, id=10248, stack(0x00000000211d0000,0x00000000212d0000)]
  0x000000001d21c800 JavaThread "jar transforms Thread 2" [_thread_blocked, id=2752, stack(0x0000000020b30000,0x0000000020c30000)]
  0x000000001d21d800 JavaThread "Build operations Thread 4" [_thread_blocked, id=10852, stack(0x0000000020f50000,0x0000000021050000)]
  0x000000001d21c000 JavaThread "Build operations Thread 3" [_thread_blocked, id=3456, stack(0x0000000020e50000,0x0000000020f50000)]
  0x000000001d21a800 JavaThread "Build operations Thread 2" [_thread_blocked, id=5912, stack(0x0000000020d50000,0x0000000020e50000)]
  0x000000001d219800 JavaThread "Build operations" [_thread_blocked, id=3344, stack(0x0000000020c50000,0x0000000020d50000)]
  0x00000000198e2800 JavaThread "Cache worker for file content cache (C:\Users\Sajithan\.gradle\caches\6.5\fileContent)" [_thread_blocked, id=1568, stack(0x0000000020220000,0x0000000020320000)]
  0x00000000198de000 JavaThread "jar transforms" [_thread_blocked, id=2704, stack(0x0000000020120000,0x0000000020220000)]
  0x00000000198dd800 JavaThread "Cache worker for execution history cache (C:\Users\Sajithan\.gradle\caches\6.5\executionHistory)" [_thread_blocked, id=6692, stack(0x000000001f730000,0x000000001f830000)]
  0x00000000198e1000 JavaThread "Cache worker for cache directory md-rule (C:\Users\Sajithan\.gradle\caches\6.5\md-rule)" [_thread_blocked, id=12764, stack(0x000000001f630000,0x000000001f730000)]
  0x00000000198e0800 JavaThread "Cache worker for cache directory md-supplier (C:\Users\Sajithan\.gradle\caches\6.5\md-supplier)" [_thread_blocked, id=12912, stack(0x000000001e3e0000,0x000000001e4e0000)]
  0x00000000198df800 JavaThread "Cache worker for checksums cache (C:\Users\Sajithan\AndroidStudioProjects\examples\lite\examples\object_detection\SajiiVideoRentingShop\.gradle\checksums)" [_thread_blocked, id=11600, stack(0x000000001e2e0000,0x000000001e3e0000)]
  0x00000000198e2000 JavaThread "Cache worker for file hash cache (C:\Users\Sajithan\AndroidStudioProjects\examples\lite\examples\object_detection\SajiiVideoRentingShop\.gradle\6.5\fileHashes)" [_thread_blocked, id=5256, stack(0x000000001f530000,0x000000001f630000)]
  0x00000000198e4000 JavaThread "Cache worker for file hash cache (C:\Users\Sajithan\.gradle\caches\6.5\fileHashes)" [_thread_blocked, id=4528, stack(0x000000001be40000,0x000000001bf40000)]
  0x00000000198df000 JavaThread "File lock request listener" [_thread_in_native, id=11676, stack(0x000000001bd40000,0x000000001be40000)]
  0x0000000019a85800 JavaThread "Cache worker for journal cache (C:\Users\Sajithan\.gradle\caches\journal-1)" [_thread_blocked, id=7612, stack(0x000000001bb40000,0x000000001bc40000)]
  0x000000001986b800 JavaThread "Thread-9" [_thread_blocked, id=9876, stack(0x000000001b840000,0x000000001b940000)]
  0x0000000017de5000 JavaThread "Stdin handler" [_thread_blocked, id=12360, stack(0x000000001b740000,0x000000001b840000)]
  0x0000000017de0000 JavaThread "Asynchronous log dispatcher for DefaultDaemonConnection: socket connection from /127.0.0.1:56920 to /127.0.0.1:56921" [_thread_blocked, id=3168, stack(0x000000001b640000,0x000000001b740000)]
  0x0000000017ddf000 JavaThread "Daemon worker" [_thread_in_Java, id=3772, stack(0x000000001b540000,0x000000001b640000)]
  0x0000000019897000 JavaThread "Cancel handler" [_thread_blocked, id=6772, stack(0x000000001b440000,0x000000001b540000)]
  0x000000001989b800 JavaThread "Handler for socket connection from /127.0.0.1:56920 to /127.0.0.1:56921" [_thread_in_native, id=11020, stack(0x000000001b140000,0x000000001b240000)]
  0x0000000019898800 JavaThread "Daemon" [_thread_blocked, id=1276, stack(0x000000001b040000,0x000000001b140000)]
  0x0000000019879800 JavaThread "Daemon periodic checks" [_thread_blocked, id=3596, stack(0x000000001af40000,0x000000001b040000)]
  0x00000000197f1000 JavaThread "Incoming local TCP Connector on port 56920" [_thread_in_native, id=1032, stack(0x000000001ad00000,0x000000001ae00000)]
  0x0000000017ac4800 JavaThread "Daemon health stats" [_thread_blocked, id=9136, stack(0x000000001a6c0000,0x000000001a7c0000)]
  0x0000000017748800 JavaThread "Service Thread" daemon [_thread_blocked, id=4880, stack(0x0000000017b20000,0x0000000017c20000)]
  0x0000000015dd4000 JavaThread "C1 CompilerThread2" daemon [_thread_in_native, id=3264, stack(0x0000000017620000,0x0000000017720000)]
  0x0000000015dcc000 JavaThread "C2 CompilerThread1" daemon [_thread_in_native, id=10188, stack(0x0000000017520000,0x0000000017620000)]
=>0x0000000015dc8000 JavaThread "C2 CompilerThread0" daemon [_thread_in_native, id=1232, stack(0x0000000017420000,0x0000000017520000)]
  0x0000000015dc7000 JavaThread "Attach Listener" daemon [_thread_blocked, id=2608, stack(0x0000000017320000,0x0000000017420000)]
  0x0000000015dc4800 JavaThread "Signal Dispatcher" daemon [_thread_blocked, id=6300, stack(0x0000000017220000,0x0000000017320000)]
  0x000000000244c800 JavaThread "Finalizer" daemon [_thread_blocked, id=6360, stack(0x0000000017020000,0x0000000017120000)]
  0x0000000015da9000 JavaThread "Reference Handler" daemon [_thread_blocked, id=2216, stack(0x0000000016f20000,0x0000000017020000)]
  0x0000000002352800 JavaThread "main" [_thread_blocked, id=5252, stack(0x00000000021f0000,0x00000000022f0000)]

Other Threads:
  0x0000000015d85800 VMThread [stack: 0x0000000016e20000,0x0000000016f20000] [id=8472]
  0x0000000015e1c000 WatcherThread [stack: 0x0000000017c20000,0x0000000017d20000] [id=4012]

VM state:not at safepoint (normal execution)

VM Mutex/Monitor currently owned by a thread: None

heap address: 0x00000000a0000000, size: 1536 MB, Compressed Oops mode: 32-bit
Narrow klass base: 0x0000000000000000, Narrow klass shift: 3
Compressed class space size: 1073741824 Address: 0x0000000100000000

Heap:
 PSYoungGen      total 249856K, used 45156K [0x00000000e0000000, 0x00000000f0400000, 0x0000000100000000)
  eden space 237568K, 19% used [0x00000000e0000000,0x00000000e2c19028,0x00000000ee800000)
  from space 12288K, 0% used [0x00000000ef800000,0x00000000ef800000,0x00000000f0400000)
  to   space 14336K, 0% used [0x00000000ee800000,0x00000000ee800000,0x00000000ef600000)
 ParOldGen       total 71168K, used 33446K [0x00000000a0000000, 0x00000000a4580000, 0x00000000e0000000)
  object space 71168K, 46% used [0x00000000a0000000,0x00000000a20a9a78,0x00000000a4580000)
 Metaspace       used 59844K, capacity 62320K, committed 62616K, reserved 1103872K
  class space    used 8279K, capacity 8829K, committed 8880K, reserved 1048576K

Card table byte_map: [0x0000000011810000,0x0000000011b20000] byte_map_base: 0x0000000011310000

Marking Bits: (ParMarkBitMap*) 0x000000006d9cf030
 Begin Bits: [0x0000000012120000, 0x0000000013920000)
 End Bits:   [0x0000000013920000, 0x0000000015120000)

Polling page: 0x0000000000980000

CodeCache: size=245760Kb used=16816Kb max_used=16816Kb free=228943Kb
 bounds [0x0000000002450000, 0x00000000034d0000, 0x0000000011450000]
 total_blobs=5678 nmethods=4901 adapters=690
 compilation: enabled

Compilation events (10 events):
Event: 13.624 Thread 0x0000000015dd4000 5306       3       java.util.HashMap$TreeNode::find (172 bytes)
Event: 13.624 Thread 0x0000000015dd4000 nmethod 5306 0x0000000002e78790 code [0x0000000002e78980, 0x0000000002e79498]
Event: 13.626 Thread 0x0000000015dd4000 5307       3       java.util.SubList$1::hasNext (20 bytes)
Event: 13.626 Thread 0x0000000015dd4000 nmethod 5307 0x0000000002f71710 code [0x0000000002f71880, 0x0000000002f71ba8]
Event: 13.626 Thread 0x0000000015dd4000 5308       3       java.util.SubList$1::nextIndex (18 bytes)
Event: 13.627 Thread 0x0000000015dd4000 nmethod 5308 0x0000000002b97490 code [0x0000000002b97600, 0x0000000002b97848]
Event: 13.632 Thread 0x0000000015dd4000 5310       3       java.util.regex.Matcher::find (35 bytes)
Event: 13.633 Thread 0x0000000015dd4000 nmethod 5310 0x0000000002e77e90 code [0x0000000002e78040, 0x0000000002e785d8]
Event: 13.638 Thread 0x0000000015dd4000 5311       3       org.gradle.internal.instantiation.generator.AbstractClassGenerator::access$1500 (6 bytes)
Event: 13.638 Thread 0x0000000015dd4000 nmethod 5311 0x0000000002b970d0 code [0x0000000002b97240, 0x0000000002b973a8]

GC Heap History (10 events):
Event: 6.367 GC heap before
{Heap before GC invocations=9 (full 1):
 PSYoungGen      total 144896K, used 45158K [0x00000000e0000000, 0x00000000f0680000, 0x0000000100000000)
  eden space 133120K, 25% used [0x00000000e0000000,0x00000000e209ee58,0x00000000e8200000)
  from space 11776K, 99% used [0x00000000e8200000,0x00000000e8d7ab78,0x00000000e8d80000)
  to   space 14848K, 0% used [0x00000000ef800000,0x00000000ef800000,0x00000000f0680000)
 ParOldGen       total 56320K, used 13904K [0x00000000a0000000, 0x00000000a3700000, 0x00000000e0000000)
  object space 56320K, 24% used [0x00000000a0000000,0x00000000a0d94200,0x00000000a3700000)
 Metaspace       used 34358K, capacity 35420K, committed 35496K, reserved 1079296K
  class space    used 4731K, capacity 5003K, committed 5040K, reserved 1048576K
Event: 6.378 GC heap after
Heap after GC invocations=9 (full 1):
 PSYoungGen      total 249856K, used 8191K [0x00000000e0000000, 0x00000000f0400000, 0x0000000100000000)
  eden space 237568K, 0% used [0x00000000e0000000,0x00000000e0000000,0x00000000ee800000)
  from space 12288K, 66% used [0x00000000ef800000,0x00000000effffef0,0x00000000f0400000)
  to   space 14336K, 0% used [0x00000000ee800000,0x00000000ee800000,0x00000000ef600000)
 ParOldGen       total 56320K, used 13912K [0x00000000a0000000, 0x00000000a3700000, 0x00000000e0000000)
  object space 56320K, 24% used [0x00000000a0000000,0x00000000a0d96200,0x00000000a3700000)
 Metaspace       used 34358K, capacity 35420K, committed 35496K, reserved 1079296K
  class space    used 4731K, capacity 5003K, committed 5040K, reserved 1048576K
}
Event: 6.378 GC heap before
{Heap before GC invocations=10 (full 2):
 PSYoungGen      total 249856K, used 8191K [0x00000000e0000000, 0x00000000f0400000, 0x0000000100000000)
  eden space 237568K, 0% used [0x00000000e0000000,0x00000000e0000000,0x00000000ee800000)
  from space 12288K, 66% used [0x00000000ef800000,0x00000000effffef0,0x00000000f0400000)
  to   space 14336K, 0% used [0x00000000ee800000,0x00000000ee800000,0x00000000ef600000)
 ParOldGen       total 56320K, used 13912K [0x00000000a0000000, 0x00000000a3700000, 0x00000000e0000000)
  object space 56320K, 24% used [0x00000000a0000000,0x00000000a0d96200,0x00000000a3700000)
 Metaspace       used 34358K, capacity 35420K, committed 35496K, reserved 1079296K
  class space    used 4731K, capacity 5003K, committed 5040K, reserved 1048576K
Event: 6.464 GC heap after
Heap after GC invocations=10 (full 2):
 PSYoungGen      total 249856K, used 0K [0x00000000e0000000, 0x00000000f0400000, 0x0000000100000000)
  eden space 237568K, 0% used [0x00000000e0000000,0x00000000e0000000,0x00000000ee800000)
  from space 12288K, 0% used [0x00000000ef800000,0x00000000ef800000,0x00000000f0400000)
  to   space 14336K, 0% used [0x00000000ee800000,0x00000000ee800000,0x00000000ef600000)
 ParOldGen       total 71168K, used 14598K [0x00000000a0000000, 0x00000000a4580000, 0x00000000e0000000)
  object space 71168K, 20% used [0x00000000a0000000,0x00000000a0e41b60,0x00000000a4580000)
 Metaspace       used 34358K, capacity 35420K, committed 35496K, reserved 1079296K
  class space    used 4731K, capacity 5003K, committed 5040K, reserved 1048576K
}
Event: 10.491 GC heap before
{Heap before GC invocations=11 (full 2):
 PSYoungGen      total 249856K, used 237568K [0x00000000e0000000, 0x00000000f0400000, 0x0000000100000000)
  eden space 237568K, 100% used [0x00000000e0000000,0x00000000ee800000,0x00000000ee800000)
  from space 12288K, 0% used [0x00000000ef800000,0x00000000ef800000,0x00000000f0400000)
  to   space 14336K, 0% used [0x00000000ee800000,0x00000000ee800000,0x00000000ef600000)
 ParOldGen       total 71168K, used 14598K [0x00000000a0000000, 0x00000000a4580000, 0x00000000e0000000)
  object space 71168K, 20% used [0x00000000a0000000,0x00000000a0e41b60,0x00000000a4580000)
 Metaspace       used 48393K, capacity 50278K, committed 50472K, reserved 1093632K
  class space    used 6497K, capacity 6910K, committed 6960K, reserved 1048576K
Event: 10.514 GC heap after
Heap after GC invocations=11 (full 2):
 PSYoungGen      total 251904K, used 14329K [0x00000000e0000000, 0x00000000f0400000, 0x0000000100000000)
  eden space 237568K, 0% used [0x00000000e0000000,0x00000000e0000000,0x00000000ee800000)
  from space 14336K, 99% used [0x00000000ee800000,0x00000000ef5fe498,0x00000000ef600000)
  to   space 12288K, 0% used [0x00000000ef800000,0x00000000ef800000,0x00000000f0400000)
 ParOldGen       total 71168K, used 21644K [0x00000000a0000000, 0x00000000a4580000, 0x00000000e0000000)
  object space 71168K, 30% used [0x00000000a0000000,0x00000000a1523390,0x00000000a4580000)
 Metaspace       used 48393K, capacity 50278K, committed 50472K, reserved 1093632K
  class space    used 6497K, capacity 6910K, committed 6960K, reserved 1048576K
}
Event: 12.857 GC heap before
{Heap before GC invocations=12 (full 2):
 PSYoungGen      total 251904K, used 119122K [0x00000000e0000000, 0x00000000f0400000, 0x0000000100000000)
  eden space 237568K, 44% used [0x00000000e0000000,0x00000000e6656430,0x00000000ee800000)
  from space 14336K, 99% used [0x00000000ee800000,0x00000000ef5fe498,0x00000000ef600000)
  to   space 12288K, 0% used [0x00000000ef800000,0x00000000ef800000,0x00000000f0400000)
 ParOldGen       total 71168K, used 21644K [0x00000000a0000000, 0x00000000a4580000, 0x00000000e0000000)
  object space 71168K, 30% used [0x00000000a0000000,0x00000000a1523390,0x00000000a4580000)
 Metaspace       used 56613K, capacity 58956K, committed 59160K, reserved 1099776K
  class space    used 7745K, capacity 8225K, committed 8240K, reserved 1048576K
Event: 12.881 GC heap after
Heap after GC invocations=12 (full 2):
 PSYoungGen      total 249856K, used 12276K [0x00000000e0000000, 0x00000000f0400000, 0x0000000100000000)
  eden space 237568K, 0% used [0x00000000e0000000,0x00000000e0000000,0x00000000ee800000)
  from space 12288K, 99% used [0x00000000ef800000,0x00000000f03fd320,0x00000000f0400000)
  to   space 14336K, 0% used [0x00000000ee800000,0x00000000ee800000,0x00000000ef600000)
 ParOldGen       total 71168K, used 30844K [0x00000000a0000000, 0x00000000a4580000, 0x00000000e0000000)
  object space 71168K, 43% used [0x00000000a0000000,0x00000000a1e1f080,0x00000000a4580000)
 Metaspace       used 56613K, capacity 58956K, committed 59160K, reserved 1099776K
  class space    used 7745K, capacity 8225K, committed 8240K, reserved 1048576K
}
Event: 12.881 GC heap before
{Heap before GC invocations=13 (full 3):
 PSYoungGen      total 249856K, used 12276K [0x00000000e0000000, 0x00000000f0400000, 0x0000000100000000)
  eden space 237568K, 0% used [0x00000000e0000000,0x00000000e0000000,0x00000000ee800000)
  from space 12288K, 99% used [0x00000000ef800000,0x00000000f03fd320,0x00000000f0400000)
  to   space 14336K, 0% used [0x00000000ee800000,0x00000000ee800000,0x00000000ef600000)
 ParOldGen       total 71168K, used 30844K [0x00000000a0000000, 0x00000000a4580000, 0x00000000e0000000)
  object space 71168K, 43% used [0x00000000a0000000,0x00000000a1e1f080,0x00000000a4580000)
 Metaspace       used 56613K, capacity 58956K, committed 59160K, reserved 1099776K
  class space    used 7745K, capacity 8225K, committed 8240K, reserved 1048576K
Event: 13.077 GC heap after
Heap after GC invocations=13 (full 3):
 PSYoungGen      total 249856K, used 0K [0x00000000e0000000, 0x00000000f0400000, 0x0000000100000000)
  eden space 237568K, 0% used [0x00000000e0000000,0x00000000e0000000,0x00000000ee800000)
  from space 12288K, 0% used [0x00000000ef800000,0x00000000ef800000,0x00000000f0400000)
  to   space 14336K, 0% used [0x00000000ee800000,0x00000000ee800000,0x00000000ef600000)
 ParOldGen       total 71168K, used 33446K [0x00000000a0000000, 0x00000000a4580000, 0x00000000e0000000)
  object space 71168K, 46% used [0x00000000a0000000,0x00000000a20a9a78,0x00000000a4580000)
 Metaspace       used 56595K, capacity 58896K, committed 59160K, reserved 1099776K
  class space    used 7739K, capacity 8215K, committed 8240K, reserved 1048576K
}

Deoptimization events (10 events):
Event: 12.687 Thread 0x0000000017ddf000 Uncommon trap: reason=unstable_if action=reinterpret pc=0x0000000002dc20b8 method=java.io.WinNTFileSystem.normalize(Ljava/lang/String;II)Ljava/lang/String; @ 103
Event: 13.093 Thread 0x0000000017ddf000 Uncommon trap: reason=bimorphic action=maybe_recompile pc=0x00000000027d3714 method=java.util.regex.Pattern$5.isSatisfiedBy(I)Z @ 16
Event: 13.093 Thread 0x0000000017ddf000 Uncommon trap: reason=bimorphic action=maybe_recompile pc=0x00000000027d3714 method=java.util.regex.Pattern$5.isSatisfiedBy(I)Z @ 16
Event: 13.093 Thread 0x0000000017ddf000 Uncommon trap: reason=bimorphic action=maybe_recompile pc=0x00000000027d3714 method=java.util.regex.Pattern$5.isSatisfiedBy(I)Z @ 16
Event: 13.093 Thread 0x0000000017ddf000 Uncommon trap: reason=bimorphic action=maybe_recompile pc=0x00000000027d3714 method=java.util.regex.Pattern$5.isSatisfiedBy(I)Z @ 16
Event: 13.372 Thread 0x0000000017ddf000 Uncommon trap: reason=unstable_if action=reinterpret pc=0x0000000002a8d228 method=java.util.regex.Pattern$BmpCharProperty.match(Ljava/util/regex/Matcher;ILjava/lang/CharSequence;)Z @ 34
Event: 13.388 Thread 0x0000000017ddf000 Uncommon trap: reason=unstable_if action=reinterpret pc=0x00000000029e4058 method=com.sun.org.apache.xerces.internal.impl.XMLEntityScanner.scanLiteral(ILcom/sun/org/apache/xerces/internal/xni/XMLString;Z)I @ 660
Event: 13.567 Thread 0x0000000017ddf000 Uncommon trap: reason=unstable_if action=reinterpret pc=0x0000000002821bf4 method=java.lang.String.lastIndexOf([CII[CIII)I @ 118
Event: 13.606 Thread 0x0000000017ddf000 Uncommon trap: reason=unstable_if action=reinterpret pc=0x0000000002dd479c method=java.util.HashMap.putVal(ILjava/lang/Object;Ljava/lang/Object;ZZ)Ljava/lang/Object; @ 109
Event: 13.606 Thread 0x0000000017ddf000 Uncommon trap: reason=unstable_if action=reinterpret pc=0x00000000032d6800 method=java.util.HashMap.putVal(ILjava/lang/Object;Ljava/lang/Object;ZZ)Ljava/lang/Object; @ 109

Classes redefined (0 events):
No events

Internal exceptions (10 events):
Event: 12.456 Thread 0x0000000017ddf000 Exception <a 'java/lang/ClassNotFoundException': com/android/build/gradle/internal/api/ApkVariantOutputImpl_DecoratedBeanInfo> (0x00000000e4f7c6b0) thrown at [C:\src\AOSP-openjdk-git\hotspot\src\share\vm\classfile\systemDictionary.cpp, line 210]
Event: 12.457 Thread 0x0000000017ddf000 Exception <a 'java/lang/ClassNotFoundException': com/android/build/gradle/internal/api/ApkVariantOutputImplBeanInfo> (0x00000000e4f998e0) thrown at [C:\src\AOSP-openjdk-git\hotspot\src\share\vm\classfile\systemDictionary.cpp, line 210]
Event: 12.457 Thread 0x0000000017ddf000 Exception <a 'java/lang/ClassNotFoundException': com/android/build/gradle/internal/api/BaseVariantOutputImplBeanInfo> (0x00000000e4fb7d18) thrown at [C:\src\AOSP-openjdk-git\hotspot\src\share\vm\classfile\systemDictionary.cpp, line 210]
Event: 12.457 Thread 0x0000000017ddf000 Exception <a 'java/lang/ClassNotFoundException': com/android/build/gradle/internal/api/BaseVariantOutputImplCustomizer> (0x00000000e4fd66b0) thrown at [C:\src\AOSP-openjdk-git\hotspot\src\share\vm\classfile\systemDictionary.cpp, line 210]
Event: 12.459 Thread 0x0000000017ddf000 Exception <a 'java/lang/ClassNotFoundException': com/android/build/gradle/internal/api/ApkVariantOutputImplCustomizer> (0x00000000e500ee58) thrown at [C:\src\AOSP-openjdk-git\hotspot\src\share\vm\classfile\systemDictionary.cpp, line 210]
Event: 12.459 Thread 0x0000000017ddf000 Exception <a 'java/lang/ClassNotFoundException': com/android/build/gradle/internal/api/ApkVariantOutputImpl_DecoratedCustomizer> (0x00000000e5042c90) thrown at [C:\src\AOSP-openjdk-git\hotspot\src\share\vm\classfile\systemDictionary.cpp, line 210]
Event: 12.723 Thread 0x0000000017ddf000 Exception <a 'java/lang/NoSuchMethodError': java.lang.Object.lambda$static$0(Lorg/gradle/api/internal/tasks/TaskDependencyResolveContext;)V> (0x00000000e5af8bf8) thrown at [C:\src\AOSP-openjdk-git\hotspot\src\share\vm\interpreter\linkResolver.cpp, line 62
Event: 12.851 Thread 0x0000000017ddf000 Exception <a 'sun/nio/fs/WindowsException'> (0x00000000e64b3778) thrown at [C:\src\AOSP-openjdk-git\hotspot\src\share\vm\prims\jni.cpp, line 710]
Event: 13.143 Thread 0x0000000017ddf000 Exception <a 'java/lang/ClassNotFoundException': com/sun/org/glassfish/hk2/osgiresourcelocator/ServiceLoader> (0x00000000e05104e8) thrown at [C:\src\AOSP-openjdk-git\hotspot\src\share\vm\classfile\systemDictionary.cpp, line 210]
Event: 13.191 Thread 0x0000000017ddf000 Exception <a 'java/lang/NullPointerException'> (0x00000000e098ca60) thrown at [C:\src\AOSP-openjdk-git\hotspot\src\share\vm\interpreter\linkResolver.cpp, line 1287]

Events (10 events):
Event: 13.635 loading class org/gradle/api/internal/file/collections/DefaultFileCollectionResolveContext$FileTreeConverter
Event: 13.635 loading class org/gradle/api/internal/file/collections/DefaultFileCollectionResolveContext$FileTreeConverter done
Event: 13.636 loading class org/gradle/api/internal/file/collections/ListBackedFileSet
Event: 13.636 loading class org/gradle/api/internal/file/collections/ListBackedFileSet done
Event: 13.640 Executing VM operation: ForceSafepoint
Event: 13.640 Executing VM operation: ForceSafepoint done
Event: 13.640 loading class org/gradle/internal/work/DefaultAsyncWorkTracker
Event: 13.640 loading class org/gradle/internal/work/DefaultAsyncWorkTracker done
Event: 13.641 loading class org/gradle/workers/internal/ClassLoaderStructure
Event: 13.641 loading class org/gradle/workers/internal/ClassLoaderStructure done


Dynamic libraries:
0x00007ff6201c0000 - 0x00007ff6201f1000 	C:\Program Files\Android\Android Studio\jre\bin\java.exe
0x00007ff865010000 - 0x00007ff865206000 	C:\WINDOWS\SYSTEM32\ntdll.dll
0x00007ff8637e0000 - 0x00007ff86389d000 	C:\WINDOWS\System32\KERNEL32.DLL
0x00007ff862800000 - 0x00007ff862ac8000 	C:\WINDOWS\System32\KERNELBASE.dll
0x00007ff864db0000 - 0x00007ff864e5a000 	C:\WINDOWS\System32\ADVAPI32.dll
0x00007ff863380000 - 0x00007ff86341e000 	C:\WINDOWS\System32\msvcrt.dll
0x00007ff863110000 - 0x00007ff8631ab000 	C:\WINDOWS\System32\sechost.dll
0x00007ff8639d0000 - 0x00007ff863af4000 	C:\WINDOWS\System32\RPCRT4.dll
0x00007ff8631b0000 - 0x00007ff863350000 	C:\WINDOWS\System32\USER32.dll
0x00007ff862b00000 - 0x00007ff862b22000 	C:\WINDOWS\System32\win32u.dll
0x00007ff863080000 - 0x00007ff8630aa000 	C:\WINDOWS\System32\GDI32.dll
0x00007ff862b30000 - 0x00007ff862c39000 	C:\WINDOWS\System32\gdi32full.dll
0x00007ff862760000 - 0x00007ff8627fd000 	C:\WINDOWS\System32\msvcp_win.dll
0x00007ff862cc0000 - 0x00007ff862dc0000 	C:\WINDOWS\System32\ucrtbase.dll
0x00007ff84fc90000 - 0x00007ff84ff2b000 	C:\WINDOWS\WinSxS\amd64_microsoft.windows.common-controls_6595b64144ccf1df_6.0.19041.488_none_ca04af081b815d21\COMCTL32.dll
0x00007ff863350000 - 0x00007ff863380000 	C:\WINDOWS\System32\IMM32.DLL
0x000000006c6b0000 - 0x000000006c782000 	C:\Program Files\Android\Android Studio\jre\jre\bin\msvcr100.dll
0x000000006d200000 - 0x000000006da4b000 	C:\Program Files\Android\Android Studio\jre\jre\bin\server\jvm.dll
0x00007ff864300000 - 0x00007ff864308000 	C:\WINDOWS\System32\PSAPI.DLL
0x00007ff84b610000 - 0x00007ff84b619000 	C:\WINDOWS\SYSTEM32\WSOCK32.dll
0x00007ff853580000 - 0x00007ff8535a7000 	C:\WINDOWS\SYSTEM32\WINMM.dll
0x00007ff854ff0000 - 0x00007ff854ffa000 	C:\WINDOWS\SYSTEM32\VERSION.dll
0x00007ff8641e0000 - 0x00007ff86424b000 	C:\WINDOWS\System32\WS2_32.dll
0x00007ff853090000 - 0x00007ff85309f000 	C:\Program Files\Android\Android Studio\jre\jre\bin\verify.dll
0x00007ff84edd0000 - 0x00007ff84edf9000 	C:\Program Files\Android\Android Studio\jre\jre\bin\java.dll
0x00007ff852f60000 - 0x00007ff852f76000 	C:\Program Files\Android\Android Studio\jre\jre\bin\zip.dll
0x00007ff8644f0000 - 0x00007ff864c30000 	C:\WINDOWS\System32\SHELL32.dll
0x00007ff8604e0000 - 0x00007ff860c74000 	C:\WINDOWS\SYSTEM32\windows.storage.dll
0x00007ff863480000 - 0x00007ff8637d5000 	C:\WINDOWS\System32\combase.dll
0x00007ff8621d0000 - 0x00007ff8621fc000 	C:\WINDOWS\SYSTEM32\Wldp.dll
0x00007ff863b10000 - 0x00007ff863bbe000 	C:\WINDOWS\System32\SHCORE.dll
0x00007ff8630b0000 - 0x00007ff863105000 	C:\WINDOWS\System32\shlwapi.dll
0x00007ff862690000 - 0x00007ff8626b6000 	C:\WINDOWS\SYSTEM32\profapi.dll
0x00007ff84ec50000 - 0x00007ff84ec6a000 	C:\Program Files\Android\Android Studio\jre\jre\bin\net.dll
0x00007ff861f50000 - 0x00007ff861fba000 	C:\WINDOWS\system32\mswsock.dll
0x00007ff84ebc0000 - 0x00007ff84ebd3000 	C:\Program Files\Android\Android Studio\jre\jre\bin\nio.dll
0x00007ff83de90000 - 0x00007ff83deb7000 	C:\Users\Sajithan\.gradle\native\f6784746aeab05261644944871eae4fe03e0ef1612fff0a4a95f87b438bc6780\windows-amd64\native-platform.dll
0x00007ff84f9c0000 - 0x00007ff84f9cd000 	C:\Program Files\Android\Android Studio\jre\jre\bin\management.dll
0x00007ff862130000 - 0x00007ff862148000 	C:\WINDOWS\SYSTEM32\CRYPTSP.dll
0x00007ff861870000 - 0x00007ff8618a4000 	C:\WINDOWS\system32\rsaenh.dll
0x00007ff862ad0000 - 0x00007ff862af7000 	C:\WINDOWS\System32\bcrypt.dll
0x00007ff862610000 - 0x00007ff86263e000 	C:\WINDOWS\SYSTEM32\USERENV.dll
0x00007ff862c40000 - 0x00007ff862cbf000 	C:\WINDOWS\System32\bcryptprimitives.dll
0x00007ff862120000 - 0x00007ff86212c000 	C:\WINDOWS\SYSTEM32\CRYPTBASE.dll
0x00007ff861bf0000 - 0x00007ff861c2b000 	C:\WINDOWS\SYSTEM32\IPHLPAPI.DLL
0x00007ff863b00000 - 0x00007ff863b09000 	C:\WINDOWS\System32\NSI.dll
0x00007ff854750000 - 0x00007ff854767000 	C:\WINDOWS\SYSTEM32\dhcpcsvc6.DLL
0x00007ff854890000 - 0x00007ff8548ad000 	C:\WINDOWS\SYSTEM32\dhcpcsvc.DLL
0x00007ff861c40000 - 0x00007ff861d0b000 	C:\WINDOWS\SYSTEM32\DNSAPI.dll
0x00007ff854d80000 - 0x00007ff854d8b000 	C:\WINDOWS\SYSTEM32\WINNSI.DLL

VM Arguments:
jvm_args: -Xmx1536m -Dfile.encoding=windows-1252 -Duser.country=GB -Duser.language=en -Duser.variant 
java_command: org.gradle.launcher.daemon.bootstrap.GradleDaemon 6.5
java_class_path (initial): C:\Users\Sajithan\.gradle\wrapper\dists\gradle-6.5-all\2oz4ud9k3tuxjg84bbf55q0tn\gradle-6.5\lib\gradle-launcher-6.5.jar
Launcher Type: SUN_STANDARD

Environment Variables:
JAVA_HOME=C:\Program Files\Java\jdk-12.0.1
PATH=C:\Python39\Scripts\;C:\Python39\;C:\Python27\;C:\Python27\Scripts;C:\ProgramData\Anaconda3;C:\ProgramData\Anaconda3\Library\mingw-w64\bin;C:\ProgramData\Anaconda3\Library\usr\bin;C:\ProgramData\Anaconda3\Library\bin;C:\ProgramData\Anaconda3\Scripts;C:\wamp64\bin\php\php7.4.0;C:\Program Files (x86)\Common Files\Oracle\Java\javapath;C:\Windows\system32;C:\Windows;C:\Windows\System32\Wbem;C:\Windows\System32\WindowsPowerShell\v1.0\;C:\Windows\System32\OpenSSH\;C:\Program Files (x86)\NVIDIA Corporation\PhysX\Common;c:\Users\Sajithan\AppData\Local\Android\Sdk\platform-tools;C:\Program Files\Java\jdk1.8.0_212\bin;C:\Program Files\Java\jdk-12.0.1\bin;C:\Program Files\NVIDIA Corporation\NVIDIA NvDLISR;C:\WINDOWS\system32;C:\WINDOWS;C:\WINDOWS\System32\Wbem;C:\WINDOWS\System32\WindowsPowerShell\v1.0\;C:\WINDOWS\System32\OpenSSH\;c:\Users\YOUR_USERNAME\AppData\Local\Android\Sdk\platform-tools;C:\Program Files\nodejs\;C:\ProgramData\chocolatey\bin;C:\composer;C:\Program Files\Dart\dart-sdk\bin;C:\Gradle\gradle-6.3\bin;C:\Program Files\dotnet\;C:\Program Files (x86)\dotnet\;C:\Users\Sajithan\AppData\Local\Microsoft\WindowsApps;C:\Users\Sajithan\AppData\Local\Programs\Microsoft VS Code\bin;c:\Users\Sajithan\AppData\Local\Android\Sdk\platform-tools;C:\Users\Sajithan\AppData\Local\GitHubDesktop\bin;c:\Users\YOUR_USERNAME\AppData\Local\Android\Sdk\platform-tools;C:\Users\Sajithan\AppData\Roaming\npm;C:\Users\Sajithan\AppData\Roaming\Composer\vendor\bin;C:\flutter\bin;C:\Program Files\JetBrains\PyCharm Community Edition 2020.1\bin;C:\Users\Sajithan\.deno\bin;C:\Users\Sajithan\AppData\Local\Microsoft\WindowsApps;C:\Users\Sajithan\.dotnet\tools;C:\tools\dart-sdk\bin;C:\Users\Sajithan\AppData\Roaming\Pub\Cache\bin;C:\Users\Sajithan\AppData\Local\atom\bin
USERNAME=Sajithan
OS=Windows_NT
PROCESSOR_IDENTIFIER=Intel64 Family 6 Model 142 Stepping 9, GenuineIntel



---------------  S Y S T E M  ---------------

OS: Windows 10.0 , 64 bit Build 19041 (10.0.19041.546)

CPU:total 4 (initial active 4) (2 cores per cpu, 2 threads per core) family 6 model 142 stepping 9, cmov, cx8, fxsr, mmx, sse, sse2, sse3, ssse3, sse4.1, sse4.2, popcnt, avx, avx2, aes, clmul, erms, 3dnowpref, lzcnt, ht, tsc, tscinvbit, bmi1, bmi2, adx

Memory: 4k page, physical 8266284k(711036k free), swap 8266284k(4124k free)

vm_info: OpenJDK 64-Bit Server VM (25.242-b01) for windows-amd64 JRE (1.8.0_242-release-1644-b01), built by "builder" with MS VC++ 10.0 (VS2010)

time: Sun Nov 08 11:49:09 2020
timezone: Sri Lanka Standard Time
elapsed time: 13 seconds (0d 0h 0m 13s)

