#
# There is insufficient memory for the Java Runtime Environment to continue.
# Native memory allocation (malloc) failed to allocate 693456 bytes for Chunk::new
# Possible reasons:
#   The system is out of physical RAM or swap space
#   The process is running with CompressedOops enabled, and the Java Heap may be blocking the growth of the native heap
# Possible solutions:
#   Reduce memory load on the system
#   Increase physical memory or swap space
#   Check if swap backing store is full
#   Decrease Java heap size (-Xmx/-Xms)
#   Decrease number of Java threads
#   Decrease Java thread stack sizes (-Xss)
#   Set larger code cache with -XX:ReservedCodeCacheSize=
#   JVM is running with Unscaled Compressed Oops mode in which the Java heap is
#     placed in the first 4GB address space. The Java Heap base address is the
#     maximum limit for the native heap growth. Please use -XX:HeapBaseMinAddress
#     to set the Java Heap base and to place the Java Heap above 4GB virtual address.
# This output file may be truncated or incomplete.
#
#  Out of Memory Error (allocation.cpp:389), pid=7048, tid=0x0000000000000da8
#
# JRE version: OpenJDK Runtime Environment (8.0_212-b04) (build 1.8.0_212-release-1586-b04)
# Java VM: OpenJDK 64-Bit Server VM (25.212-b04 mixed mode windows-amd64 compressed oops)
# Failed to write core dump. Minidumps are not enabled by default on client versions of Windows
#

---------------  T H R E A D  ---------------

Current thread (0x000000001687e000):  JavaThread "C2 CompilerThread1" daemon [_thread_in_native, id=3496, stack(0x0000000017fd0000,0x00000000180d0000)]

Stack: [0x0000000017fd0000,0x00000000180d0000]
[error occurred during error reporting (printing stack bounds), id 0xc0000005]

Native frames: (J=compiled Java code, j=interpreted, Vv=VM code, C=native code)


Current CompileTask:
C2:  11611 3327       4       org.objectweb.asm.Frame::execute (2318 bytes)


---------------  P R O C E S S  ---------------

Java Threads: ( => current thread )
  0x000000001aec3800 JavaThread "Build operations Thread 4" [_thread_blocked, id=3136, stack(0x0000000021050000,0x0000000021150000)]
  0x000000001aec0000 JavaThread "Build operations Thread 3" [_thread_blocked, id=13368, stack(0x0000000020cb0000,0x0000000020db0000)]
  0x000000001aec6000 JavaThread "Build operations Thread 2" [_thread_blocked, id=12444, stack(0x0000000020bb0000,0x0000000020cb0000)]
  0x000000001aec3000 JavaThread "Build operations" [_thread_blocked, id=3164, stack(0x0000000020ab0000,0x0000000020bb0000)]
  0x000000001985d800 JavaThread "Cache worker for execution history cache (C:\Users\Sajithan\.gradle\caches\5.6.4\executionHistory)" [_thread_blocked, id=6232, stack(0x00000000209b0000,0x0000000020ab0000)]
  0x000000001985c800 JavaThread "Cache worker for cache directory md-rule (C:\Users\Sajithan\.gradle\caches\5.6.4\md-rule)" [_thread_blocked, id=9204, stack(0x00000000208b0000,0x00000000209b0000)]
  0x000000001985f800 JavaThread "Cache worker for cache directory md-supplier (C:\Users\Sajithan\.gradle\caches\5.6.4\md-supplier)" [_thread_blocked, id=3252, stack(0x00000000202d0000,0x00000000203d0000)]
  0x0000000019861000 JavaThread "Cache worker for file hash cache (C:\Users\Sajithan\AndroidStudioProjects\examples\lite\examples\object_detection\SajiiVideoRentingShop\.gradle\5.6.4\fileHashes)" [_thread_blocked, id=7800, stack(0x000000001c7f0000,0x000000001c8f0000)]
  0x000000001985a800 JavaThread "Cache worker for journal cache (C:\Users\Sajithan\.gradle\caches\journal-1)" [_thread_blocked, id=12448, stack(0x000000001c5f0000,0x000000001c6f0000)]
  0x000000001985f000 JavaThread "File lock request listener" [_thread_in_native, id=10100, stack(0x000000001c4f0000,0x000000001c5f0000)]
  0x0000000019eef800 JavaThread "Cache worker for file hash cache (C:\Users\Sajithan\.gradle\caches\5.6.4\fileHashes)" [_thread_blocked, id=13836, stack(0x000000001c3f0000,0x000000001c4f0000)]
  0x000000001a3f6800 JavaThread "Thread-9" [_thread_blocked, id=2888, stack(0x000000001c0f0000,0x000000001c1f0000)]
  0x000000001a3eb800 JavaThread "Stdin handler" [_thread_blocked, id=5132, stack(0x000000001bff0000,0x000000001c0f0000)]
  0x000000001a3e9800 JavaThread "Asynchronous log dispatcher for DefaultDaemonConnection: socket connection from /127.0.0.1:64799 to /127.0.0.1:64800" [_thread_blocked, id=8020, stack(0x000000001bef0000,0x000000001bff0000)]
  0x000000001a3fb800 JavaThread "Daemon worker" [_thread_in_native, id=5932, stack(0x000000001bdf0000,0x000000001bef0000)]
  0x000000001a3fd000 JavaThread "Cancel handler" [_thread_blocked, id=1708, stack(0x000000001bcf0000,0x000000001bdf0000)]
  0x000000001a3b3000 JavaThread "Handler for socket connection from /127.0.0.1:64799 to /127.0.0.1:64800" [_thread_in_native, id=12300, stack(0x000000001b9f0000,0x000000001baf0000)]
  0x000000001a3a9800 JavaThread "Daemon" [_thread_blocked, id=4044, stack(0x000000001b8f0000,0x000000001b9f0000)]
  0x000000001a38d000 JavaThread "Daemon periodic checks" [_thread_blocked, id=1624, stack(0x000000001b7f0000,0x000000001b8f0000)]
  0x000000001a38c000 JavaThread "Incoming local TCP Connector on port 64799" [_thread_in_native, id=15848, stack(0x000000001b5b0000,0x000000001b6b0000)]
  0x0000000018520800 JavaThread "Daemon health stats" [_thread_blocked, id=13412, stack(0x000000001af70000,0x000000001b070000)]
  0x00000000181f8800 JavaThread "Service Thread" daemon [_thread_blocked, id=16140, stack(0x00000000185d0000,0x00000000186d0000)]
  0x000000001688c000 JavaThread "C1 CompilerThread2" daemon [_thread_blocked, id=14092, stack(0x00000000180d0000,0x00000000181d0000)]
=>0x000000001687e000 JavaThread "C2 CompilerThread1" daemon [_thread_in_native, id=3496, stack(0x0000000017fd0000,0x00000000180d0000)]
  0x0000000016889800 JavaThread "C2 CompilerThread0" daemon [_thread_blocked, id=2348, stack(0x0000000017ed0000,0x0000000017fd0000)]
  0x0000000016888000 JavaThread "Attach Listener" daemon [_thread_blocked, id=13660, stack(0x0000000017dd0000,0x0000000017ed0000)]
  0x0000000016886800 JavaThread "Signal Dispatcher" daemon [_thread_blocked, id=7924, stack(0x0000000017cd0000,0x0000000017dd0000)]
  0x0000000002f0e800 JavaThread "Finalizer" daemon [_thread_blocked, id=7832, stack(0x0000000017ad0000,0x0000000017bd0000)]
  0x0000000002f03000 JavaThread "Reference Handler" daemon [_thread_blocked, id=2716, stack(0x00000000179d0000,0x0000000017ad0000)]
  0x0000000002e12800 JavaThread "main" [_thread_blocked, id=7944, stack(0x0000000002d10000,0x0000000002e10000)]

Other Threads:
  0x0000000016845800 VMThread [stack: 0x00000000178d0000,0x00000000179d0000] [id=12260]
  0x00000000181f9000 WatcherThread [stack: 0x00000000186d0000,0x00000000187d0000] [id=1472]

VM state:not at safepoint (normal execution)

VM Mutex/Monitor currently owned by a thread: None

heap address: 0x00000000a0000000, size: 1536 MB, Compressed Oops mode: 32-bit
Narrow klass base: 0x0000000000000000, Narrow klass shift: 3
Compressed class space size: 1073741824 Address: 0x0000000100000000

Heap:
 PSYoungGen      total 113664K, used 2123K [0x00000000e0000000, 0x00000000e9a00000, 0x0000000100000000)
  eden space 101888K, 2% used [0x00000000e0000000,0x00000000e0212f98,0x00000000e6380000)
  from space 11776K, 0% used [0x00000000e6380000,0x00000000e6380000,0x00000000e6f00000)
  to   space 12288K, 0% used [0x00000000e8e00000,0x00000000e8e00000,0x00000000e9a00000)
 ParOldGen       total 60928K, used 17202K [0x00000000a0000000, 0x00000000a3b80000, 0x00000000e0000000)
  object space 60928K, 28% used [0x00000000a0000000,0x00000000a10ccb40,0x00000000a3b80000)
 Metaspace       used 34746K, capacity 35524K, committed 35752K, reserved 1079296K
  class space    used 4788K, capacity 5031K, committed 5032K, reserved 1048576K

Card table byte_map: [0x00000000122d0000,0x00000000125e0000] byte_map_base: 0x0000000011dd0000

Marking Bits: (ParMarkBitMap*) 0x000000005df89f30
 Begin Bits: [0x0000000012be0000, 0x00000000143e0000)
 End Bits:   [0x00000000143e0000, 0x0000000015be0000)

Polling page: 0x0000000002c30000

CodeCache: size=245760Kb used=10435Kb max_used=10773Kb free=235324Kb
 bounds [0x0000000002f10000, 0x00000000039c0000, 0x0000000011f10000]
 total_blobs=3748 nmethods=3047 adapters=614
 compilation: enabled

Compilation events (10 events):
Event: 11.557 Thread 0x000000001688c000 3330       3       jdk.internal.org.objectweb.asm.MethodWriter::visitMaxs (1159 bytes)
Event: 11.560 Thread 0x000000001688c000 nmethod 3330 0x00000000030954d0 code [0x0000000003095980, 0x0000000003097fb8]
Event: 11.560 Thread 0x000000001688c000 3331       3       jdk.internal.org.objectweb.asm.MethodWriter::put (1599 bytes)
Event: 11.565 Thread 0x000000001688c000 nmethod 3331 0x000000000311be90 code [0x000000000311c740, 0x0000000003120238]
Event: 11.565 Thread 0x000000001688c000 3332       3       jdk.internal.org.objectweb.asm.MethodWriter::visitCode (1 bytes)
Event: 11.565 Thread 0x000000001688c000 nmethod 3332 0x00000000030e9f10 code [0x00000000030ea060, 0x00000000030ea1b0]
Event: 11.583 Thread 0x000000001688c000 3334       3       sun.invoke.util.VerifyAccess::isTypeVisible (49 bytes)
Event: 11.583 Thread 0x000000001688c000 nmethod 3334 0x0000000003088dd0 code [0x0000000003088f60, 0x00000000030894a8]
Event: 11.583 Thread 0x000000001688c000 3335       3       java.lang.invoke.DirectMethodHandle::maybeCompile (18 bytes)
Event: 11.584 Thread 0x000000001688c000 nmethod 3335 0x00000000030715d0 code [0x0000000003071740, 0x00000000030719d8]

GC Heap History (10 events):
Event: 3.258 GC heap before
{Heap before GC invocations=7 (full 1):
 PSYoungGen      total 76800K, used 8823K [0x00000000e0000000, 0x00000000e5700000, 0x0000000100000000)
  eden space 66048K, 0% used [0x00000000e0000000,0x00000000e0000000,0x00000000e4080000)
  from space 10752K, 82% used [0x00000000e4b80000,0x00000000e541df10,0x00000000e5600000)
  to   space 11264K, 0% used [0x00000000e4080000,0x00000000e4080000,0x00000000e4b80000)
 ParOldGen       total 87552K, used 7590K [0x00000000a0000000, 0x00000000a5580000, 0x00000000e0000000)
  object space 87552K, 8% used [0x00000000a0000000,0x00000000a0769a50,0x00000000a5580000)
 Metaspace       used 20711K, capacity 21198K, committed 21296K, reserved 1067008K
  class space    used 2997K, capacity 3161K, committed 3200K, reserved 1048576K
Event: 3.297 GC heap after
Heap after GC invocations=7 (full 1):
 PSYoungGen      total 76800K, used 0K [0x00000000e0000000, 0x00000000e5700000, 0x0000000100000000)
  eden space 66048K, 0% used [0x00000000e0000000,0x00000000e0000000,0x00000000e4080000)
  from space 10752K, 0% used [0x00000000e4b80000,0x00000000e4b80000,0x00000000e5600000)
  to   space 11264K, 0% used [0x00000000e4080000,0x00000000e4080000,0x00000000e4b80000)
 ParOldGen       total 60928K, used 9540K [0x00000000a0000000, 0x00000000a3b80000, 0x00000000e0000000)
  object space 60928K, 15% used [0x00000000a0000000,0x00000000a0951368,0x00000000a3b80000)
 Metaspace       used 20711K, capacity 21198K, committed 21296K, reserved 1067008K
  class space    used 2997K, capacity 3161K, committed 3200K, reserved 1048576K
}
Event: 5.062 GC heap before
{Heap before GC invocations=8 (full 1):
 PSYoungGen      total 76800K, used 66048K [0x00000000e0000000, 0x00000000e5700000, 0x0000000100000000)
  eden space 66048K, 100% used [0x00000000e0000000,0x00000000e4080000,0x00000000e4080000)
  from space 10752K, 0% used [0x00000000e4b80000,0x00000000e4b80000,0x00000000e5600000)
  to   space 11264K, 0% used [0x00000000e4080000,0x00000000e4080000,0x00000000e4b80000)
 ParOldGen       total 60928K, used 9540K [0x00000000a0000000, 0x00000000a3b80000, 0x00000000e0000000)
  object space 60928K, 15% used [0x00000000a0000000,0x00000000a0951368,0x00000000a3b80000)
 Metaspace       used 29107K, capacity 29706K, committed 30080K, reserved 1075200K
  class space    used 3931K, capacity 4133K, committed 4224K, reserved 1048576K
Event: 5.071 GC heap after
Heap after GC invocations=8 (full 1):
 PSYoungGen      total 77312K, used 8068K [0x00000000e0000000, 0x00000000e7a00000, 0x0000000100000000)
  eden space 66048K, 0% used [0x00000000e0000000,0x00000000e0000000,0x00000000e4080000)
  from space 11264K, 71% used [0x00000000e4080000,0x00000000e48611d0,0x00000000e4b80000)
  to   space 11264K, 0% used [0x00000000e6f00000,0x00000000e6f00000,0x00000000e7a00000)
 ParOldGen       total 60928K, used 9548K [0x00000000a0000000, 0x00000000a3b80000, 0x00000000e0000000)
  object space 60928K, 15% used [0x00000000a0000000,0x00000000a0953368,0x00000000a3b80000)
 Metaspace       used 29107K, capacity 29706K, committed 30080K, reserved 1075200K
  class space    used 3931K, capacity 4133K, committed 4224K, reserved 1048576K
}
Event: 5.935 GC heap before
{Heap before GC invocations=9 (full 1):
 PSYoungGen      total 77312K, used 74116K [0x00000000e0000000, 0x00000000e7a00000, 0x0000000100000000)
  eden space 66048K, 100% used [0x00000000e0000000,0x00000000e4080000,0x00000000e4080000)
  from space 11264K, 71% used [0x00000000e4080000,0x00000000e48611d0,0x00000000e4b80000)
  to   space 11264K, 0% used [0x00000000e6f00000,0x00000000e6f00000,0x00000000e7a00000)
 ParOldGen       total 60928K, used 9548K [0x00000000a0000000, 0x00000000a3b80000, 0x00000000e0000000)
  object space 60928K, 15% used [0x00000000a0000000,0x00000000a0953368,0x00000000a3b80000)
 Metaspace       used 32038K, capacity 32616K, committed 32768K, reserved 1077248K
  class space    used 4397K, capacity 4591K, committed 4608K, reserved 1048576K
Event: 5.950 GC heap after
Heap after GC invocations=9 (full 1):
 PSYoungGen      total 113152K, used 8193K [0x00000000e0000000, 0x00000000e7c00000, 0x0000000100000000)
  eden space 101888K, 0% used [0x00000000e0000000,0x00000000e0000000,0x00000000e6380000)
  from space 11264K, 72% used [0x00000000e6f00000,0x00000000e77007b0,0x00000000e7a00000)
  to   space 11776K, 0% used [0x00000000e6380000,0x00000000e6380000,0x00000000e6f00000)
 ParOldGen       total 60928K, used 9556K [0x00000000a0000000, 0x00000000a3b80000, 0x00000000e0000000)
  object space 60928K, 15% used [0x00000000a0000000,0x00000000a0955368,0x00000000a3b80000)
 Metaspace       used 32038K, capacity 32616K, committed 32768K, reserved 1077248K
  class space    used 4397K, capacity 4591K, committed 4608K, reserved 1048576K
}
Event: 11.462 GC heap before
{Heap before GC invocations=10 (full 1):
 PSYoungGen      total 113152K, used 72884K [0x00000000e0000000, 0x00000000e7c00000, 0x0000000100000000)
  eden space 101888K, 63% used [0x00000000e0000000,0x00000000e3f2c988,0x00000000e6380000)
  from space 11264K, 72% used [0x00000000e6f00000,0x00000000e77007b0,0x00000000e7a00000)
  to   space 11776K, 0% used [0x00000000e6380000,0x00000000e6380000,0x00000000e6f00000)
 ParOldGen       total 60928K, used 9556K [0x00000000a0000000, 0x00000000a3b80000, 0x00000000e0000000)
  object space 60928K, 15% used [0x00000000a0000000,0x00000000a0955368,0x00000000a3b80000)
 Metaspace       used 34675K, capacity 35426K, committed 35496K, reserved 1079296K
  class space    used 4770K, capacity 4996K, committed 5032K, reserved 1048576K
Event: 11.476 GC heap after
Heap after GC invocations=10 (full 1):
 PSYoungGen      total 113664K, used 10309K [0x00000000e0000000, 0x00000000e9a00000, 0x0000000100000000)
  eden space 101888K, 0% used [0x00000000e0000000,0x00000000e0000000,0x00000000e6380000)
  from space 11776K, 87% used [0x00000000e6380000,0x00000000e6d91738,0x00000000e6f00000)
  to   space 12288K, 0% used [0x00000000e8e00000,0x00000000e8e00000,0x00000000e9a00000)
 ParOldGen       total 60928K, used 9564K [0x00000000a0000000, 0x00000000a3b80000, 0x00000000e0000000)
  object space 60928K, 15% used [0x00000000a0000000,0x00000000a0957368,0x00000000a3b80000)
 Metaspace       used 34675K, capacity 35426K, committed 35496K, reserved 1079296K
  class space    used 4770K, capacity 4996K, committed 5032K, reserved 1048576K
}
Event: 11.476 GC heap before
{Heap before GC invocations=11 (full 2):
 PSYoungGen      total 113664K, used 10309K [0x00000000e0000000, 0x00000000e9a00000, 0x0000000100000000)
  eden space 101888K, 0% used [0x00000000e0000000,0x00000000e0000000,0x00000000e6380000)
  from space 11776K, 87% used [0x00000000e6380000,0x00000000e6d91738,0x00000000e6f00000)
  to   space 12288K, 0% used [0x00000000e8e00000,0x00000000e8e00000,0x00000000e9a00000)
 ParOldGen       total 60928K, used 9564K [0x00000000a0000000, 0x00000000a3b80000, 0x00000000e0000000)
  object space 60928K, 15% used [0x00000000a0000000,0x00000000a0957368,0x00000000a3b80000)
 Metaspace       used 34675K, capacity 35426K, committed 35496K, reserved 1079296K
  class space    used 4770K, capacity 4996K, committed 5032K, reserved 1048576K
Event: 11.546 GC heap after
Heap after GC invocations=11 (full 2):
 PSYoungGen      total 113664K, used 0K [0x00000000e0000000, 0x00000000e9a00000, 0x0000000100000000)
  eden space 101888K, 0% used [0x00000000e0000000,0x00000000e0000000,0x00000000e6380000)
  from space 11776K, 0% used [0x00000000e6380000,0x00000000e6380000,0x00000000e6f00000)
  to   space 12288K, 0% used [0x00000000e8e00000,0x00000000e8e00000,0x00000000e9a00000)
 ParOldGen       total 60928K, used 17202K [0x00000000a0000000, 0x00000000a3b80000, 0x00000000e0000000)
  object space 60928K, 28% used [0x00000000a0000000,0x00000000a10ccb40,0x00000000a3b80000)
 Metaspace       used 34666K, capacity 35396K, committed 35496K, reserved 1079296K
  class space    used 4768K, capacity 4991K, committed 5032K, reserved 1048576K
}

Deoptimization events (10 events):
Event: 5.056 Thread 0x000000001a3fb800 Uncommon trap: reason=class_check action=maybe_recompile pc=0x000000000353b9f0 method=sun.misc.URLClassPath.getLoader(I)Lsun/misc/URLClassPath$Loader; @ 239
Event: 5.072 Thread 0x0000000002f03000 Uncommon trap: reason=unstable_if action=reinterpret pc=0x000000000340a53c method=java.lang.ref.Reference.tryHandlePending(Z)Z @ 104
Event: 5.206 Thread 0x000000001a3fb800 Uncommon trap: reason=unstable_if action=reinterpret pc=0x00000000031b298c method=java.io.WinNTFileSystem.resolve(Ljava/lang/String;Ljava/lang/String;)Ljava/lang/String; @ 49
Event: 8.391 Thread 0x000000001aec6000 Uncommon trap: reason=class_check action=maybe_recompile pc=0x0000000003489924 method=java.util.concurrent.ConcurrentHashMap.putVal(Ljava/lang/Object;Ljava/lang/Object;Z)Ljava/lang/Object; @ 192
Event: 8.392 Thread 0x000000001aec0000 Uncommon trap: reason=class_check action=maybe_recompile pc=0x0000000003489924 method=java.util.concurrent.ConcurrentHashMap.putVal(Ljava/lang/Object;Ljava/lang/Object;Z)Ljava/lang/Object; @ 192
Event: 8.393 Thread 0x000000001aec0000 Uncommon trap: reason=unstable_if action=reinterpret pc=0x00000000034898e8 method=java.util.concurrent.ConcurrentHashMap.putVal(Ljava/lang/Object;Ljava/lang/Object;Z)Ljava/lang/Object; @ 98
Event: 9.985 Thread 0x000000001a3fb800 Uncommon trap: reason=unstable_if action=reinterpret pc=0x00000000037def18 method=org.codehaus.groovy.runtime.metaclass.MetaMethodIndex.addMethodToList(Ljava/lang/Object;Lgroovy/lang/MetaMethod;)Ljava/lang/Object; @ 226
Event: 11.294 Thread 0x000000001a3fb800 Uncommon trap: reason=unstable_if action=reinterpret pc=0x00000000033c1c8c method=java.util.WeakHashMap.expungeStaleEntries()V @ 66
Event: 11.345 Thread 0x000000001a3fb800 Uncommon trap: reason=bimorphic action=maybe_recompile pc=0x00000000036f3160 method=java.util.AbstractCollection.addAll(Ljava/util/Collection;)Z @ 29
Event: 11.455 Thread 0x000000001a3fb800 Uncommon trap: reason=range_check action=make_not_entrant pc=0x00000000038905c8 method=java.lang.String.charAt(I)C @ 27

Classes redefined (0 events):
No events

Internal exceptions (10 events):
Event: 11.228 Thread 0x000000001a3fb800 Exception <a 'java/security/PrivilegedActionException'> (0x00000000e3a1b5d0) thrown at [D:\src\AOSP-openjdk-cygwin\jdk8u\hotspot\src\share\vm\prims\jvm.cpp, line 1502]
Event: 11.228 Thread 0x000000001a3fb800 Exception <a 'java/security/PrivilegedActionException'> (0x00000000e3a1c168) thrown at [D:\src\AOSP-openjdk-cygwin\jdk8u\hotspot\src\share\vm\prims\jvm.cpp, line 1502]
Event: 11.228 Thread 0x000000001a3fb800 Exception <a 'java/security/PrivilegedActionException'> (0x00000000e3a1eea8) thrown at [D:\src\AOSP-openjdk-cygwin\jdk8u\hotspot\src\share\vm\prims\jvm.cpp, line 1502]
Event: 11.228 Thread 0x000000001a3fb800 Exception <a 'java/security/PrivilegedActionException'> (0x00000000e3a1fa40) thrown at [D:\src\AOSP-openjdk-cygwin\jdk8u\hotspot\src\share\vm\prims\jvm.cpp, line 1502]
Event: 11.228 Thread 0x000000001a3fb800 Exception <a 'java/security/PrivilegedActionException'> (0x00000000e3a22870) thrown at [D:\src\AOSP-openjdk-cygwin\jdk8u\hotspot\src\share\vm\prims\jvm.cpp, line 1502]
Event: 11.228 Thread 0x000000001a3fb800 Exception <a 'java/security/PrivilegedActionException'> (0x00000000e3a23408) thrown at [D:\src\AOSP-openjdk-cygwin\jdk8u\hotspot\src\share\vm\prims\jvm.cpp, line 1502]
Event: 11.293 Thread 0x000000001a3fb800 Exception <a 'java/lang/ClassNotFoundException': org/gradle/api/internal/project/DefaultProject_DecoratedBeanInfo> (0x00000000e3a39788) thrown at [D:\src\AOSP-openjdk-cygwin\jdk8u\hotspot\src\share\vm\classfile\systemDictionary.cpp, line 210]
Event: 11.293 Thread 0x000000001a3fb800 Exception <a 'java/lang/ClassNotFoundException': org/gradle/api/internal/project/DefaultProjectBeanInfo> (0x00000000e3a70320) thrown at [D:\src\AOSP-openjdk-cygwin\jdk8u\hotspot\src\share\vm\classfile\systemDictionary.cpp, line 210]
Event: 11.294 Thread 0x000000001a3fb800 Exception <a 'java/lang/ClassNotFoundException': org/gradle/api/internal/project/DefaultProjectCustomizer> (0x00000000e3aa88d0) thrown at [D:\src\AOSP-openjdk-cygwin\jdk8u\hotspot\src\share\vm\classfile\systemDictionary.cpp, line 210]
Event: 11.299 Thread 0x000000001a3fb800 Exception <a 'java/lang/ClassNotFoundException': org/gradle/api/internal/project/DefaultProject_DecoratedCustomizer> (0x00000000e3bb4c30) thrown at [D:\src\AOSP-openjdk-cygwin\jdk8u\hotspot\src\share\vm\classfile\systemDictionary.cpp, line 210]

Events (10 events):
Event: 11.583 Thread 0x000000001688c000 flushing nmethod 0x0000000003290ad0
Event: 11.583 Thread 0x000000001688c000 flushing nmethod 0x0000000003291890
Event: 11.583 Thread 0x000000001688c000 flushing nmethod 0x0000000003299850
Event: 11.583 Thread 0x000000001688c000 flushing nmethod 0x000000000329ae50
Event: 11.584 Thread 0x000000001688c000 flushing nmethod 0x00000000032eff10
Event: 11.584 Thread 0x000000001688c000 flushing nmethod 0x00000000032fcdd0
Event: 11.584 Thread 0x000000001688c000 flushing nmethod 0x0000000003341ad0
Event: 11.584 Thread 0x000000001688c000 flushing nmethod 0x0000000003342190
Event: 11.584 Thread 0x000000001688c000 flushing nmethod 0x0000000003348f10
Event: 11.584 Thread 0x000000001688c000 flushing nmethod 0x000000000334fa10


Dynamic libraries:
0x00007ff6c4bb0000 - 0x00007ff6c4be1000 	C:\Program Files\Android\Android Studio\jre\bin\java.exe
0x00007ff886f30000 - 0x00007ff887126000 	C:\WINDOWS\SYSTEM32\ntdll.dll
0x00007ff8868c0000 - 0x00007ff88697d000 	C:\WINDOWS\System32\KERNEL32.DLL
0x00007ff8848e0000 - 0x00007ff884ba8000 	C:\WINDOWS\System32\KERNELBASE.dll
0x00007ff886e40000 - 0x00007ff886eea000 	C:\WINDOWS\System32\ADVAPI32.dll
0x00007ff886be0000 - 0x00007ff886c7e000 	C:\WINDOWS\System32\msvcrt.dll
0x00007ff8863b0000 - 0x00007ff88644b000 	C:\WINDOWS\System32\sechost.dll
0x00007ff886a30000 - 0x00007ff886b54000 	C:\WINDOWS\System32\RPCRT4.dll
0x00007ff885c70000 - 0x00007ff885e10000 	C:\WINDOWS\System32\USER32.dll
0x00007ff884ec0000 - 0x00007ff884ee2000 	C:\WINDOWS\System32\win32u.dll
0x00007ff886e10000 - 0x00007ff886e3a000 	C:\WINDOWS\System32\GDI32.dll
0x00007ff884d60000 - 0x00007ff884e69000 	C:\WINDOWS\System32\gdi32full.dll
0x00007ff884cc0000 - 0x00007ff884d5d000 	C:\WINDOWS\System32\msvcp_win.dll
0x00007ff884680000 - 0x00007ff884780000 	C:\WINDOWS\System32\ucrtbase.dll
0x00007ff871b40000 - 0x00007ff871ddb000 	C:\WINDOWS\WinSxS\amd64_microsoft.windows.common-controls_6595b64144ccf1df_6.0.19041.488_none_ca04af081b815d21\COMCTL32.dll
0x00007ff886750000 - 0x00007ff886780000 	C:\WINDOWS\System32\IMM32.DLL
0x0000000059b00000 - 0x0000000059bd2000 	C:\Program Files\Android\Android Studio\jre\jre\bin\msvcr100.dll
0x000000005d7c0000 - 0x000000005e006000 	C:\Program Files\Android\Android Studio\jre\jre\bin\server\jvm.dll
0x00007ff886c80000 - 0x00007ff886c88000 	C:\WINDOWS\System32\PSAPI.DLL
0x00007ff874a90000 - 0x00007ff874ab7000 	C:\WINDOWS\SYSTEM32\WINMM.dll
0x00007ff877550000 - 0x00007ff87755a000 	C:\WINDOWS\SYSTEM32\VERSION.dll
0x00007ff86edc0000 - 0x00007ff86edc9000 	C:\WINDOWS\SYSTEM32\WSOCK32.dll
0x00007ff8866e0000 - 0x00007ff88674b000 	C:\WINDOWS\System32\WS2_32.dll
0x00007ff881280000 - 0x00007ff88128f000 	C:\Program Files\Android\Android Studio\jre\jre\bin\verify.dll
0x00007ff87c3f0000 - 0x00007ff87c419000 	C:\Program Files\Android\Android Studio\jre\jre\bin\java.dll
0x00007ff87a710000 - 0x00007ff87a726000 	C:\Program Files\Android\Android Studio\jre\jre\bin\zip.dll
0x00007ff884fa0000 - 0x00007ff8856e0000 	C:\WINDOWS\System32\SHELL32.dll
0x00007ff882400000 - 0x00007ff882b94000 	C:\WINDOWS\SYSTEM32\windows.storage.dll
0x00007ff885ea0000 - 0x00007ff8861f5000 	C:\WINDOWS\System32\combase.dll
0x00007ff8840f0000 - 0x00007ff88411c000 	C:\WINDOWS\SYSTEM32\Wldp.dll
0x00007ff886d60000 - 0x00007ff886e0e000 	C:\WINDOWS\System32\SHCORE.dll
0x00007ff886450000 - 0x00007ff8864a5000 	C:\WINDOWS\System32\shlwapi.dll
0x00007ff8845b0000 - 0x00007ff8845d6000 	C:\WINDOWS\SYSTEM32\profapi.dll
0x00007ff874bf0000 - 0x00007ff874c0a000 	C:\Program Files\Android\Android Studio\jre\jre\bin\net.dll
0x00007ff86f140000 - 0x00007ff86f32d000 	C:\WINDOWS\SYSTEM32\urlmon.dll
0x00007ff86ee90000 - 0x00007ff86f140000 	C:\WINDOWS\SYSTEM32\iertutil.dll
0x00007ff883e70000 - 0x00007ff883eda000 	C:\WINDOWS\system32\mswsock.dll
0x00007ff871030000 - 0x00007ff871043000 	C:\Program Files\Android\Android Studio\jre\jre\bin\nio.dll
0x00007ff86d420000 - 0x00007ff86d446000 	C:\Users\Sajithan\.gradle\native\30\windows-amd64\native-platform.dll
0x00007ff881270000 - 0x00007ff88127d000 	C:\Program Files\Android\Android Studio\jre\jre\bin\management.dll
0x00007ff884040000 - 0x00007ff884058000 	C:\WINDOWS\SYSTEM32\CRYPTSP.dll
0x00007ff883790000 - 0x00007ff8837c4000 	C:\WINDOWS\system32\rsaenh.dll
0x00007ff884f70000 - 0x00007ff884f97000 	C:\WINDOWS\System32\bcrypt.dll
0x00007ff884530000 - 0x00007ff88455e000 	C:\WINDOWS\SYSTEM32\USERENV.dll
0x00007ff884ef0000 - 0x00007ff884f6f000 	C:\WINDOWS\System32\bcryptprimitives.dll
0x00007ff884060000 - 0x00007ff88406c000 	C:\WINDOWS\SYSTEM32\CRYPTBASE.dll
0x00007ff883b10000 - 0x00007ff883b4b000 	C:\WINDOWS\SYSTEM32\IPHLPAPI.DLL
0x00007ff8864b0000 - 0x00007ff8864b9000 	C:\WINDOWS\System32\NSI.dll
0x00007ff8766e0000 - 0x00007ff8766f7000 	C:\WINDOWS\SYSTEM32\dhcpcsvc6.DLL
0x00007ff876c60000 - 0x00007ff876c7d000 	C:\WINDOWS\SYSTEM32\dhcpcsvc.DLL
0x00007ff883b60000 - 0x00007ff883c2b000 	C:\WINDOWS\SYSTEM32\DNSAPI.dll

VM Arguments:
jvm_args: -Xmx1536m -Dfile.encoding=windows-1252 -Duser.country=GB -Duser.language=en -Duser.variant 
java_command: org.gradle.launcher.daemon.bootstrap.GradleDaemon 5.6.4
java_class_path (initial): C:\Users\Sajithan\.gradle\wrapper\dists\gradle-5.6.4-all\ankdp27end7byghfw1q2sw75f\gradle-5.6.4\lib\gradle-launcher-5.6.4.jar
Launcher Type: SUN_STANDARD

Environment Variables:
JAVA_HOME=C:\Program Files\Java\jdk-12.0.1
PATH=C:\Python39\Scripts\;C:\Python39\;C:\Python27\;C:\Python27\Scripts;C:\ProgramData\Anaconda3;C:\ProgramData\Anaconda3\Library\mingw-w64\bin;C:\ProgramData\Anaconda3\Library\usr\bin;C:\ProgramData\Anaconda3\Library\bin;C:\ProgramData\Anaconda3\Scripts;C:\wamp64\bin\php\php7.4.0;C:\Program Files (x86)\Common Files\Oracle\Java\javapath;C:\Windows\system32;C:\Windows;C:\Windows\System32\Wbem;C:\Windows\System32\WindowsPowerShell\v1.0\;C:\Windows\System32\OpenSSH\;C:\Program Files (x86)\NVIDIA Corporation\PhysX\Common;c:\Users\Sajithan\AppData\Local\Android\Sdk\platform-tools;C:\Program Files\Java\jdk1.8.0_212\bin;C:\Program Files\Java\jdk-12.0.1\bin;C:\Program Files\NVIDIA Corporation\NVIDIA NvDLISR;C:\WINDOWS\system32;C:\WINDOWS;C:\WINDOWS\System32\Wbem;C:\WINDOWS\System32\WindowsPowerShell\v1.0\;C:\WINDOWS\System32\OpenSSH\;c:\Users\YOUR_USERNAME\AppData\Local\Android\Sdk\platform-tools;C:\Program Files\nodejs\;C:\ProgramData\chocolatey\bin;C:\composer;C:\Program Files\Git\cmd;C:\Program Files\Dart\dart-sdk\bin;C:\Gradle\gradle-6.3\bin;C:\Program Files\dotnet\;C:\Program Files (x86)\dotnet\;C:\Users\Sajithan\AppData\Local\Microsoft\WindowsApps;C:\Users\Sajithan\AppData\Local\Programs\Microsoft VS Code\bin;c:\Users\Sajithan\AppData\Local\Android\Sdk\platform-tools;C:\Users\Sajithan\AppData\Local\GitHubDesktop\bin;c:\Users\YOUR_USERNAME\AppData\Local\Android\Sdk\platform-tools;C:\Users\Sajithan\AppData\Roaming\npm;C:\Users\Sajithan\AppData\Roaming\Composer\vendor\bin;C:\flutter\bin;C:\Program Files\JetBrains\PyCharm Community Edition 2020.1\bin;C:\Users\Sajithan\.deno\bin;C:\Users\Sajithan\AppData\Local\Microsoft\WindowsApps;C:\Users\Sajithan\.dotnet\tools;C:\tools\dart-sdk\bin;C:\Users\Sajithan\AppData\Roaming\Pub\Cache\bin;C:\Users\Sajithan\AppData\Local\atom\bin
USERNAME=Sajithan
OS=Windows_NT
PROCESSOR_IDENTIFIER=Intel64 Family 6 Model 142 Stepping 9, GenuineIntel



---------------  S Y S T E M  ---------------

OS: Windows 10.0 , 64 bit Build 19041 (10.0.19041.546)

CPU:total 4 (initial active 4) (2 cores per cpu, 2 threads per core) family 6 model 142 stepping 9, cmov, cx8, fxsr, mmx, sse, sse2, sse3, ssse3, sse4.1, sse4.2, popcnt, avx, avx2, aes, clmul, erms, 3dnowpref, lzcnt, ht, tsc, tscinvbit, bmi1, bmi2, adx

Memory: 4k page, physical 8266284k(1114160k free), swap 8266284k(5148k free)

vm_info: OpenJDK 64-Bit Server VM (25.212-b04) for windows-amd64 JRE (1.8.0_212-release-1586-b04), built by "builder" with MS VC++ 10.0 (VS2010)

time: Sat Nov 07 11:44:48 2020
timezone: Sri Lanka Standard Time
elapsed time: 11 seconds (0d 0h 0m 11s)

