#
# There is insufficient memory for the Java Runtime Environment to continue.
# Native memory allocation (malloc) failed to allocate 1057296 bytes for Chunk::new
# Possible reasons:
#   The system is out of physical RAM or swap space
#   The process is running with CompressedOops enabled, and the Java Heap may be blocking the growth of the native heap
# Possible solutions:
#   Reduce memory load on the system
#   Increase physical memory or swap space
#   Check if swap backing store is full
#   Decrease Java heap size (-Xmx/-Xms)
#   Decrease number of Java threads
#   Decrease Java thread stack sizes (-Xss)
#   Set larger code cache with -XX:ReservedCodeCacheSize=
#   JVM is running with Unscaled Compressed Oops mode in which the Java heap is
#     placed in the first 4GB address space. The Java Heap base address is the
#     maximum limit for the native heap growth. Please use -XX:HeapBaseMinAddress
#     to set the Java Heap base and to place the Java Heap above 4GB virtual address.
# This output file may be truncated or incomplete.
#
#  Out of Memory Error (allocation.cpp:389), pid=12856, tid=0x0000000000001098
#
# JRE version: OpenJDK Runtime Environment (8.0_212-b04) (build 1.8.0_212-release-1586-b04)
# Java VM: OpenJDK 64-Bit Server VM (25.212-b04 mixed mode windows-amd64 compressed oops)
# Failed to write core dump. Minidumps are not enabled by default on client versions of Windows
#

---------------  T H R E A D  ---------------

Current thread (0x00000000160ee000):  JavaThread "C2 CompilerThread1" daemon [_thread_in_native, id=4248, stack(0x0000000017860000,0x0000000017960000)]

Stack: [0x0000000017860000,0x0000000017960000]
[error occurred during error reporting (printing stack bounds), id 0xc0000005]

Native frames: (J=compiled Java code, j=interpreted, Vv=VM code, C=native code)


Current CompileTask:
C2:   5848 3268       4       org.objectweb.asm.Frame::execute (2318 bytes)


---------------  P R O C E S S  ---------------

Java Threads: ( => current thread )
  0x000000001a623000 JavaThread "Build operations Thread 4" [_thread_blocked, id=9184, stack(0x0000000020970000,0x0000000020a70000)]
  0x000000001a624000 JavaThread "Build operations Thread 3" [_thread_blocked, id=11396, stack(0x0000000020870000,0x0000000020970000)]
  0x000000001a626000 JavaThread "Build operations Thread 2" [_thread_blocked, id=13904, stack(0x0000000020770000,0x0000000020870000)]
  0x000000001a625800 JavaThread "Build operations" [_thread_blocked, id=8160, stack(0x0000000020670000,0x0000000020770000)]
  0x000000001a622800 JavaThread "Cache worker for execution history cache (C:\Users\Sajithan\.gradle\caches\5.6.4\executionHistory)" [_thread_blocked, id=2016, stack(0x0000000020260000,0x0000000020360000)]
  0x00000000192d8000 JavaThread "Cache worker for cache directory md-rule (C:\Users\Sajithan\.gradle\caches\5.6.4\md-rule)" [_thread_blocked, id=16212, stack(0x000000001fed0000,0x000000001ffd0000)]
  0x00000000192db000 JavaThread "Cache worker for cache directory md-supplier (C:\Users\Sajithan\.gradle\caches\5.6.4\md-supplier)" [_thread_blocked, id=15992, stack(0x000000001fb50000,0x000000001fc50000)]
  0x00000000192d5800 JavaThread "Cache worker for file hash cache (C:\Users\Sajithan\AndroidStudioProjects\examples\lite\examples\object_detection\SajiiVideoRentingShop\.gradle\5.6.4\fileHashes)" [_thread_blocked, id=14404, stack(0x000000001e220000,0x000000001e320000)]
  0x00000000192d9800 JavaThread "Cache worker for journal cache (C:\Users\Sajithan\.gradle\caches\journal-1)" [_thread_blocked, id=14584, stack(0x000000001be80000,0x000000001bf80000)]
  0x00000000192d5000 JavaThread "File lock request listener" [_thread_in_native, id=2704, stack(0x000000001bd80000,0x000000001be80000)]
  0x00000000192db800 JavaThread "Cache worker for file hash cache (C:\Users\Sajithan\.gradle\caches\5.6.4\fileHashes)" [_thread_blocked, id=9256, stack(0x000000001bc80000,0x000000001bd80000)]
  0x0000000019a52800 JavaThread "Thread-9" [_thread_blocked, id=10700, stack(0x000000001b980000,0x000000001ba80000)]
  0x0000000019a51800 JavaThread "Stdin handler" [_thread_blocked, id=6008, stack(0x000000001b880000,0x000000001b980000)]
  0x0000000019a56000 JavaThread "Asynchronous log dispatcher for DefaultDaemonConnection: socket connection from /127.0.0.1:64824 to /127.0.0.1:64825" [_thread_blocked, id=6992, stack(0x000000001b780000,0x000000001b880000)]
  0x0000000019a7c000 JavaThread "Daemon worker" [_thread_in_native, id=11088, stack(0x000000001b680000,0x000000001b780000)]
  0x0000000019a57000 JavaThread "Cancel handler" [_thread_blocked, id=15000, stack(0x000000001b580000,0x000000001b680000)]
  0x00000000199b7000 JavaThread "Handler for socket connection from /127.0.0.1:64824 to /127.0.0.1:64825" [_thread_in_native, id=8308, stack(0x000000001b280000,0x000000001b380000)]
  0x00000000199af000 JavaThread "Daemon" [_thread_blocked, id=3888, stack(0x000000001b180000,0x000000001b280000)]
  0x00000000199a9000 JavaThread "Daemon periodic checks" [_thread_blocked, id=5608, stack(0x000000001b080000,0x000000001b180000)]
  0x0000000019946800 JavaThread "Incoming local TCP Connector on port 64824" [_thread_in_native, id=15792, stack(0x000000001ae40000,0x000000001af40000)]
  0x0000000017df5000 JavaThread "Daemon health stats" [_thread_blocked, id=15956, stack(0x000000001a800000,0x000000001a900000)]
  0x000000001614e800 JavaThread "Service Thread" daemon [_thread_blocked, id=12572, stack(0x0000000017e60000,0x0000000017f60000)]
  0x00000000160fe800 JavaThread "C1 CompilerThread2" daemon [_thread_blocked, id=7152, stack(0x0000000017960000,0x0000000017a60000)]
=>0x00000000160ee000 JavaThread "C2 CompilerThread1" daemon [_thread_in_native, id=4248, stack(0x0000000017860000,0x0000000017960000)]
  0x00000000160ea000 JavaThread "C2 CompilerThread0" daemon [_thread_in_native, id=11964, stack(0x0000000017760000,0x0000000017860000)]
  0x00000000160f8000 JavaThread "Attach Listener" daemon [_thread_blocked, id=3788, stack(0x0000000017660000,0x0000000017760000)]
  0x00000000160f6800 JavaThread "Signal Dispatcher" daemon [_thread_blocked, id=11404, stack(0x0000000017560000,0x0000000017660000)]
  0x000000000277b800 JavaThread "Finalizer" daemon [_thread_blocked, id=9840, stack(0x0000000017360000,0x0000000017460000)]
  0x00000000160d9000 JavaThread "Reference Handler" daemon [_thread_blocked, id=3504, stack(0x0000000017260000,0x0000000017360000)]
  0x0000000002682800 JavaThread "main" [_thread_blocked, id=5732, stack(0x00000000024f0000,0x00000000025f0000)]

Other Threads:
  0x00000000160b5800 VMThread [stack: 0x0000000017160000,0x0000000017260000] [id=8896]
  0x0000000017a89800 WatcherThread [stack: 0x0000000017f60000,0x0000000018060000] [id=10968]

VM state:not at safepoint (normal execution)

VM Mutex/Monitor currently owned by a thread: None

heap address: 0x00000000a0000000, size: 1536 MB, Compressed Oops mode: 32-bit
Narrow klass base: 0x0000000000000000, Narrow klass shift: 3
Compressed class space size: 1073741824 Address: 0x0000000100000000

Heap:
 PSYoungGen      total 117760K, used 10055K [0x00000000e0000000, 0x00000000ea500000, 0x0000000100000000)
  eden space 105984K, 9% used [0x00000000e0000000,0x00000000e09d1d28,0x00000000e6780000)
  from space 11776K, 0% used [0x00000000e6780000,0x00000000e6780000,0x00000000e7300000)
  to   space 12288K, 0% used [0x00000000e9900000,0x00000000e9900000,0x00000000ea500000)
 ParOldGen       total 59904K, used 17093K [0x00000000a0000000, 0x00000000a3a80000, 0x00000000e0000000)
  object space 59904K, 28% used [0x00000000a0000000,0x00000000a10b1680,0x00000000a3a80000)
 Metaspace       used 34985K, capacity 35876K, committed 36096K, reserved 1081344K
  class space    used 4821K, capacity 5079K, committed 5120K, reserved 1048576K

Card table byte_map: [0x0000000011b40000,0x0000000011e50000] byte_map_base: 0x0000000011640000

Marking Bits: (ParMarkBitMap*) 0x000000005df89f30
 Begin Bits: [0x0000000012450000, 0x0000000013c50000)
 End Bits:   [0x0000000013c50000, 0x0000000015450000)

Polling page: 0x00000000024d0000

CodeCache: size=245760Kb used=11126Kb max_used=11636Kb free=234633Kb
 bounds [0x0000000002780000, 0x0000000003300000, 0x0000000011780000]
 total_blobs=3821 nmethods=3120 adapters=614
 compilation: enabled

Compilation events (10 events):
Event: 5.786 Thread 0x00000000160fe800 3322       3       org.codehaus.groovy.reflection.CachedField::isStatic (8 bytes)
Event: 5.786 Thread 0x00000000160fe800 nmethod 3322 0x00000000028b0550 code [0x00000000028b06c0, 0x00000000028b09d0]
Event: 5.787 Thread 0x00000000160fe800 3323       3       java.lang.String::contains (20 bytes)
Event: 5.787 Thread 0x00000000160fe800 nmethod 3323 0x00000000028a8850 code [0x00000000028a89e0, 0x00000000028a8e78]
Event: 5.803 Thread 0x00000000160fe800 3324  s    3       sun.net.www.protocol.file.Handler::openConnection (7 bytes)
Event: 5.804 Thread 0x00000000160fe800 nmethod 3324 0x000000000288cbd0 code [0x000000000288cd40, 0x000000000288d048]
Event: 5.804 Thread 0x00000000160fe800 3325       3       sun.net.www.protocol.file.Handler::createFileURLConnection (10 bytes)
Event: 5.804 Thread 0x00000000160fe800 nmethod 3325 0x00000000028e3250 code [0x00000000028e33c0, 0x00000000028e35a8]
Event: 5.804 Thread 0x00000000160fe800 3326       3       sun.net.www.protocol.file.FileURLConnection::<init> (38 bytes)
Event: 5.804 Thread 0x00000000160fe800 nmethod 3326 0x0000000002938310 code [0x00000000029384a0, 0x0000000002938858]

GC Heap History (10 events):
Event: 3.129 GC heap before
{Heap before GC invocations=7 (full 1):
 PSYoungGen      total 76800K, used 8783K [0x00000000e0000000, 0x00000000e5700000, 0x0000000100000000)
  eden space 66048K, 0% used [0x00000000e0000000,0x00000000e0000000,0x00000000e4080000)
  from space 10752K, 81% used [0x00000000e4b80000,0x00000000e5413dc0,0x00000000e5600000)
  to   space 11264K, 0% used [0x00000000e4080000,0x00000000e4080000,0x00000000e4b80000)
 ParOldGen       total 87552K, used 7625K [0x00000000a0000000, 0x00000000a5580000, 0x00000000e0000000)
  object space 87552K, 8% used [0x00000000a0000000,0x00000000a07727c0,0x00000000a5580000)
 Metaspace       used 20717K, capacity 21194K, committed 21296K, reserved 1067008K
  class space    used 2999K, capacity 3161K, committed 3200K, reserved 1048576K
Event: 3.172 GC heap after
Heap after GC invocations=7 (full 1):
 PSYoungGen      total 76800K, used 0K [0x00000000e0000000, 0x00000000e5700000, 0x0000000100000000)
  eden space 66048K, 0% used [0x00000000e0000000,0x00000000e0000000,0x00000000e4080000)
  from space 10752K, 0% used [0x00000000e4b80000,0x00000000e4b80000,0x00000000e5600000)
  to   space 11264K, 0% used [0x00000000e4080000,0x00000000e4080000,0x00000000e4b80000)
 ParOldGen       total 59904K, used 9514K [0x00000000a0000000, 0x00000000a3a80000, 0x00000000e0000000)
  object space 59904K, 15% used [0x00000000a0000000,0x00000000a094ab78,0x00000000a3a80000)
 Metaspace       used 20717K, capacity 21194K, committed 21296K, reserved 1067008K
  class space    used 2999K, capacity 3161K, committed 3200K, reserved 1048576K
}
Event: 4.071 GC heap before
{Heap before GC invocations=8 (full 1):
 PSYoungGen      total 76800K, used 66048K [0x00000000e0000000, 0x00000000e5700000, 0x0000000100000000)
  eden space 66048K, 100% used [0x00000000e0000000,0x00000000e4080000,0x00000000e4080000)
  from space 10752K, 0% used [0x00000000e4b80000,0x00000000e4b80000,0x00000000e5600000)
  to   space 11264K, 0% used [0x00000000e4080000,0x00000000e4080000,0x00000000e4b80000)
 ParOldGen       total 59904K, used 9514K [0x00000000a0000000, 0x00000000a3a80000, 0x00000000e0000000)
  object space 59904K, 15% used [0x00000000a0000000,0x00000000a094ab78,0x00000000a3a80000)
 Metaspace       used 29130K, capacity 29708K, committed 30080K, reserved 1075200K
  class space    used 3937K, capacity 4135K, committed 4224K, reserved 1048576K
Event: 4.089 GC heap after
Heap after GC invocations=8 (full 1):
 PSYoungGen      total 77312K, used 8116K [0x00000000e0000000, 0x00000000e7e00000, 0x0000000100000000)
  eden space 66048K, 0% used [0x00000000e0000000,0x00000000e0000000,0x00000000e4080000)
  from space 11264K, 72% used [0x00000000e4080000,0x00000000e486d3f0,0x00000000e4b80000)
  to   space 11264K, 0% used [0x00000000e7300000,0x00000000e7300000,0x00000000e7e00000)
 ParOldGen       total 59904K, used 9522K [0x00000000a0000000, 0x00000000a3a80000, 0x00000000e0000000)
  object space 59904K, 15% used [0x00000000a0000000,0x00000000a094cb78,0x00000000a3a80000)
 Metaspace       used 29130K, capacity 29708K, committed 30080K, reserved 1075200K
  class space    used 3937K, capacity 4135K, committed 4224K, reserved 1048576K
}
Event: 4.627 GC heap before
{Heap before GC invocations=9 (full 1):
 PSYoungGen      total 77312K, used 74164K [0x00000000e0000000, 0x00000000e7e00000, 0x0000000100000000)
  eden space 66048K, 100% used [0x00000000e0000000,0x00000000e4080000,0x00000000e4080000)
  from space 11264K, 72% used [0x00000000e4080000,0x00000000e486d3f0,0x00000000e4b80000)
  to   space 11264K, 0% used [0x00000000e7300000,0x00000000e7300000,0x00000000e7e00000)
 ParOldGen       total 59904K, used 9522K [0x00000000a0000000, 0x00000000a3a80000, 0x00000000e0000000)
  object space 59904K, 15% used [0x00000000a0000000,0x00000000a094cb78,0x00000000a3a80000)
 Metaspace       used 32046K, capacity 32612K, committed 32768K, reserved 1077248K
  class space    used 4402K, capacity 4591K, committed 4608K, reserved 1048576K
Event: 4.639 GC heap after
Heap after GC invocations=9 (full 1):
 PSYoungGen      total 117248K, used 8234K [0x00000000e0000000, 0x00000000e7f00000, 0x0000000100000000)
  eden space 105984K, 0% used [0x00000000e0000000,0x00000000e0000000,0x00000000e6780000)
  from space 11264K, 73% used [0x00000000e7300000,0x00000000e7b0a800,0x00000000e7e00000)
  to   space 11776K, 0% used [0x00000000e6780000,0x00000000e6780000,0x00000000e7300000)
 ParOldGen       total 59904K, used 9530K [0x00000000a0000000, 0x00000000a3a80000, 0x00000000e0000000)
  object space 59904K, 15% used [0x00000000a0000000,0x00000000a094eb78,0x00000000a3a80000)
 Metaspace       used 32046K, capacity 32612K, committed 32768K, reserved 1077248K
  class space    used 4402K, capacity 4591K, committed 4608K, reserved 1048576K
}
Event: 5.578 GC heap before
{Heap before GC invocations=10 (full 1):
 PSYoungGen      total 117248K, used 72362K [0x00000000e0000000, 0x00000000e7f00000, 0x0000000100000000)
  eden space 105984K, 60% used [0x00000000e0000000,0x00000000e3ea0318,0x00000000e6780000)
  from space 11264K, 73% used [0x00000000e7300000,0x00000000e7b0a800,0x00000000e7e00000)
  to   space 11776K, 0% used [0x00000000e6780000,0x00000000e6780000,0x00000000e7300000)
 ParOldGen       total 59904K, used 9530K [0x00000000a0000000, 0x00000000a3a80000, 0x00000000e0000000)
  object space 59904K, 15% used [0x00000000a0000000,0x00000000a094eb78,0x00000000a3a80000)
 Metaspace       used 34611K, capacity 35360K, committed 35456K, reserved 1079296K
  class space    used 4757K, capacity 4959K, committed 4992K, reserved 1048576K
Event: 5.592 GC heap after
Heap after GC invocations=10 (full 1):
 PSYoungGen      total 117760K, used 10213K [0x00000000e0000000, 0x00000000ea500000, 0x0000000100000000)
  eden space 105984K, 0% used [0x00000000e0000000,0x00000000e0000000,0x00000000e6780000)
  from space 11776K, 86% used [0x00000000e6780000,0x00000000e7179658,0x00000000e7300000)
  to   space 12288K, 0% used [0x00000000e9900000,0x00000000e9900000,0x00000000ea500000)
 ParOldGen       total 59904K, used 9538K [0x00000000a0000000, 0x00000000a3a80000, 0x00000000e0000000)
  object space 59904K, 15% used [0x00000000a0000000,0x00000000a0950b78,0x00000000a3a80000)
 Metaspace       used 34611K, capacity 35360K, committed 35456K, reserved 1079296K
  class space    used 4757K, capacity 4959K, committed 4992K, reserved 1048576K
}
Event: 5.592 GC heap before
{Heap before GC invocations=11 (full 2):
 PSYoungGen      total 117760K, used 10213K [0x00000000e0000000, 0x00000000ea500000, 0x0000000100000000)
  eden space 105984K, 0% used [0x00000000e0000000,0x00000000e0000000,0x00000000e6780000)
  from space 11776K, 86% used [0x00000000e6780000,0x00000000e7179658,0x00000000e7300000)
  to   space 12288K, 0% used [0x00000000e9900000,0x00000000e9900000,0x00000000ea500000)
 ParOldGen       total 59904K, used 9538K [0x00000000a0000000, 0x00000000a3a80000, 0x00000000e0000000)
  object space 59904K, 15% used [0x00000000a0000000,0x00000000a0950b78,0x00000000a3a80000)
 Metaspace       used 34611K, capacity 35360K, committed 35456K, reserved 1079296K
  class space    used 4757K, capacity 4959K, committed 4992K, reserved 1048576K
Event: 5.668 GC heap after
Heap after GC invocations=11 (full 2):
 PSYoungGen      total 117760K, used 0K [0x00000000e0000000, 0x00000000ea500000, 0x0000000100000000)
  eden space 105984K, 0% used [0x00000000e0000000,0x00000000e0000000,0x00000000e6780000)
  from space 11776K, 0% used [0x00000000e6780000,0x00000000e6780000,0x00000000e7300000)
  to   space 12288K, 0% used [0x00000000e9900000,0x00000000e9900000,0x00000000ea500000)
 ParOldGen       total 59904K, used 17093K [0x00000000a0000000, 0x00000000a3a80000, 0x00000000e0000000)
  object space 59904K, 28% used [0x00000000a0000000,0x00000000a10b1680,0x00000000a3a80000)
 Metaspace       used 34608K, capacity 35348K, committed 35456K, reserved 1079296K
  class space    used 4756K, capacity 4957K, committed 4992K, reserved 1048576K
}

Deoptimization events (10 events):
Event: 4.089 Thread 0x00000000160d9000 Uncommon trap: reason=unstable_if action=reinterpret pc=0x0000000002c8933c method=java.lang.ref.Reference.tryHandlePending(Z)Z @ 104
Event: 5.255 Thread 0x0000000019a7c000 Uncommon trap: reason=unstable_if action=reinterpret pc=0x0000000002c3795c method=java.util.concurrent.ConcurrentHashMap.addCount(JI)V @ 34
Event: 5.264 Thread 0x000000001a625800 Uncommon trap: reason=unstable_if action=reinterpret pc=0x0000000002d02418 method=java.util.concurrent.ConcurrentHashMap.addCount(JI)V @ 168
Event: 5.265 Thread 0x000000001a626000 Uncommon trap: reason=unstable_if action=reinterpret pc=0x000000000311b52c method=java.util.concurrent.ConcurrentHashMap.get(Ljava/lang/Object;)Ljava/lang/Object; @ 86
Event: 5.274 Thread 0x000000001a625800 Uncommon trap: reason=unstable_if action=reinterpret pc=0x0000000002c6aa4c method=java.util.concurrent.ConcurrentHashMap.transfer([Ljava/util/concurrent/ConcurrentHashMap$Node;[Ljava/util/concurrent/ConcurrentHashMap$Node;)V @ 34
Event: 5.275 Thread 0x000000001a626000 Uncommon trap: reason=unstable_if action=reinterpret pc=0x0000000002c6aa7c method=java.util.concurrent.ConcurrentHashMap.transfer([Ljava/util/concurrent/ConcurrentHashMap$Node;[Ljava/util/concurrent/ConcurrentHashMap$Node;)V @ 277
Event: 5.532 Thread 0x0000000019a7c000 Uncommon trap: reason=unstable_if action=reinterpret pc=0x0000000002c4198c method=java.util.WeakHashMap.expungeStaleEntries()V @ 66
Event: 5.549 Thread 0x0000000019a7c000 Uncommon trap: reason=bimorphic action=maybe_recompile pc=0x00000000032b64bc method=java.util.AbstractCollection.addAll(Ljava/util/Collection;)Z @ 29
Event: 5.683 Thread 0x0000000019a7c000 Uncommon trap: reason=range_check action=make_not_entrant pc=0x00000000031308d0 method=java.lang.String.charAt(I)C @ 27
Event: 5.749 Thread 0x0000000019a7c000 Uncommon trap: reason=bimorphic action=maybe_recompile pc=0x00000000032b64bc method=java.util.AbstractCollection.addAll(Ljava/util/Collection;)Z @ 29

Classes redefined (0 events):
No events

Internal exceptions (10 events):
Event: 5.731 Thread 0x0000000019a7c000 Exception <a 'java/lang/ClassNotFoundException': org/gradle/api/internal/AbstractTaskBeanInfo> (0x00000000e0456610) thrown at [D:\src\AOSP-openjdk-cygwin\jdk8u\hotspot\src\share\vm\classfile\systemDictionary.cpp, line 210]
Event: 5.732 Thread 0x0000000019a7c000 Exception <a 'java/lang/ClassNotFoundException': org/gradle/api/internal/AbstractTaskCustomizer> (0x00000000e04894d8) thrown at [D:\src\AOSP-openjdk-cygwin\jdk8u\hotspot\src\share\vm\classfile\systemDictionary.cpp, line 210]
Event: 5.735 Thread 0x0000000019a7c000 Exception <a 'java/lang/ClassNotFoundException': org/gradle/api/DefaultTaskCustomizer> (0x00000000e0515608) thrown at [D:\src\AOSP-openjdk-cygwin\jdk8u\hotspot\src\share\vm\classfile\systemDictionary.cpp, line 210]
Event: 5.737 Thread 0x0000000019a7c000 Exception <a 'java/lang/ClassNotFoundException': org/gradle/api/internal/ConventionTaskCustomizer> (0x00000000e0557c68) thrown at [D:\src\AOSP-openjdk-cygwin\jdk8u\hotspot\src\share\vm\classfile\systemDictionary.cpp, line 210]
Event: 5.738 Thread 0x0000000019a7c000 Exception <a 'java/lang/ClassNotFoundException': org/gradle/api/tasks/DeleteCustomizer> (0x00000000e0596cb0) thrown at [D:\src\AOSP-openjdk-cygwin\jdk8u\hotspot\src\share\vm\classfile\systemDictionary.cpp, line 210]
Event: 5.740 Thread 0x0000000019a7c000 Exception <a 'java/lang/ClassNotFoundException': org/gradle/api/tasks/Delete_DecoratedCustomizer> (0x00000000e05e3850) thrown at [D:\src\AOSP-openjdk-cygwin\jdk8u\hotspot\src\share\vm\classfile\systemDictionary.cpp, line 210]
Event: 5.778 Thread 0x0000000019a7c000 Exception <a 'java/lang/ClassNotFoundException': build_bysuggipi8l5zrsnf9h60d2irBeanInfo> (0x00000000e0712f20) thrown at [D:\src\AOSP-openjdk-cygwin\jdk8u\hotspot\src\share\vm\classfile\systemDictionary.cpp, line 210]
Event: 5.778 Thread 0x0000000019a7c000 Exception <a 'java/lang/ClassNotFoundException': build_bysuggipi8l5zrsnf9h60d2irCustomizer> (0x00000000e071f958) thrown at [D:\src\AOSP-openjdk-cygwin\jdk8u\hotspot\src\share\vm\classfile\systemDictionary.cpp, line 210]
Event: 5.784 Thread 0x0000000019a7c000 Exception <a 'java/lang/ClassNotFoundException': org/gradle/api/internal/plugins/DefaultObjectConfigurationActionBeanInfo> (0x00000000e0795f18) thrown at [D:\src\AOSP-openjdk-cygwin\jdk8u\hotspot\src\share\vm\classfile\systemDictionary.cpp, line 210]
Event: 5.785 Thread 0x0000000019a7c000 Exception <a 'java/lang/ClassNotFoundException': org/gradle/api/internal/plugins/DefaultObjectConfigurationActionCustomizer> (0x00000000e07d8d78) thrown at [D:\src\AOSP-openjdk-cygwin\jdk8u\hotspot\src\share\vm\classfile\systemDictionary.cpp, line 210]

Events (10 events):
Event: 5.814 loading class com/android/build/gradle/BaseExtension
Event: 5.814 loading class com/android/build/gradle/BaseExtension done
Event: 5.834 loading class com/android/build/gradle/AndroidConfig
Event: 5.834 loading class com/android/build/gradle/AndroidConfig done
Event: 5.845 loading class kotlin/Metadata
Event: 5.845 loading class kotlin/Metadata done
Event: 5.845 loading class kotlin/Metadata
Event: 5.845 loading class kotlin/Metadata done
Event: 5.846 loading class kotlin/annotation/Retention
Event: 5.846 loading class kotlin/annotation/Retention done


Dynamic libraries:
0x00007ff6c4bb0000 - 0x00007ff6c4be1000 	C:\Program Files\Android\Android Studio\jre\bin\java.exe
0x00007ff886f30000 - 0x00007ff887126000 	C:\WINDOWS\SYSTEM32\ntdll.dll
0x00007ff8868c0000 - 0x00007ff88697d000 	C:\WINDOWS\System32\KERNEL32.DLL
0x00007ff8848e0000 - 0x00007ff884ba8000 	C:\WINDOWS\System32\KERNELBASE.dll
0x00007ff886e40000 - 0x00007ff886eea000 	C:\WINDOWS\System32\ADVAPI32.dll
0x00007ff886be0000 - 0x00007ff886c7e000 	C:\WINDOWS\System32\msvcrt.dll
0x00007ff8863b0000 - 0x00007ff88644b000 	C:\WINDOWS\System32\sechost.dll
0x00007ff886a30000 - 0x00007ff886b54000 	C:\WINDOWS\System32\RPCRT4.dll
0x00007ff885c70000 - 0x00007ff885e10000 	C:\WINDOWS\System32\USER32.dll
0x00007ff884ec0000 - 0x00007ff884ee2000 	C:\WINDOWS\System32\win32u.dll
0x00007ff886e10000 - 0x00007ff886e3a000 	C:\WINDOWS\System32\GDI32.dll
0x00007ff884d60000 - 0x00007ff884e69000 	C:\WINDOWS\System32\gdi32full.dll
0x00007ff884cc0000 - 0x00007ff884d5d000 	C:\WINDOWS\System32\msvcp_win.dll
0x00007ff884680000 - 0x00007ff884780000 	C:\WINDOWS\System32\ucrtbase.dll
0x00007ff871b40000 - 0x00007ff871ddb000 	C:\WINDOWS\WinSxS\amd64_microsoft.windows.common-controls_6595b64144ccf1df_6.0.19041.488_none_ca04af081b815d21\COMCTL32.dll
0x00007ff886750000 - 0x00007ff886780000 	C:\WINDOWS\System32\IMM32.DLL
0x0000000059b00000 - 0x0000000059bd2000 	C:\Program Files\Android\Android Studio\jre\jre\bin\msvcr100.dll
0x000000005d7c0000 - 0x000000005e006000 	C:\Program Files\Android\Android Studio\jre\jre\bin\server\jvm.dll
0x00007ff886c80000 - 0x00007ff886c88000 	C:\WINDOWS\System32\PSAPI.DLL
0x00007ff874a90000 - 0x00007ff874ab7000 	C:\WINDOWS\SYSTEM32\WINMM.dll
0x00007ff877550000 - 0x00007ff87755a000 	C:\WINDOWS\SYSTEM32\VERSION.dll
0x00007ff86edc0000 - 0x00007ff86edc9000 	C:\WINDOWS\SYSTEM32\WSOCK32.dll
0x00007ff8866e0000 - 0x00007ff88674b000 	C:\WINDOWS\System32\WS2_32.dll
0x00007ff881280000 - 0x00007ff88128f000 	C:\Program Files\Android\Android Studio\jre\jre\bin\verify.dll
0x00007ff87c3f0000 - 0x00007ff87c419000 	C:\Program Files\Android\Android Studio\jre\jre\bin\java.dll
0x00007ff87a710000 - 0x00007ff87a726000 	C:\Program Files\Android\Android Studio\jre\jre\bin\zip.dll
0x00007ff884fa0000 - 0x00007ff8856e0000 	C:\WINDOWS\System32\SHELL32.dll
0x00007ff882400000 - 0x00007ff882b94000 	C:\WINDOWS\SYSTEM32\windows.storage.dll
0x00007ff885ea0000 - 0x00007ff8861f5000 	C:\WINDOWS\System32\combase.dll
0x00007ff8840f0000 - 0x00007ff88411c000 	C:\WINDOWS\SYSTEM32\Wldp.dll
0x00007ff886d60000 - 0x00007ff886e0e000 	C:\WINDOWS\System32\SHCORE.dll
0x00007ff886450000 - 0x00007ff8864a5000 	C:\WINDOWS\System32\shlwapi.dll
0x00007ff8845b0000 - 0x00007ff8845d6000 	C:\WINDOWS\SYSTEM32\profapi.dll
0x00007ff874bf0000 - 0x00007ff874c0a000 	C:\Program Files\Android\Android Studio\jre\jre\bin\net.dll
0x00007ff86f140000 - 0x00007ff86f32d000 	C:\WINDOWS\SYSTEM32\urlmon.dll
0x00007ff86ee90000 - 0x00007ff86f140000 	C:\WINDOWS\SYSTEM32\iertutil.dll
0x00007ff883e70000 - 0x00007ff883eda000 	C:\WINDOWS\system32\mswsock.dll
0x00007ff871030000 - 0x00007ff871043000 	C:\Program Files\Android\Android Studio\jre\jre\bin\nio.dll
0x00007ff86d420000 - 0x00007ff86d446000 	C:\Users\Sajithan\.gradle\native\30\windows-amd64\native-platform.dll
0x00007ff881270000 - 0x00007ff88127d000 	C:\Program Files\Android\Android Studio\jre\jre\bin\management.dll
0x00007ff884040000 - 0x00007ff884058000 	C:\WINDOWS\SYSTEM32\CRYPTSP.dll
0x00007ff883790000 - 0x00007ff8837c4000 	C:\WINDOWS\system32\rsaenh.dll
0x00007ff884f70000 - 0x00007ff884f97000 	C:\WINDOWS\System32\bcrypt.dll
0x00007ff884530000 - 0x00007ff88455e000 	C:\WINDOWS\SYSTEM32\USERENV.dll
0x00007ff884ef0000 - 0x00007ff884f6f000 	C:\WINDOWS\System32\bcryptprimitives.dll
0x00007ff884060000 - 0x00007ff88406c000 	C:\WINDOWS\SYSTEM32\CRYPTBASE.dll
0x00007ff883b10000 - 0x00007ff883b4b000 	C:\WINDOWS\SYSTEM32\IPHLPAPI.DLL
0x00007ff8864b0000 - 0x00007ff8864b9000 	C:\WINDOWS\System32\NSI.dll
0x00007ff8766e0000 - 0x00007ff8766f7000 	C:\WINDOWS\SYSTEM32\dhcpcsvc6.DLL
0x00007ff876c60000 - 0x00007ff876c7d000 	C:\WINDOWS\SYSTEM32\dhcpcsvc.DLL
0x00007ff883b60000 - 0x00007ff883c2b000 	C:\WINDOWS\SYSTEM32\DNSAPI.dll

VM Arguments:
jvm_args: -Xmx1536m -Dfile.encoding=windows-1252 -Duser.country=GB -Duser.language=en -Duser.variant 
java_command: org.gradle.launcher.daemon.bootstrap.GradleDaemon 5.6.4
java_class_path (initial): C:\Users\Sajithan\.gradle\wrapper\dists\gradle-5.6.4-all\ankdp27end7byghfw1q2sw75f\gradle-5.6.4\lib\gradle-launcher-5.6.4.jar
Launcher Type: SUN_STANDARD

Environment Variables:
JAVA_HOME=C:\Program Files\Java\jdk-12.0.1
PATH=C:\Python39\Scripts\;C:\Python39\;C:\Python27\;C:\Python27\Scripts;C:\ProgramData\Anaconda3;C:\ProgramData\Anaconda3\Library\mingw-w64\bin;C:\ProgramData\Anaconda3\Library\usr\bin;C:\ProgramData\Anaconda3\Library\bin;C:\ProgramData\Anaconda3\Scripts;C:\wamp64\bin\php\php7.4.0;C:\Program Files (x86)\Common Files\Oracle\Java\javapath;C:\Windows\system32;C:\Windows;C:\Windows\System32\Wbem;C:\Windows\System32\WindowsPowerShell\v1.0\;C:\Windows\System32\OpenSSH\;C:\Program Files (x86)\NVIDIA Corporation\PhysX\Common;c:\Users\Sajithan\AppData\Local\Android\Sdk\platform-tools;C:\Program Files\Java\jdk1.8.0_212\bin;C:\Program Files\Java\jdk-12.0.1\bin;C:\Program Files\NVIDIA Corporation\NVIDIA NvDLISR;C:\WINDOWS\system32;C:\WINDOWS;C:\WINDOWS\System32\Wbem;C:\WINDOWS\System32\WindowsPowerShell\v1.0\;C:\WINDOWS\System32\OpenSSH\;c:\Users\YOUR_USERNAME\AppData\Local\Android\Sdk\platform-tools;C:\Program Files\nodejs\;C:\ProgramData\chocolatey\bin;C:\composer;C:\Program Files\Git\cmd;C:\Program Files\Dart\dart-sdk\bin;C:\Gradle\gradle-6.3\bin;C:\Program Files\dotnet\;C:\Program Files (x86)\dotnet\;C:\Users\Sajithan\AppData\Local\Microsoft\WindowsApps;C:\Users\Sajithan\AppData\Local\Programs\Microsoft VS Code\bin;c:\Users\Sajithan\AppData\Local\Android\Sdk\platform-tools;C:\Users\Sajithan\AppData\Local\GitHubDesktop\bin;c:\Users\YOUR_USERNAME\AppData\Local\Android\Sdk\platform-tools;C:\Users\Sajithan\AppData\Roaming\npm;C:\Users\Sajithan\AppData\Roaming\Composer\vendor\bin;C:\flutter\bin;C:\Program Files\JetBrains\PyCharm Community Edition 2020.1\bin;C:\Users\Sajithan\.deno\bin;C:\Users\Sajithan\AppData\Local\Microsoft\WindowsApps;C:\Users\Sajithan\.dotnet\tools;C:\tools\dart-sdk\bin;C:\Users\Sajithan\AppData\Roaming\Pub\Cache\bin;C:\Users\Sajithan\AppData\Local\atom\bin
USERNAME=Sajithan
OS=Windows_NT
PROCESSOR_IDENTIFIER=Intel64 Family 6 Model 142 Stepping 9, GenuineIntel



---------------  S Y S T E M  ---------------

OS: Windows 10.0 , 64 bit Build 19041 (10.0.19041.546)

CPU:total 4 (initial active 4) (2 cores per cpu, 2 threads per core) family 6 model 142 stepping 9, cmov, cx8, fxsr, mmx, sse, sse2, sse3, ssse3, sse4.1, sse4.2, popcnt, avx, avx2, aes, clmul, erms, 3dnowpref, lzcnt, ht, tsc, tscinvbit, bmi1, bmi2, adx

Memory: 4k page, physical 8266284k(1113748k free), swap 8266284k(5136k free)

vm_info: OpenJDK 64-Bit Server VM (25.212-b04) for windows-amd64 JRE (1.8.0_212-release-1586-b04), built by "builder" with MS VC++ 10.0 (VS2010)

time: Sat Nov 07 11:46:24 2020
timezone: Sri Lanka Standard Time
elapsed time: 5 seconds (0d 0h 0m 5s)

