#
# There is insufficient memory for the Java Runtime Environment to continue.
# Native memory allocation (malloc) failed to allocate 119600 bytes for Chunk::new
# Possible reasons:
#   The system is out of physical RAM or swap space
#   The process is running with CompressedOops enabled, and the Java Heap may be blocking the growth of the native heap
# Possible solutions:
#   Reduce memory load on the system
#   Increase physical memory or swap space
#   Check if swap backing store is full
#   Decrease Java heap size (-Xmx/-Xms)
#   Decrease number of Java threads
#   Decrease Java thread stack sizes (-Xss)
#   Set larger code cache with -XX:ReservedCodeCacheSize=
#   JVM is running with Unscaled Compressed Oops mode in which the Java heap is
#     placed in the first 4GB address space. The Java Heap base address is the
#     maximum limit for the native heap growth. Please use -XX:HeapBaseMinAddress
#     to set the Java Heap base and to place the Java Heap above 4GB virtual address.
# This output file may be truncated or incomplete.
#
#  Out of Memory Error (allocation.cpp:389), pid=3060, tid=0x0000000000003f20
#
# JRE version: OpenJDK Runtime Environment (8.0_212-b04) (build 1.8.0_212-release-1586-b04)
# Java VM: OpenJDK 64-Bit Server VM (25.212-b04 mixed mode windows-amd64 compressed oops)
# Failed to write core dump. Minidumps are not enabled by default on client versions of Windows
#

---------------  T H R E A D  ---------------

Current thread (0x000000001669e800):  JavaThread "C2 CompilerThread1" daemon [_thread_in_native, id=16160, stack(0x0000000017df0000,0x0000000017ef0000)]

Stack: [0x0000000017df0000,0x0000000017ef0000]
[error occurred during error reporting (printing stack bounds), id 0xc0000005]

Native frames: (J=compiled Java code, j=interpreted, Vv=VM code, C=native code)


Current CompileTask:
C2:   3253 1408       4       java.net.URLClassLoader$1::run (5 bytes)


---------------  P R O C E S S  ---------------

Java Threads: ( => current thread )
  0x0000000019c30800 JavaThread "Cache worker for journal cache (C:\Users\Sajithan\.gradle\caches\journal-1)" [_thread_blocked, id=15872, stack(0x000000001c410000,0x000000001c510000)]
  0x0000000019c32800 JavaThread "File lock request listener" [_thread_in_native, id=14256, stack(0x000000001c310000,0x000000001c410000)]
  0x0000000019c2f800 JavaThread "Cache worker for file hash cache (C:\Users\Sajithan\.gradle\caches\5.6.4\fileHashes)" [_thread_blocked, id=15920, stack(0x000000001c210000,0x000000001c310000)]
  0x000000001a05e000 JavaThread "Thread-9" [_thread_blocked, id=14396, stack(0x000000001bf10000,0x000000001c010000)]
  0x000000001a055800 JavaThread "Stdin handler" [_thread_blocked, id=7436, stack(0x000000001be10000,0x000000001bf10000)]
  0x000000001a06c800 JavaThread "Asynchronous log dispatcher for DefaultDaemonConnection: socket connection from /127.0.0.1:64908 to /127.0.0.1:64909" [_thread_blocked, id=10432, stack(0x000000001bd10000,0x000000001be10000)]
  0x000000001a104800 JavaThread "Daemon worker" [_thread_in_vm, id=5940, stack(0x000000001bc10000,0x000000001bd10000)]
  0x000000001a062800 JavaThread "Cancel handler" [_thread_blocked, id=11312, stack(0x000000001bb10000,0x000000001bc10000)]
  0x0000000019dbd800 JavaThread "Handler for socket connection from /127.0.0.1:64908 to /127.0.0.1:64909" [_thread_in_native, id=8660, stack(0x000000001b810000,0x000000001b910000)]
  0x0000000019dbc800 JavaThread "Daemon" [_thread_blocked, id=244, stack(0x000000001b710000,0x000000001b810000)]
  0x0000000019fb8000 JavaThread "Daemon periodic checks" [_thread_blocked, id=15804, stack(0x000000001b610000,0x000000001b710000)]
  0x0000000019f9c000 JavaThread "Incoming local TCP Connector on port 64908" [_thread_in_native, id=11960, stack(0x000000001b3d0000,0x000000001b4d0000)]
  0x00000000185fe800 JavaThread "Daemon health stats" [_thread_blocked, id=8712, stack(0x000000001ad90000,0x000000001ae90000)]
  0x0000000018018800 JavaThread "Service Thread" daemon [_thread_blocked, id=12116, stack(0x00000000183f0000,0x00000000184f0000)]
  0x00000000166ac800 JavaThread "C1 CompilerThread2" daemon [_thread_blocked, id=12384, stack(0x0000000017ef0000,0x0000000017ff0000)]
=>0x000000001669e800 JavaThread "C2 CompilerThread1" daemon [_thread_in_native, id=16160, stack(0x0000000017df0000,0x0000000017ef0000)]
  0x000000001669a800 JavaThread "C2 CompilerThread0" daemon [_thread_in_native, id=3744, stack(0x0000000017cf0000,0x0000000017df0000)]
  0x00000000166a8000 JavaThread "Attach Listener" daemon [_thread_blocked, id=8640, stack(0x0000000017bf0000,0x0000000017cf0000)]
  0x00000000166a7000 JavaThread "Signal Dispatcher" daemon [_thread_blocked, id=14836, stack(0x0000000017af0000,0x0000000017bf0000)]
  0x0000000002d2b800 JavaThread "Finalizer" daemon [_thread_blocked, id=14284, stack(0x00000000178f0000,0x00000000179f0000)]
  0x0000000016689000 JavaThread "Reference Handler" daemon [_thread_blocked, id=9988, stack(0x00000000177f0000,0x00000000178f0000)]
  0x0000000002c32800 JavaThread "main" [_thread_blocked, id=16280, stack(0x0000000002ac0000,0x0000000002bc0000)]

Other Threads:
  0x0000000016666800 VMThread [stack: 0x00000000176f0000,0x00000000177f0000] [id=588]
  0x00000000166fd800 WatcherThread [stack: 0x00000000184f0000,0x00000000185f0000] [id=7480]

VM state:not at safepoint (normal execution)

VM Mutex/Monitor currently owned by a thread: None

heap address: 0x00000000a0000000, size: 1536 MB, Compressed Oops mode: 32-bit
Narrow klass base: 0x0000000000000000, Narrow klass shift: 3
Compressed class space size: 1073741824 Address: 0x0000000100000000

Heap:
 PSYoungGen      total 38400K, used 11573K [0x00000000e0000000, 0x00000000e2a80000, 0x0000000100000000)
  eden space 33280K, 19% used [0x00000000e0000000,0x00000000e0651468,0x00000000e2080000)
  from space 5120K, 99% used [0x00000000e2580000,0x00000000e2a7c010,0x00000000e2a80000)
  to   space 5120K, 0% used [0x00000000e2080000,0x00000000e2080000,0x00000000e2580000)
 ParOldGen       total 87552K, used 3929K [0x00000000a0000000, 0x00000000a5580000, 0x00000000e0000000)
  object space 87552K, 4% used [0x00000000a0000000,0x00000000a03d6710,0x00000000a5580000)
 Metaspace       used 15125K, capacity 15534K, committed 15872K, reserved 1062912K
  class space    used 2133K, capacity 2265K, committed 2304K, reserved 1048576K

Card table byte_map: [0x00000000120f0000,0x0000000012400000] byte_map_base: 0x0000000011bf0000

Marking Bits: (ParMarkBitMap*) 0x000000005df89f30
 Begin Bits: [0x0000000012a00000, 0x0000000014200000)
 End Bits:   [0x0000000014200000, 0x0000000015a00000)

Polling page: 0x0000000001290000

CodeCache: size=245760Kb used=5213Kb max_used=5213Kb free=240546Kb
 bounds [0x0000000002d30000, 0x0000000003250000, 0x0000000011d30000]
 total_blobs=1852 nmethods=1462 adapters=303
 compilation: enabled

Compilation events (10 events):
Event: 3.235 Thread 0x00000000166ac800 1460       3       com.google.common.base.Preconditions::checkNotNull (14 bytes)
Event: 3.236 Thread 0x00000000166ac800 nmethod 1460 0x00000000032456d0 code [0x0000000003245840, 0x0000000003245a68]
Event: 3.236 Thread 0x00000000166ac800 1461       3       org.gradle.api.file.internal.FilePathUtil::sizeOfCommonPrefix (142 bytes)
Event: 3.237 Thread 0x00000000166ac800 nmethod 1461 0x0000000003245b50 code [0x0000000003245dc0, 0x00000000032471e8]
Event: 3.237 Thread 0x00000000166ac800 1462       3       org.gradle.internal.file.DefaultFileHierarchySet$Node::sizeOfCommonPrefix (10 bytes)
Event: 3.238 Thread 0x00000000166ac800 nmethod 1462 0x0000000003247b50 code [0x0000000003247cc0, 0x0000000003247ea8]
Event: 3.238 Thread 0x00000000166ac800 1463       3       org.gradle.api.file.internal.FilePathUtil::sizeOfCommonPrefix (10 bytes)
Event: 3.238 Thread 0x00000000166ac800 nmethod 1463 0x0000000003247f90 code [0x0000000003248100, 0x0000000003248268]
Event: 3.240 Thread 0x00000000166ac800 1464       3       java.io.WinNTFileSystem::parentOrNull (171 bytes)
Event: 3.242 Thread 0x00000000166ac800 nmethod 1464 0x0000000003248310 code [0x0000000003248540, 0x00000000032492b8]

GC Heap History (8 events):
Event: 0.823 GC heap before
{Heap before GC invocations=1 (full 0):
 PSYoungGen      total 38400K, used 33280K [0x00000000e0000000, 0x00000000e2a80000, 0x0000000100000000)
  eden space 33280K, 100% used [0x00000000e0000000,0x00000000e2080000,0x00000000e2080000)
  from space 5120K, 0% used [0x00000000e2580000,0x00000000e2580000,0x00000000e2a80000)
  to   space 5120K, 0% used [0x00000000e2080000,0x00000000e2080000,0x00000000e2580000)
 ParOldGen       total 87552K, used 0K [0x00000000a0000000, 0x00000000a5580000, 0x00000000e0000000)
  object space 87552K, 0% used [0x00000000a0000000,0x00000000a0000000,0x00000000a5580000)
 Metaspace       used 7020K, capacity 7276K, committed 7424K, reserved 1056768K
  class space    used 857K, capacity 940K, committed 1024K, reserved 1048576K
Event: 0.829 GC heap after
Heap after GC invocations=1 (full 0):
 PSYoungGen      total 38400K, used 4296K [0x00000000e0000000, 0x00000000e2a80000, 0x0000000100000000)
  eden space 33280K, 0% used [0x00000000e0000000,0x00000000e0000000,0x00000000e2080000)
  from space 5120K, 83% used [0x00000000e2080000,0x00000000e24b2150,0x00000000e2580000)
  to   space 5120K, 0% used [0x00000000e2580000,0x00000000e2580000,0x00000000e2a80000)
 ParOldGen       total 87552K, used 8K [0x00000000a0000000, 0x00000000a5580000, 0x00000000e0000000)
  object space 87552K, 0% used [0x00000000a0000000,0x00000000a0002000,0x00000000a5580000)
 Metaspace       used 7020K, capacity 7276K, committed 7424K, reserved 1056768K
  class space    used 857K, capacity 940K, committed 1024K, reserved 1048576K
}
Event: 1.074 GC heap before
{Heap before GC invocations=2 (full 0):
 PSYoungGen      total 38400K, used 37576K [0x00000000e0000000, 0x00000000e2a80000, 0x0000000100000000)
  eden space 33280K, 100% used [0x00000000e0000000,0x00000000e2080000,0x00000000e2080000)
  from space 5120K, 83% used [0x00000000e2080000,0x00000000e24b2150,0x00000000e2580000)
  to   space 5120K, 0% used [0x00000000e2580000,0x00000000e2580000,0x00000000e2a80000)
 ParOldGen       total 87552K, used 8K [0x00000000a0000000, 0x00000000a5580000, 0x00000000e0000000)
  object space 87552K, 0% used [0x00000000a0000000,0x00000000a0002000,0x00000000a5580000)
 Metaspace       used 7345K, capacity 7526K, committed 7680K, reserved 1056768K
  class space    used 908K, capacity 981K, committed 1024K, reserved 1048576K
Event: 1.078 GC heap after
Heap after GC invocations=2 (full 0):
 PSYoungGen      total 38400K, used 3457K [0x00000000e0000000, 0x00000000e2a80000, 0x0000000100000000)
  eden space 33280K, 0% used [0x00000000e0000000,0x00000000e0000000,0x00000000e2080000)
  from space 5120K, 67% used [0x00000000e2580000,0x00000000e28e0510,0x00000000e2a80000)
  to   space 5120K, 0% used [0x00000000e2080000,0x00000000e2080000,0x00000000e2580000)
 ParOldGen       total 87552K, used 16K [0x00000000a0000000, 0x00000000a5580000, 0x00000000e0000000)
  object space 87552K, 0% used [0x00000000a0000000,0x00000000a0004000,0x00000000a5580000)
 Metaspace       used 7345K, capacity 7526K, committed 7680K, reserved 1056768K
  class space    used 908K, capacity 981K, committed 1024K, reserved 1048576K
}
Event: 2.912 GC heap before
{Heap before GC invocations=3 (full 0):
 PSYoungGen      total 38400K, used 36737K [0x00000000e0000000, 0x00000000e2a80000, 0x0000000100000000)
  eden space 33280K, 100% used [0x00000000e0000000,0x00000000e2080000,0x00000000e2080000)
  from space 5120K, 67% used [0x00000000e2580000,0x00000000e28e0510,0x00000000e2a80000)
  to   space 5120K, 0% used [0x00000000e2080000,0x00000000e2080000,0x00000000e2580000)
 ParOldGen       total 87552K, used 16K [0x00000000a0000000, 0x00000000a5580000, 0x00000000e0000000)
  object space 87552K, 0% used [0x00000000a0000000,0x00000000a0004000,0x00000000a5580000)
 Metaspace       used 12385K, capacity 12758K, committed 12928K, reserved 1060864K
  class space    used 1673K, capacity 1803K, committed 1920K, reserved 1048576K
Event: 2.918 GC heap after
Heap after GC invocations=3 (full 0):
 PSYoungGen      total 38400K, used 5120K [0x00000000e0000000, 0x00000000e2a80000, 0x0000000100000000)
  eden space 33280K, 0% used [0x00000000e0000000,0x00000000e0000000,0x00000000e2080000)
  from space 5120K, 100% used [0x00000000e2080000,0x00000000e2580000,0x00000000e2580000)
  to   space 5120K, 0% used [0x00000000e2580000,0x00000000e2580000,0x00000000e2a80000)
 ParOldGen       total 87552K, used 1470K [0x00000000a0000000, 0x00000000a5580000, 0x00000000e0000000)
  object space 87552K, 1% used [0x00000000a0000000,0x00000000a016fa08,0x00000000a5580000)
 Metaspace       used 12385K, capacity 12758K, committed 12928K, reserved 1060864K
  class space    used 1673K, capacity 1803K, committed 1920K, reserved 1048576K
}
Event: 3.179 GC heap before
{Heap before GC invocations=4 (full 0):
 PSYoungGen      total 38400K, used 38400K [0x00000000e0000000, 0x00000000e2a80000, 0x0000000100000000)
  eden space 33280K, 100% used [0x00000000e0000000,0x00000000e2080000,0x00000000e2080000)
  from space 5120K, 100% used [0x00000000e2080000,0x00000000e2580000,0x00000000e2580000)
  to   space 5120K, 0% used [0x00000000e2580000,0x00000000e2580000,0x00000000e2a80000)
 ParOldGen       total 87552K, used 1470K [0x00000000a0000000, 0x00000000a5580000, 0x00000000e0000000)
  object space 87552K, 1% used [0x00000000a0000000,0x00000000a016fa08,0x00000000a5580000)
 Metaspace       used 14679K, capacity 15040K, committed 15232K, reserved 1062912K
  class space    used 2059K, capacity 2160K, committed 2176K, reserved 1048576K
Event: 3.187 GC heap after
Heap after GC invocations=4 (full 0):
 PSYoungGen      total 38400K, used 5104K [0x00000000e0000000, 0x00000000e2a80000, 0x0000000100000000)
  eden space 33280K, 0% used [0x00000000e0000000,0x00000000e0000000,0x00000000e2080000)
  from space 5120K, 99% used [0x00000000e2580000,0x00000000e2a7c010,0x00000000e2a80000)
  to   space 5120K, 0% used [0x00000000e2080000,0x00000000e2080000,0x00000000e2580000)
 ParOldGen       total 87552K, used 3929K [0x00000000a0000000, 0x00000000a5580000, 0x00000000e0000000)
  object space 87552K, 4% used [0x00000000a0000000,0x00000000a03d6710,0x00000000a5580000)
 Metaspace       used 14679K, capacity 15040K, committed 15232K, reserved 1062912K
  class space    used 2059K, capacity 2160K, committed 2176K, reserved 1048576K
}

Deoptimization events (10 events):
Event: 2.400 Thread 0x0000000002c32800 Uncommon trap: reason=unstable_if action=reinterpret pc=0x0000000003009e7c method=java.io.WinNTFileSystem.normalize(Ljava/lang/String;)Ljava/lang/String; @ 128
Event: 2.802 Thread 0x0000000019dbd800 Uncommon trap: reason=unstable_if action=reinterpret pc=0x0000000003116034 method=java.util.concurrent.ConcurrentHashMap.putVal(Ljava/lang/Object;Ljava/lang/Object;Z)Ljava/lang/Object; @ 206
Event: 2.860 Thread 0x000000001a104800 Uncommon trap: reason=bimorphic action=maybe_recompile pc=0x0000000002f709bc method=java.util.HashMap.putVal(ILjava/lang/Object;Ljava/lang/Object;ZZ)Ljava/lang/Object; @ 253
Event: 2.860 Thread 0x000000001a104800 Uncommon trap: reason=bimorphic action=maybe_recompile pc=0x0000000002f709bc method=java.util.HashMap.putVal(ILjava/lang/Object;Ljava/lang/Object;ZZ)Ljava/lang/Object; @ 253
Event: 2.860 Thread 0x000000001a104800 Uncommon trap: reason=bimorphic action=maybe_recompile pc=0x0000000002f709bc method=java.util.HashMap.putVal(ILjava/lang/Object;Ljava/lang/Object;ZZ)Ljava/lang/Object; @ 253
Event: 2.861 Thread 0x000000001a104800 Uncommon trap: reason=bimorphic action=maybe_recompile pc=0x0000000002f73018 method=java.util.HashMap.putVal(ILjava/lang/Object;Ljava/lang/Object;ZZ)Ljava/lang/Object; @ 253
Event: 3.042 Thread 0x000000001a104800 Uncommon trap: reason=class_check action=maybe_recompile pc=0x00000000030110c4 method=java.util.regex.Matcher.match(II)Z @ 86
Event: 3.052 Thread 0x000000001a104800 Uncommon trap: reason=class_check action=maybe_recompile pc=0x00000000030110c4 method=java.util.regex.Matcher.match(II)Z @ 86
Event: 3.052 Thread 0x000000001a104800 Uncommon trap: reason=class_check action=maybe_recompile pc=0x00000000030110c4 method=java.util.regex.Matcher.match(II)Z @ 86
Event: 3.053 Thread 0x000000001a104800 Uncommon trap: reason=class_check action=maybe_recompile pc=0x0000000002ea201c method=java.util.regex.Matcher.match(II)Z @ 86

Classes redefined (0 events):
No events

Internal exceptions (10 events):
Event: 2.805 Thread 0x0000000019dbd800 Exception <a 'java/lang/NoSuchMethodError': <clinit>> (0x00000000e182a470) thrown at [D:\src\AOSP-openjdk-cygwin\jdk8u\hotspot\src\share\vm\prims\jni.cpp, line 1614]
Event: 2.808 Thread 0x0000000019dbd800 Exception <a 'java/lang/NoSuchMethodError': <clinit>> (0x00000000e183d640) thrown at [D:\src\AOSP-openjdk-cygwin\jdk8u\hotspot\src\share\vm\prims\jni.cpp, line 1614]
Event: 2.811 Thread 0x0000000019dbd800 Exception <a 'java/lang/NoSuchMethodError': <clinit>> (0x00000000e1864a60) thrown at [D:\src\AOSP-openjdk-cygwin\jdk8u\hotspot\src\share\vm\prims\jni.cpp, line 1614]
Event: 2.813 Thread 0x0000000019dbd800 Exception <a 'java/lang/NoSuchMethodError': <clinit>> (0x00000000e187ca70) thrown at [D:\src\AOSP-openjdk-cygwin\jdk8u\hotspot\src\share\vm\prims\jni.cpp, line 1614]
Event: 2.814 Thread 0x0000000019dbd800 Exception <a 'java/lang/NoSuchMethodError': <clinit>> (0x00000000e1885700) thrown at [D:\src\AOSP-openjdk-cygwin\jdk8u\hotspot\src\share\vm\prims\jni.cpp, line 1614]
Event: 2.816 Thread 0x0000000019dbd800 Exception <a 'java/lang/NoSuchMethodError': <clinit>> (0x00000000e189bd38) thrown at [D:\src\AOSP-openjdk-cygwin\jdk8u\hotspot\src\share\vm\prims\jni.cpp, line 1614]
Event: 2.823 Thread 0x0000000019dbd800 Exception <a 'java/lang/NoSuchMethodError': <clinit>> (0x00000000e18f9f58) thrown at [D:\src\AOSP-openjdk-cygwin\jdk8u\hotspot\src\share\vm\prims\jni.cpp, line 1614]
Event: 2.828 Thread 0x0000000019dbd800 Exception <a 'java/lang/NoSuchMethodError': <clinit>> (0x00000000e1926d10) thrown at [D:\src\AOSP-openjdk-cygwin\jdk8u\hotspot\src\share\vm\prims\jni.cpp, line 1614]
Event: 2.834 Thread 0x0000000019dbd800 Exception <a 'java/lang/NoSuchMethodError': <clinit>> (0x00000000e19550e8) thrown at [D:\src\AOSP-openjdk-cygwin\jdk8u\hotspot\src\share\vm\prims\jni.cpp, line 1614]
Event: 2.835 Thread 0x0000000019dbd800 Exception <a 'java/lang/NoSuchMethodError': <clinit>> (0x00000000e19604f0) thrown at [D:\src\AOSP-openjdk-cygwin\jdk8u\hotspot\src\share\vm\prims\jni.cpp, line 1614]

Events (10 events):
Event: 3.248 loading class org/apache/tools/ant/types/resources/FileProvider
Event: 3.248 loading class org/apache/tools/ant/types/resources/FileProvider done
Event: 3.249 loading class org/apache/tools/ant/types/resources/Appendable
Event: 3.249 loading class org/apache/tools/ant/types/resources/Appendable done
Event: 3.250 loading class org/apache/tools/ant/taskdefs/condition/Os
Event: 3.250 loading class org/apache/tools/ant/taskdefs/condition/Os done
Event: 3.250 loading class org/apache/tools/ant/taskdefs/condition/Condition
Event: 3.250 loading class org/apache/tools/ant/taskdefs/condition/Condition done
Event: 3.251 loading class org/apache/tools/ant/util/FileUtils
Event: 3.251 loading class org/apache/tools/ant/util/FileUtils done


Dynamic libraries:
0x00007ff655670000 - 0x00007ff6556a1000 	C:\Program Files\Android\Android Studio\jre\bin\java.exe
0x00007ff886f30000 - 0x00007ff887126000 	C:\WINDOWS\SYSTEM32\ntdll.dll
0x00007ff8868c0000 - 0x00007ff88697d000 	C:\WINDOWS\System32\KERNEL32.DLL
0x00007ff8848e0000 - 0x00007ff884ba8000 	C:\WINDOWS\System32\KERNELBASE.dll
0x00007ff886e40000 - 0x00007ff886eea000 	C:\WINDOWS\System32\ADVAPI32.dll
0x00007ff886be0000 - 0x00007ff886c7e000 	C:\WINDOWS\System32\msvcrt.dll
0x00007ff8863b0000 - 0x00007ff88644b000 	C:\WINDOWS\System32\sechost.dll
0x00007ff886a30000 - 0x00007ff886b54000 	C:\WINDOWS\System32\RPCRT4.dll
0x00007ff885c70000 - 0x00007ff885e10000 	C:\WINDOWS\System32\USER32.dll
0x00007ff884ec0000 - 0x00007ff884ee2000 	C:\WINDOWS\System32\win32u.dll
0x00007ff886e10000 - 0x00007ff886e3a000 	C:\WINDOWS\System32\GDI32.dll
0x00007ff884d60000 - 0x00007ff884e69000 	C:\WINDOWS\System32\gdi32full.dll
0x00007ff884cc0000 - 0x00007ff884d5d000 	C:\WINDOWS\System32\msvcp_win.dll
0x00007ff884680000 - 0x00007ff884780000 	C:\WINDOWS\System32\ucrtbase.dll
0x00007ff871b40000 - 0x00007ff871ddb000 	C:\WINDOWS\WinSxS\amd64_microsoft.windows.common-controls_6595b64144ccf1df_6.0.19041.488_none_ca04af081b815d21\COMCTL32.dll
0x00007ff886750000 - 0x00007ff886780000 	C:\WINDOWS\System32\IMM32.DLL
0x0000000059b00000 - 0x0000000059bd2000 	C:\Program Files\Android\Android Studio\jre\jre\bin\msvcr100.dll
0x000000005d7c0000 - 0x000000005e006000 	C:\Program Files\Android\Android Studio\jre\jre\bin\server\jvm.dll
0x00007ff886c80000 - 0x00007ff886c88000 	C:\WINDOWS\System32\PSAPI.DLL
0x00007ff874a90000 - 0x00007ff874ab7000 	C:\WINDOWS\SYSTEM32\WINMM.dll
0x00007ff877550000 - 0x00007ff87755a000 	C:\WINDOWS\SYSTEM32\VERSION.dll
0x00007ff86edc0000 - 0x00007ff86edc9000 	C:\WINDOWS\SYSTEM32\WSOCK32.dll
0x00007ff8866e0000 - 0x00007ff88674b000 	C:\WINDOWS\System32\WS2_32.dll
0x00007ff881280000 - 0x00007ff88128f000 	C:\Program Files\Android\Android Studio\jre\jre\bin\verify.dll
0x00007ff87c3f0000 - 0x00007ff87c419000 	C:\Program Files\Android\Android Studio\jre\jre\bin\java.dll
0x00007ff87a710000 - 0x00007ff87a726000 	C:\Program Files\Android\Android Studio\jre\jre\bin\zip.dll
0x00007ff884fa0000 - 0x00007ff8856e0000 	C:\WINDOWS\System32\SHELL32.dll
0x00007ff882400000 - 0x00007ff882b94000 	C:\WINDOWS\SYSTEM32\windows.storage.dll
0x00007ff885ea0000 - 0x00007ff8861f5000 	C:\WINDOWS\System32\combase.dll
0x00007ff8840f0000 - 0x00007ff88411c000 	C:\WINDOWS\SYSTEM32\Wldp.dll
0x00007ff886d60000 - 0x00007ff886e0e000 	C:\WINDOWS\System32\SHCORE.dll
0x00007ff886450000 - 0x00007ff8864a5000 	C:\WINDOWS\System32\shlwapi.dll
0x00007ff8845b0000 - 0x00007ff8845d6000 	C:\WINDOWS\SYSTEM32\profapi.dll
0x00007ff874bf0000 - 0x00007ff874c0a000 	C:\Program Files\Android\Android Studio\jre\jre\bin\net.dll
0x00007ff86f140000 - 0x00007ff86f32d000 	C:\WINDOWS\SYSTEM32\urlmon.dll
0x00007ff86ee90000 - 0x00007ff86f140000 	C:\WINDOWS\SYSTEM32\iertutil.dll
0x00007ff883e70000 - 0x00007ff883eda000 	C:\WINDOWS\system32\mswsock.dll
0x00007ff871030000 - 0x00007ff871043000 	C:\Program Files\Android\Android Studio\jre\jre\bin\nio.dll
0x00007ff86d420000 - 0x00007ff86d446000 	C:\Users\Sajithan\.gradle\native\30\windows-amd64\native-platform.dll
0x00007ff881270000 - 0x00007ff88127d000 	C:\Program Files\Android\Android Studio\jre\jre\bin\management.dll
0x00007ff884040000 - 0x00007ff884058000 	C:\WINDOWS\SYSTEM32\CRYPTSP.dll
0x00007ff883790000 - 0x00007ff8837c4000 	C:\WINDOWS\system32\rsaenh.dll
0x00007ff884f70000 - 0x00007ff884f97000 	C:\WINDOWS\System32\bcrypt.dll
0x00007ff884530000 - 0x00007ff88455e000 	C:\WINDOWS\SYSTEM32\USERENV.dll
0x00007ff884ef0000 - 0x00007ff884f6f000 	C:\WINDOWS\System32\bcryptprimitives.dll
0x00007ff884060000 - 0x00007ff88406c000 	C:\WINDOWS\SYSTEM32\CRYPTBASE.dll
0x00007ff883b10000 - 0x00007ff883b4b000 	C:\WINDOWS\SYSTEM32\IPHLPAPI.DLL
0x00007ff8864b0000 - 0x00007ff8864b9000 	C:\WINDOWS\System32\NSI.dll
0x00007ff8766e0000 - 0x00007ff8766f7000 	C:\WINDOWS\SYSTEM32\dhcpcsvc6.DLL
0x00007ff876c60000 - 0x00007ff876c7d000 	C:\WINDOWS\SYSTEM32\dhcpcsvc.DLL
0x00007ff883b60000 - 0x00007ff883c2b000 	C:\WINDOWS\SYSTEM32\DNSAPI.dll

VM Arguments:
jvm_args: -Xmx1536m -Dfile.encoding=windows-1252 -Duser.country=GB -Duser.language=en -Duser.variant 
java_command: org.gradle.launcher.daemon.bootstrap.GradleDaemon 5.6.4
java_class_path (initial): C:\Users\Sajithan\.gradle\wrapper\dists\gradle-5.6.4-all\ankdp27end7byghfw1q2sw75f\gradle-5.6.4\lib\gradle-launcher-5.6.4.jar
Launcher Type: SUN_STANDARD

Environment Variables:
JAVA_HOME=C:\Program Files\Java\jdk-12.0.1
PATH=C:\Python39\Scripts\;C:\Python39\;C:\Python27\;C:\Python27\Scripts;C:\ProgramData\Anaconda3;C:\ProgramData\Anaconda3\Library\mingw-w64\bin;C:\ProgramData\Anaconda3\Library\usr\bin;C:\ProgramData\Anaconda3\Library\bin;C:\ProgramData\Anaconda3\Scripts;C:\wamp64\bin\php\php7.4.0;C:\Program Files (x86)\Common Files\Oracle\Java\javapath;C:\Windows\system32;C:\Windows;C:\Windows\System32\Wbem;C:\Windows\System32\WindowsPowerShell\v1.0\;C:\Windows\System32\OpenSSH\;C:\Program Files (x86)\NVIDIA Corporation\PhysX\Common;c:\Users\Sajithan\AppData\Local\Android\Sdk\platform-tools;C:\Program Files\Java\jdk1.8.0_212\bin;C:\Program Files\Java\jdk-12.0.1\bin;C:\Program Files\NVIDIA Corporation\NVIDIA NvDLISR;C:\WINDOWS\system32;C:\WINDOWS;C:\WINDOWS\System32\Wbem;C:\WINDOWS\System32\WindowsPowerShell\v1.0\;C:\WINDOWS\System32\OpenSSH\;c:\Users\YOUR_USERNAME\AppData\Local\Android\Sdk\platform-tools;C:\Program Files\nodejs\;C:\ProgramData\chocolatey\bin;C:\composer;C:\Program Files\Git\cmd;C:\Program Files\Dart\dart-sdk\bin;C:\Gradle\gradle-6.3\bin;C:\Program Files\dotnet\;C:\Program Files (x86)\dotnet\;C:\Users\Sajithan\AppData\Local\Microsoft\WindowsApps;C:\Users\Sajithan\AppData\Local\Programs\Microsoft VS Code\bin;c:\Users\Sajithan\AppData\Local\Android\Sdk\platform-tools;C:\Users\Sajithan\AppData\Local\GitHubDesktop\bin;c:\Users\YOUR_USERNAME\AppData\Local\Android\Sdk\platform-tools;C:\Users\Sajithan\AppData\Roaming\npm;C:\Users\Sajithan\AppData\Roaming\Composer\vendor\bin;C:\flutter\bin;C:\Program Files\JetBrains\PyCharm Community Edition 2020.1\bin;C:\Users\Sajithan\.deno\bin;C:\Users\Sajithan\AppData\Local\Microsoft\WindowsApps;C:\Users\Sajithan\.dotnet\tools;C:\tools\dart-sdk\bin;C:\Users\Sajithan\AppData\Roaming\Pub\Cache\bin;C:\Users\Sajithan\AppData\Local\atom\bin
USERNAME=Sajithan
OS=Windows_NT
PROCESSOR_IDENTIFIER=Intel64 Family 6 Model 142 Stepping 9, GenuineIntel



---------------  S Y S T E M  ---------------

OS: Windows 10.0 , 64 bit Build 19041 (10.0.19041.546)

CPU:total 4 (initial active 4) (2 cores per cpu, 2 threads per core) family 6 model 142 stepping 9, cmov, cx8, fxsr, mmx, sse, sse2, sse3, ssse3, sse4.1, sse4.2, popcnt, avx, avx2, aes, clmul, erms, 3dnowpref, lzcnt, ht, tsc, tscinvbit, bmi1, bmi2, adx

Memory: 4k page, physical 8266284k(972952k free), swap 8266284k(5140k free)

vm_info: OpenJDK 64-Bit Server VM (25.212-b04) for windows-amd64 JRE (1.8.0_212-release-1586-b04), built by "builder" with MS VC++ 10.0 (VS2010)

time: Sat Nov 07 11:54:17 2020
timezone: Sri Lanka Standard Time
elapsed time: 3 seconds (0d 0h 0m 3s)

