#
# There is insufficient memory for the Java Runtime Environment to continue.
# Native memory allocation (malloc) failed to allocate 1171376 bytes for Chunk::new
# Possible reasons:
#   The system is out of physical RAM or swap space
#   The process is running with CompressedOops enabled, and the Java Heap may be blocking the growth of the native heap
# Possible solutions:
#   Reduce memory load on the system
#   Increase physical memory or swap space
#   Check if swap backing store is full
#   Decrease Java heap size (-Xmx/-Xms)
#   Decrease number of Java threads
#   Decrease Java thread stack sizes (-Xss)
#   Set larger code cache with -XX:ReservedCodeCacheSize=
#   JVM is running with Unscaled Compressed Oops mode in which the Java heap is
#     placed in the first 4GB address space. The Java Heap base address is the
#     maximum limit for the native heap growth. Please use -XX:HeapBaseMinAddress
#     to set the Java Heap base and to place the Java Heap above 4GB virtual address.
# This output file may be truncated or incomplete.
#
#  Out of Memory Error (allocation.cpp:389), pid=3100, tid=0x0000000000002218
#
# JRE version: OpenJDK Runtime Environment (8.0_212-b04) (build 1.8.0_212-release-1586-b04)
# Java VM: OpenJDK 64-Bit Server VM (25.212-b04 mixed mode windows-amd64 compressed oops)
# Failed to write core dump. Minidumps are not enabled by default on client versions of Windows
#

---------------  T H R E A D  ---------------

Current thread (0x0000000016630000):  JavaThread "C2 CompilerThread1" daemon [_thread_in_native, id=8728, stack(0x0000000017d90000,0x0000000017e90000)]

Stack: [0x0000000017d90000,0x0000000017e90000]
[error occurred during error reporting (printing stack bounds), id 0xc0000005]

Native frames: (J=compiled Java code, j=interpreted, Vv=VM code, C=native code)


Current CompileTask:
C2:   5359 3212       4       org.codehaus.groovy.runtime.metaclass.MetaMethodIndex::addMethodToList (298 bytes)


---------------  P R O C E S S  ---------------

Java Threads: ( => current thread )
  0x00000000185f2000 JavaThread "Build operations Thread 4" [_thread_blocked, id=3492, stack(0x0000000020d90000,0x0000000020e90000)]
  0x00000000185f1800 JavaThread "Build operations Thread 3" [_thread_blocked, id=1036, stack(0x0000000020a80000,0x0000000020b80000)]
  0x00000000185f6800 JavaThread "Build operations Thread 2" [_thread_blocked, id=13744, stack(0x0000000020980000,0x0000000020a80000)]
  0x00000000185f5000 JavaThread "Build operations" [_thread_blocked, id=3340, stack(0x0000000020880000,0x0000000020980000)]
  0x00000000185f0000 JavaThread "Cache worker for execution history cache (C:\Users\Sajithan\.gradle\caches\5.6.4\executionHistory)" [_thread_blocked, id=14884, stack(0x0000000020780000,0x0000000020880000)]
  0x00000000185f6000 JavaThread "Cache worker for cache directory md-rule (C:\Users\Sajithan\.gradle\caches\5.6.4\md-rule)" [_thread_blocked, id=11844, stack(0x000000001ebf0000,0x000000001ecf0000)]
  0x0000000019757000 JavaThread "Cache worker for cache directory md-supplier (C:\Users\Sajithan\.gradle\caches\5.6.4\md-supplier)" [_thread_blocked, id=2552, stack(0x000000001e950000,0x000000001ea50000)]
  0x0000000019751800 JavaThread "Cache worker for file hash cache (C:\Users\Sajithan\AndroidStudioProjects\examples\lite\examples\object_detection\SajiiVideoRentingShop\.gradle\5.6.4\fileHashes)" [_thread_blocked, id=4696, stack(0x000000001eaf0000,0x000000001ebf0000)]
  0x0000000019751000 JavaThread "Cache worker for journal cache (C:\Users\Sajithan\.gradle\caches\journal-1)" [_thread_blocked, id=13336, stack(0x000000001c3b0000,0x000000001c4b0000)]
  0x0000000019755800 JavaThread "File lock request listener" [_thread_in_native, id=1840, stack(0x000000001c2b0000,0x000000001c3b0000)]
  0x0000000019757800 JavaThread "Cache worker for file hash cache (C:\Users\Sajithan\.gradle\caches\5.6.4\fileHashes)" [_thread_blocked, id=8852, stack(0x000000001c1b0000,0x000000001c2b0000)]
  0x0000000019f86000 JavaThread "Thread-9" [_thread_blocked, id=10444, stack(0x000000001beb0000,0x000000001bfb0000)]
  0x0000000019fb4800 JavaThread "Stdin handler" [_thread_blocked, id=11584, stack(0x000000001bdb0000,0x000000001beb0000)]
  0x0000000019fb3800 JavaThread "Asynchronous log dispatcher for DefaultDaemonConnection: socket connection from /127.0.0.1:64805 to /127.0.0.1:64806" [_thread_blocked, id=15132, stack(0x000000001bcb0000,0x000000001bdb0000)]
  0x0000000019f8d000 JavaThread "Daemon worker" [_thread_blocked, id=2752, stack(0x000000001bbb0000,0x000000001bcb0000)]
  0x0000000019f8b000 JavaThread "Cancel handler" [_thread_blocked, id=2228, stack(0x000000001bab0000,0x000000001bbb0000)]
  0x0000000019f90000 JavaThread "Handler for socket connection from /127.0.0.1:64805 to /127.0.0.1:64806" [_thread_in_native, id=14872, stack(0x000000001b7b0000,0x000000001b8b0000)]
  0x0000000019f60000 JavaThread "Daemon" [_thread_blocked, id=6952, stack(0x000000001b6b0000,0x000000001b7b0000)]
  0x0000000019f56000 JavaThread "Daemon periodic checks" [_thread_blocked, id=1628, stack(0x000000001b5b0000,0x000000001b6b0000)]
  0x000000001875a800 JavaThread "Incoming local TCP Connector on port 64805" [_thread_in_native, id=11684, stack(0x000000001b370000,0x000000001b470000)]
  0x00000000180a3000 JavaThread "Daemon health stats" [_thread_blocked, id=11876, stack(0x000000001ad30000,0x000000001ae30000)]
  0x0000000017fc0800 JavaThread "Service Thread" daemon [_thread_blocked, id=8632, stack(0x0000000018390000,0x0000000018490000)]
  0x000000001663d800 JavaThread "C1 CompilerThread2" daemon [_thread_blocked, id=232, stack(0x0000000017e90000,0x0000000017f90000)]
=>0x0000000016630000 JavaThread "C2 CompilerThread1" daemon [_thread_in_native, id=8728, stack(0x0000000017d90000,0x0000000017e90000)]
  0x0000000016639800 JavaThread "C2 CompilerThread0" daemon [_thread_in_native, id=14012, stack(0x0000000017c90000,0x0000000017d90000)]
  0x0000000016638000 JavaThread "Attach Listener" daemon [_thread_blocked, id=1304, stack(0x0000000017b90000,0x0000000017c90000)]
  0x0000000016636800 JavaThread "Signal Dispatcher" daemon [_thread_blocked, id=14668, stack(0x0000000017a90000,0x0000000017b90000)]
  0x0000000002bcb800 JavaThread "Finalizer" daemon [_thread_blocked, id=7376, stack(0x0000000017890000,0x0000000017990000)]
  0x0000000016619000 JavaThread "Reference Handler" daemon [_thread_blocked, id=11728, stack(0x0000000017790000,0x0000000017890000)]
  0x0000000002ad2800 JavaThread "main" [_thread_blocked, id=2064, stack(0x00000000028f0000,0x00000000029f0000)]

Other Threads:
  0x00000000165f6800 VMThread [stack: 0x0000000017690000,0x0000000017790000] [id=572]
  0x000000001668a800 WatcherThread [stack: 0x0000000018490000,0x0000000018590000] [id=12892]

VM state:at safepoint (normal execution)

VM Mutex/Monitor currently owned by a thread:  ([mutex/lock_event])
[0x0000000002cbe5e0] Threads_lock - owner thread: 0x00000000165f6800
[0x0000000002cbdce0] Heap_lock - owner thread: 0x0000000019f8d000

heap address: 0x00000000a0000000, size: 1536 MB, Compressed Oops mode: 32-bit
Narrow klass base: 0x0000000000000000, Narrow klass shift: 3
Compressed class space size: 1073741824 Address: 0x0000000100000000

Heap:
 PSYoungGen      total 114176K, used 10389K [0x00000000e0000000, 0x00000000e9f80000, 0x0000000100000000)
  eden space 102400K, 0% used [0x00000000e0000000,0x00000000e0000000,0x00000000e6400000)
  from space 11776K, 88% used [0x00000000e6400000,0x00000000e6e256d0,0x00000000e6f80000)
  to   space 12288K, 0% used [0x00000000e9380000,0x00000000e9380000,0x00000000e9f80000)
 ParOldGen       total 60928K, used 9562K [0x00000000a0000000, 0x00000000a3b80000, 0x00000000e0000000)
  object space 60928K, 15% used [0x00000000a0000000,0x00000000a0956b70,0x00000000a3b80000)
 Metaspace       used 34681K, capacity 35456K, committed 35496K, reserved 1079296K
  class space    used 4771K, capacity 4993K, committed 5032K, reserved 1048576K

Card table byte_map: [0x0000000012080000,0x0000000012390000] byte_map_base: 0x0000000011b80000

Marking Bits: (ParMarkBitMap*) 0x000000005df89f30
 Begin Bits: [0x0000000012990000, 0x0000000014190000)
 End Bits:   [0x0000000014190000, 0x0000000015990000)

Polling page: 0x00000000010b0000

CodeCache: size=245760Kb used=11049Kb max_used=11049Kb free=234710Kb
 bounds [0x0000000002cc0000, 0x00000000037a0000, 0x0000000011cc0000]
 total_blobs=3892 nmethods=3192 adapters=613
 compilation: enabled

Compilation events (10 events):
Event: 5.305 Thread 0x000000001663d800 3259       3       sun.reflect.generics.parser.SignatureParser::parseTypeSig (13 bytes)
Event: 5.305 Thread 0x000000001663d800 nmethod 3259 0x0000000003787350 code [0x00000000037874e0, 0x0000000003787898]
Event: 5.305 Thread 0x000000001663d800 3260       3       sun.reflect.annotation.AnnotationParser::toClass (32 bytes)
Event: 5.305 Thread 0x000000001663d800 nmethod 3260 0x0000000003787a10 code [0x0000000003787c20, 0x0000000003788848]
Event: 5.305 Thread 0x000000001663d800 3261       3       java.lang.reflect.WeakCache::expungeStaleEntries (31 bytes)
Event: 5.306 Thread 0x000000001663d800 nmethod 3261 0x0000000003788b10 code [0x0000000003788cc0, 0x0000000003789378]
Event: 5.306 Thread 0x000000001663d800 3258       3       java.lang.reflect.WeakCache$CacheKey::equals (46 bytes)
Event: 5.306 Thread 0x000000001663d800 nmethod 3258 0x0000000003789590 code [0x0000000003789700, 0x0000000003789cf0]
Event: 5.306 Thread 0x000000001663d800 3262       2       org.objectweb.asm.Frame::execute (2318 bytes)
Event: 5.310 Thread 0x000000001663d800 nmethod 3262 0x0000000003789dd0 code [0x000000000378a7e0, 0x000000000378d678]

GC Heap History (10 events):
Event: 3.044 GC heap after
Heap after GC invocations=6 (full 0):
 PSYoungGen      total 75776K, used 8804K [0x00000000e0000000, 0x00000000e5700000, 0x0000000100000000)
  eden space 65536K, 0% used [0x00000000e0000000,0x00000000e0000000,0x00000000e4000000)
  from space 10240K, 85% used [0x00000000e4b00000,0x00000000e5399348,0x00000000e5500000)
  to   space 11264K, 0% used [0x00000000e4000000,0x00000000e4000000,0x00000000e4b00000)
 ParOldGen       total 87552K, used 7482K [0x00000000a0000000, 0x00000000a5580000, 0x00000000e0000000)
  object space 87552K, 8% used [0x00000000a0000000,0x00000000a074e920,0x00000000a5580000)
 Metaspace       used 20712K, capacity 21186K, committed 21296K, reserved 1067008K
  class space    used 2999K, capacity 3161K, committed 3200K, reserved 1048576K
}
Event: 3.044 GC heap before
{Heap before GC invocations=7 (full 1):
 PSYoungGen      total 75776K, used 8804K [0x00000000e0000000, 0x00000000e5700000, 0x0000000100000000)
  eden space 65536K, 0% used [0x00000000e0000000,0x00000000e0000000,0x00000000e4000000)
  from space 10240K, 85% used [0x00000000e4b00000,0x00000000e5399348,0x00000000e5500000)
  to   space 11264K, 0% used [0x00000000e4000000,0x00000000e4000000,0x00000000e4b00000)
 ParOldGen       total 87552K, used 7482K [0x00000000a0000000, 0x00000000a5580000, 0x00000000e0000000)
  object space 87552K, 8% used [0x00000000a0000000,0x00000000a074e920,0x00000000a5580000)
 Metaspace       used 20712K, capacity 21186K, committed 21296K, reserved 1067008K
  class space    used 2999K, capacity 3161K, committed 3200K, reserved 1048576K
Event: 3.089 GC heap after
Heap after GC invocations=7 (full 1):
 PSYoungGen      total 75776K, used 0K [0x00000000e0000000, 0x00000000e5700000, 0x0000000100000000)
  eden space 65536K, 0% used [0x00000000e0000000,0x00000000e0000000,0x00000000e4000000)
  from space 10240K, 0% used [0x00000000e4b00000,0x00000000e4b00000,0x00000000e5500000)
  to   space 11264K, 0% used [0x00000000e4000000,0x00000000e4000000,0x00000000e4b00000)
 ParOldGen       total 60928K, used 9538K [0x00000000a0000000, 0x00000000a3b80000, 0x00000000e0000000)
  object space 60928K, 15% used [0x00000000a0000000,0x00000000a0950b70,0x00000000a3b80000)
 Metaspace       used 20712K, capacity 21186K, committed 21296K, reserved 1067008K
  class space    used 2999K, capacity 3161K, committed 3200K, reserved 1048576K
}
Event: 3.829 GC heap before
{Heap before GC invocations=8 (full 1):
 PSYoungGen      total 75776K, used 65536K [0x00000000e0000000, 0x00000000e5700000, 0x0000000100000000)
  eden space 65536K, 100% used [0x00000000e0000000,0x00000000e4000000,0x00000000e4000000)
  from space 10240K, 0% used [0x00000000e4b00000,0x00000000e4b00000,0x00000000e5500000)
  to   space 11264K, 0% used [0x00000000e4000000,0x00000000e4000000,0x00000000e4b00000)
 ParOldGen       total 60928K, used 9538K [0x00000000a0000000, 0x00000000a3b80000, 0x00000000e0000000)
  object space 60928K, 15% used [0x00000000a0000000,0x00000000a0950b70,0x00000000a3b80000)
 Metaspace       used 29130K, capacity 29700K, committed 30080K, reserved 1075200K
  class space    used 3938K, capacity 4135K, committed 4224K, reserved 1048576K
Event: 3.840 GC heap after
Heap after GC invocations=8 (full 1):
 PSYoungGen      total 76800K, used 8099K [0x00000000e0000000, 0x00000000e7a80000, 0x0000000100000000)
  eden space 65536K, 0% used [0x00000000e0000000,0x00000000e0000000,0x00000000e4000000)
  from space 11264K, 71% used [0x00000000e4000000,0x00000000e47e8ff8,0x00000000e4b00000)
  to   space 11264K, 0% used [0x00000000e6f80000,0x00000000e6f80000,0x00000000e7a80000)
 ParOldGen       total 60928K, used 9546K [0x00000000a0000000, 0x00000000a3b80000, 0x00000000e0000000)
  object space 60928K, 15% used [0x00000000a0000000,0x00000000a0952b70,0x00000000a3b80000)
 Metaspace       used 29130K, capacity 29700K, committed 30080K, reserved 1075200K
  class space    used 3938K, capacity 4135K, committed 4224K, reserved 1048576K
}
Event: 4.374 GC heap before
{Heap before GC invocations=9 (full 1):
 PSYoungGen      total 76800K, used 73635K [0x00000000e0000000, 0x00000000e7a80000, 0x0000000100000000)
  eden space 65536K, 100% used [0x00000000e0000000,0x00000000e4000000,0x00000000e4000000)
  from space 11264K, 71% used [0x00000000e4000000,0x00000000e47e8ff8,0x00000000e4b00000)
  to   space 11264K, 0% used [0x00000000e6f80000,0x00000000e6f80000,0x00000000e7a80000)
 ParOldGen       total 60928K, used 9546K [0x00000000a0000000, 0x00000000a3b80000, 0x00000000e0000000)
  object space 60928K, 15% used [0x00000000a0000000,0x00000000a0952b70,0x00000000a3b80000)
 Metaspace       used 31991K, capacity 32604K, committed 32768K, reserved 1077248K
  class space    used 4396K, capacity 4591K, committed 4608K, reserved 1048576K
Event: 4.388 GC heap after
Heap after GC invocations=9 (full 1):
 PSYoungGen      total 113664K, used 8177K [0x00000000e0000000, 0x00000000e7d00000, 0x0000000100000000)
  eden space 102400K, 0% used [0x00000000e0000000,0x00000000e0000000,0x00000000e6400000)
  from space 11264K, 72% used [0x00000000e6f80000,0x00000000e777c7c0,0x00000000e7a80000)
  to   space 11776K, 0% used [0x00000000e6400000,0x00000000e6400000,0x00000000e6f80000)
 ParOldGen       total 60928K, used 9554K [0x00000000a0000000, 0x00000000a3b80000, 0x00000000e0000000)
  object space 60928K, 15% used [0x00000000a0000000,0x00000000a0954b70,0x00000000a3b80000)
 Metaspace       used 31991K, capacity 32604K, committed 32768K, reserved 1077248K
  class space    used 4396K, capacity 4591K, committed 4608K, reserved 1048576K
}
Event: 5.315 GC heap before
{Heap before GC invocations=10 (full 1):
 PSYoungGen      total 113664K, used 74144K [0x00000000e0000000, 0x00000000e7d00000, 0x0000000100000000)
  eden space 102400K, 64% used [0x00000000e0000000,0x00000000e406b878,0x00000000e6400000)
  from space 11264K, 72% used [0x00000000e6f80000,0x00000000e777c7c0,0x00000000e7a80000)
  to   space 11776K, 0% used [0x00000000e6400000,0x00000000e6400000,0x00000000e6f80000)
 ParOldGen       total 60928K, used 9554K [0x00000000a0000000, 0x00000000a3b80000, 0x00000000e0000000)
  object space 60928K, 15% used [0x00000000a0000000,0x00000000a0954b70,0x00000000a3b80000)
 Metaspace       used 34681K, capacity 35456K, committed 35496K, reserved 1079296K
  class space    used 4771K, capacity 4993K, committed 5032K, reserved 1048576K
Event: 5.336 GC heap after
Heap after GC invocations=10 (full 1):
 PSYoungGen      total 114176K, used 10389K [0x00000000e0000000, 0x00000000e9f80000, 0x0000000100000000)
  eden space 102400K, 0% used [0x00000000e0000000,0x00000000e0000000,0x00000000e6400000)
  from space 11776K, 88% used [0x00000000e6400000,0x00000000e6e256d0,0x00000000e6f80000)
  to   space 12288K, 0% used [0x00000000e9380000,0x00000000e9380000,0x00000000e9f80000)
 ParOldGen       total 60928K, used 9562K [0x00000000a0000000, 0x00000000a3b80000, 0x00000000e0000000)
  object space 60928K, 15% used [0x00000000a0000000,0x00000000a0956b70,0x00000000a3b80000)
 Metaspace       used 34681K, capacity 35456K, committed 35496K, reserved 1079296K
  class space    used 4771K, capacity 4993K, committed 5032K, reserved 1048576K
}
Event: 5.336 GC heap before
{Heap before GC invocations=11 (full 2):
 PSYoungGen      total 114176K, used 10389K [0x00000000e0000000, 0x00000000e9f80000, 0x0000000100000000)
  eden space 102400K, 0% used [0x00000000e0000000,0x00000000e0000000,0x00000000e6400000)
  from space 11776K, 88% used [0x00000000e6400000,0x00000000e6e256d0,0x00000000e6f80000)
  to   space 12288K, 0% used [0x00000000e9380000,0x00000000e9380000,0x00000000e9f80000)
 ParOldGen       total 60928K, used 9562K [0x00000000a0000000, 0x00000000a3b80000, 0x00000000e0000000)
  object space 60928K, 15% used [0x00000000a0000000,0x00000000a0956b70,0x00000000a3b80000)
 Metaspace       used 34681K, capacity 35456K, committed 35496K, reserved 1079296K
  class space    used 4771K, capacity 4993K, committed 5032K, reserved 1048576K

Deoptimization events (10 events):
Event: 3.816 Thread 0x0000000019f8d000 Uncommon trap: reason=class_check action=maybe_recompile pc=0x00000000032f586c method=sun.misc.URLClassPath.getLoader(I)Lsun/misc/URLClassPath$Loader; @ 239
Event: 3.840 Thread 0x0000000016619000 Uncommon trap: reason=unstable_if action=reinterpret pc=0x00000000031d09bc method=java.lang.ref.Reference.tryHandlePending(Z)Z @ 104
Event: 3.913 Thread 0x0000000019f8d000 Uncommon trap: reason=unstable_if action=reinterpret pc=0x0000000002f6bc4c method=java.io.WinNTFileSystem.resolve(Ljava/lang/String;Ljava/lang/String;)Ljava/lang/String; @ 49
Event: 4.177 Thread 0x0000000019f8d000 Uncommon trap: reason=class_check action=maybe_recompile pc=0x000000000358fae8 method=sun.reflect.generics.reflectiveObjects.TypeVariableImpl.getGenericDeclaration()Ljava/lang/reflect/GenericDeclaration; @ 4
Event: 4.177 Thread 0x0000000019f8d000 Uncommon trap: reason=class_check action=maybe_recompile pc=0x000000000358fae8 method=sun.reflect.generics.reflectiveObjects.TypeVariableImpl.getGenericDeclaration()Ljava/lang/reflect/GenericDeclaration; @ 4
Event: 4.973 Thread 0x00000000185f5000 Uncommon trap: reason=unstable_if action=reinterpret pc=0x00000000032cc428 method=java.util.concurrent.ConcurrentHashMap.putVal(Ljava/lang/Object;Ljava/lang/Object;Z)Ljava/lang/Object; @ 98
Event: 5.010 Thread 0x00000000185f5000 Uncommon trap: reason=unstable_if action=reinterpret pc=0x000000000318a1d4 method=java.util.concurrent.ConcurrentHashMap.addCount(JI)V @ 168
Event: 5.011 Thread 0x00000000185f5000 Uncommon trap: reason=unstable_if action=reinterpret pc=0x000000000364192c method=java.util.concurrent.ConcurrentHashMap.get(Ljava/lang/Object;)Ljava/lang/Object; @ 86
Event: 5.252 Thread 0x0000000019f8d000 Uncommon trap: reason=unstable_if action=reinterpret pc=0x0000000003187df8 method=java.util.WeakHashMap.expungeStaleEntries()V @ 66
Event: 5.305 Thread 0x0000000019f8d000 Uncommon trap: reason=range_check action=make_not_entrant pc=0x000000000361855c method=java.lang.String.charAt(I)C @ 27

Classes redefined (0 events):
No events

Internal exceptions (10 events):
Event: 5.247 Thread 0x0000000019f8d000 Exception <a 'java/security/PrivilegedActionException'> (0x00000000e3b86d78) thrown at [D:\src\AOSP-openjdk-cygwin\jdk8u\hotspot\src\share\vm\prims\jvm.cpp, line 1502]
Event: 5.247 Thread 0x0000000019f8d000 Exception <a 'java/security/PrivilegedActionException'> (0x00000000e3b87910) thrown at [D:\src\AOSP-openjdk-cygwin\jdk8u\hotspot\src\share\vm\prims\jvm.cpp, line 1502]
Event: 5.247 Thread 0x0000000019f8d000 Exception <a 'java/security/PrivilegedActionException'> (0x00000000e3b8a650) thrown at [D:\src\AOSP-openjdk-cygwin\jdk8u\hotspot\src\share\vm\prims\jvm.cpp, line 1502]
Event: 5.247 Thread 0x0000000019f8d000 Exception <a 'java/security/PrivilegedActionException'> (0x00000000e3b8b1e8) thrown at [D:\src\AOSP-openjdk-cygwin\jdk8u\hotspot\src\share\vm\prims\jvm.cpp, line 1502]
Event: 5.247 Thread 0x0000000019f8d000 Exception <a 'java/security/PrivilegedActionException'> (0x00000000e3b8e018) thrown at [D:\src\AOSP-openjdk-cygwin\jdk8u\hotspot\src\share\vm\prims\jvm.cpp, line 1502]
Event: 5.247 Thread 0x0000000019f8d000 Exception <a 'java/security/PrivilegedActionException'> (0x00000000e3b8ebb0) thrown at [D:\src\AOSP-openjdk-cygwin\jdk8u\hotspot\src\share\vm\prims\jvm.cpp, line 1502]
Event: 5.250 Thread 0x0000000019f8d000 Exception <a 'java/lang/ClassNotFoundException': org/gradle/api/internal/project/DefaultProject_DecoratedBeanInfo> (0x00000000e3ba4f30) thrown at [D:\src\AOSP-openjdk-cygwin\jdk8u\hotspot\src\share\vm\classfile\systemDictionary.cpp, line 210]
Event: 5.251 Thread 0x0000000019f8d000 Exception <a 'java/lang/ClassNotFoundException': org/gradle/api/internal/project/DefaultProjectBeanInfo> (0x00000000e3bdbac8) thrown at [D:\src\AOSP-openjdk-cygwin\jdk8u\hotspot\src\share\vm\classfile\systemDictionary.cpp, line 210]
Event: 5.252 Thread 0x0000000019f8d000 Exception <a 'java/lang/ClassNotFoundException': org/gradle/api/internal/project/DefaultProjectCustomizer> (0x00000000e3c14078) thrown at [D:\src\AOSP-openjdk-cygwin\jdk8u\hotspot\src\share\vm\classfile\systemDictionary.cpp, line 210]
Event: 5.257 Thread 0x0000000019f8d000 Exception <a 'java/lang/ClassNotFoundException': org/gradle/api/internal/project/DefaultProject_DecoratedCustomizer> (0x00000000e3d203b0) thrown at [D:\src\AOSP-openjdk-cygwin\jdk8u\hotspot\src\share\vm\classfile\systemDictionary.cpp, line 210]

Events (10 events):
Event: 5.313 loading class org/gradle/api/tasks/TaskPropertyBuilder done
Event: 5.313 loading class org/gradle/api/internal/FilePropertyContainer
Event: 5.313 loading class org/gradle/api/internal/FilePropertyContainer done
Event: 5.314 loading class org/gradle/api/internal/tasks/DefaultTaskInputs$TaskInputUnionFileCollection
Event: 5.314 loading class org/gradle/api/internal/tasks/DefaultTaskInputs$TaskInputUnionFileCollection done
Event: 5.314 loading class org/gradle/api/internal/file/collections/FileCollectionResolveContext
Event: 5.314 loading class org/gradle/api/internal/file/collections/FileCollectionResolveContext done
Event: 5.315 loading class org/gradle/api/internal/tasks/TaskInputsDeprecationSupport
Event: 5.315 loading class org/gradle/api/internal/tasks/TaskInputsDeprecationSupport done
Event: 5.315 Executing VM operation: CollectForMetadataAllocation


Dynamic libraries:
0x00007ff6c4bb0000 - 0x00007ff6c4be1000 	C:\Program Files\Android\Android Studio\jre\bin\java.exe
0x00007ff886f30000 - 0x00007ff887126000 	C:\WINDOWS\SYSTEM32\ntdll.dll
0x00007ff8868c0000 - 0x00007ff88697d000 	C:\WINDOWS\System32\KERNEL32.DLL
0x00007ff8848e0000 - 0x00007ff884ba8000 	C:\WINDOWS\System32\KERNELBASE.dll
0x00007ff886e40000 - 0x00007ff886eea000 	C:\WINDOWS\System32\ADVAPI32.dll
0x00007ff886be0000 - 0x00007ff886c7e000 	C:\WINDOWS\System32\msvcrt.dll
0x00007ff8863b0000 - 0x00007ff88644b000 	C:\WINDOWS\System32\sechost.dll
0x00007ff886a30000 - 0x00007ff886b54000 	C:\WINDOWS\System32\RPCRT4.dll
0x00007ff885c70000 - 0x00007ff885e10000 	C:\WINDOWS\System32\USER32.dll
0x00007ff884ec0000 - 0x00007ff884ee2000 	C:\WINDOWS\System32\win32u.dll
0x00007ff886e10000 - 0x00007ff886e3a000 	C:\WINDOWS\System32\GDI32.dll
0x00007ff884d60000 - 0x00007ff884e69000 	C:\WINDOWS\System32\gdi32full.dll
0x00007ff884cc0000 - 0x00007ff884d5d000 	C:\WINDOWS\System32\msvcp_win.dll
0x00007ff884680000 - 0x00007ff884780000 	C:\WINDOWS\System32\ucrtbase.dll
0x00007ff871b40000 - 0x00007ff871ddb000 	C:\WINDOWS\WinSxS\amd64_microsoft.windows.common-controls_6595b64144ccf1df_6.0.19041.488_none_ca04af081b815d21\COMCTL32.dll
0x00007ff886750000 - 0x00007ff886780000 	C:\WINDOWS\System32\IMM32.DLL
0x0000000059b00000 - 0x0000000059bd2000 	C:\Program Files\Android\Android Studio\jre\jre\bin\msvcr100.dll
0x000000005d7c0000 - 0x000000005e006000 	C:\Program Files\Android\Android Studio\jre\jre\bin\server\jvm.dll
0x00007ff886c80000 - 0x00007ff886c88000 	C:\WINDOWS\System32\PSAPI.DLL
0x00007ff86edc0000 - 0x00007ff86edc9000 	C:\WINDOWS\SYSTEM32\WSOCK32.dll
0x00007ff874a90000 - 0x00007ff874ab7000 	C:\WINDOWS\SYSTEM32\WINMM.dll
0x00007ff8866e0000 - 0x00007ff88674b000 	C:\WINDOWS\System32\WS2_32.dll
0x00007ff877550000 - 0x00007ff87755a000 	C:\WINDOWS\SYSTEM32\VERSION.dll
0x00007ff881280000 - 0x00007ff88128f000 	C:\Program Files\Android\Android Studio\jre\jre\bin\verify.dll
0x00007ff87c3f0000 - 0x00007ff87c419000 	C:\Program Files\Android\Android Studio\jre\jre\bin\java.dll
0x00007ff87a710000 - 0x00007ff87a726000 	C:\Program Files\Android\Android Studio\jre\jre\bin\zip.dll
0x00007ff884fa0000 - 0x00007ff8856e0000 	C:\WINDOWS\System32\SHELL32.dll
0x00007ff882400000 - 0x00007ff882b94000 	C:\WINDOWS\SYSTEM32\windows.storage.dll
0x00007ff885ea0000 - 0x00007ff8861f5000 	C:\WINDOWS\System32\combase.dll
0x00007ff8840f0000 - 0x00007ff88411c000 	C:\WINDOWS\SYSTEM32\Wldp.dll
0x00007ff886d60000 - 0x00007ff886e0e000 	C:\WINDOWS\System32\SHCORE.dll
0x00007ff886450000 - 0x00007ff8864a5000 	C:\WINDOWS\System32\shlwapi.dll
0x00007ff8845b0000 - 0x00007ff8845d6000 	C:\WINDOWS\SYSTEM32\profapi.dll
0x00007ff874bf0000 - 0x00007ff874c0a000 	C:\Program Files\Android\Android Studio\jre\jre\bin\net.dll
0x00007ff86f140000 - 0x00007ff86f32d000 	C:\WINDOWS\SYSTEM32\urlmon.dll
0x00007ff86ee90000 - 0x00007ff86f140000 	C:\WINDOWS\SYSTEM32\iertutil.dll
0x00007ff883e70000 - 0x00007ff883eda000 	C:\WINDOWS\system32\mswsock.dll
0x00007ff871030000 - 0x00007ff871043000 	C:\Program Files\Android\Android Studio\jre\jre\bin\nio.dll
0x00007ff86d420000 - 0x00007ff86d446000 	C:\Users\Sajithan\.gradle\native\30\windows-amd64\native-platform.dll
0x00007ff881270000 - 0x00007ff88127d000 	C:\Program Files\Android\Android Studio\jre\jre\bin\management.dll
0x00007ff884040000 - 0x00007ff884058000 	C:\WINDOWS\SYSTEM32\CRYPTSP.dll
0x00007ff883790000 - 0x00007ff8837c4000 	C:\WINDOWS\system32\rsaenh.dll
0x00007ff884f70000 - 0x00007ff884f97000 	C:\WINDOWS\System32\bcrypt.dll
0x00007ff884530000 - 0x00007ff88455e000 	C:\WINDOWS\SYSTEM32\USERENV.dll
0x00007ff884ef0000 - 0x00007ff884f6f000 	C:\WINDOWS\System32\bcryptprimitives.dll
0x00007ff884060000 - 0x00007ff88406c000 	C:\WINDOWS\SYSTEM32\CRYPTBASE.dll
0x00007ff883b10000 - 0x00007ff883b4b000 	C:\WINDOWS\SYSTEM32\IPHLPAPI.DLL
0x00007ff8864b0000 - 0x00007ff8864b9000 	C:\WINDOWS\System32\NSI.dll
0x00007ff8766e0000 - 0x00007ff8766f7000 	C:\WINDOWS\SYSTEM32\dhcpcsvc6.DLL
0x00007ff876c60000 - 0x00007ff876c7d000 	C:\WINDOWS\SYSTEM32\dhcpcsvc.DLL
0x00007ff883b60000 - 0x00007ff883c2b000 	C:\WINDOWS\SYSTEM32\DNSAPI.dll

VM Arguments:
jvm_args: -Xmx1536m -Dfile.encoding=windows-1252 -Duser.country=GB -Duser.language=en -Duser.variant 
java_command: org.gradle.launcher.daemon.bootstrap.GradleDaemon 5.6.4
java_class_path (initial): C:\Users\Sajithan\.gradle\wrapper\dists\gradle-5.6.4-all\ankdp27end7byghfw1q2sw75f\gradle-5.6.4\lib\gradle-launcher-5.6.4.jar
Launcher Type: SUN_STANDARD

Environment Variables:
JAVA_HOME=C:\Program Files\Java\jdk-12.0.1
PATH=C:\Python39\Scripts\;C:\Python39\;C:\Python27\;C:\Python27\Scripts;C:\ProgramData\Anaconda3;C:\ProgramData\Anaconda3\Library\mingw-w64\bin;C:\ProgramData\Anaconda3\Library\usr\bin;C:\ProgramData\Anaconda3\Library\bin;C:\ProgramData\Anaconda3\Scripts;C:\wamp64\bin\php\php7.4.0;C:\Program Files (x86)\Common Files\Oracle\Java\javapath;C:\Windows\system32;C:\Windows;C:\Windows\System32\Wbem;C:\Windows\System32\WindowsPowerShell\v1.0\;C:\Windows\System32\OpenSSH\;C:\Program Files (x86)\NVIDIA Corporation\PhysX\Common;c:\Users\Sajithan\AppData\Local\Android\Sdk\platform-tools;C:\Program Files\Java\jdk1.8.0_212\bin;C:\Program Files\Java\jdk-12.0.1\bin;C:\Program Files\NVIDIA Corporation\NVIDIA NvDLISR;C:\WINDOWS\system32;C:\WINDOWS;C:\WINDOWS\System32\Wbem;C:\WINDOWS\System32\WindowsPowerShell\v1.0\;C:\WINDOWS\System32\OpenSSH\;c:\Users\YOUR_USERNAME\AppData\Local\Android\Sdk\platform-tools;C:\Program Files\nodejs\;C:\ProgramData\chocolatey\bin;C:\composer;C:\Program Files\Git\cmd;C:\Program Files\Dart\dart-sdk\bin;C:\Gradle\gradle-6.3\bin;C:\Program Files\dotnet\;C:\Program Files (x86)\dotnet\;C:\Users\Sajithan\AppData\Local\Microsoft\WindowsApps;C:\Users\Sajithan\AppData\Local\Programs\Microsoft VS Code\bin;c:\Users\Sajithan\AppData\Local\Android\Sdk\platform-tools;C:\Users\Sajithan\AppData\Local\GitHubDesktop\bin;c:\Users\YOUR_USERNAME\AppData\Local\Android\Sdk\platform-tools;C:\Users\Sajithan\AppData\Roaming\npm;C:\Users\Sajithan\AppData\Roaming\Composer\vendor\bin;C:\flutter\bin;C:\Program Files\JetBrains\PyCharm Community Edition 2020.1\bin;C:\Users\Sajithan\.deno\bin;C:\Users\Sajithan\AppData\Local\Microsoft\WindowsApps;C:\Users\Sajithan\.dotnet\tools;C:\tools\dart-sdk\bin;C:\Users\Sajithan\AppData\Roaming\Pub\Cache\bin;C:\Users\Sajithan\AppData\Local\atom\bin
USERNAME=Sajithan
OS=Windows_NT
PROCESSOR_IDENTIFIER=Intel64 Family 6 Model 142 Stepping 9, GenuineIntel



---------------  S Y S T E M  ---------------

OS: Windows 10.0 , 64 bit Build 19041 (10.0.19041.546)

CPU:total 4 (initial active 4) (2 cores per cpu, 2 threads per core) family 6 model 142 stepping 9, cmov, cx8, fxsr, mmx, sse, sse2, sse3, ssse3, sse4.1, sse4.2, popcnt, avx, avx2, aes, clmul, erms, 3dnowpref, lzcnt, ht, tsc, tscinvbit, bmi1, bmi2, adx

Memory: 4k page, physical 8266284k(1108720k free), swap 8266284k(5488k free)

vm_info: OpenJDK 64-Bit Server VM (25.212-b04) for windows-amd64 JRE (1.8.0_212-release-1586-b04), built by "builder" with MS VC++ 10.0 (VS2010)

time: Sat Nov 07 11:45:06 2020
timezone: Sri Lanka Standard Time
elapsed time: 5 seconds (0d 0h 0m 5s)

